2025-08-13 11:52:20,564 - MOTHistoryImport - INFO - Logging initialized. Log file: Logs\mot_history_import_20250813_115220.log
2025-08-13 11:52:20,564 - MOTHistoryImport - INFO - Configuration loaded: {'database': {'server': 'MLNOESQLUAT01', 'database': 'Engineering', 'trusted_connection': True}, 'files': {'log_directory': 'Logs'}, 'processing': {'batch_size': 100, 'request_timeout': 30, 'max_retries': 3}, 'logging': {'log_level': 'DEBUG'}, 'security': {'client_id_from_env': True, 'client_secret_from_env': True, 'api_key_from_env': True, 'db_password_from_env': False}}
2025-08-13 11:52:20,611 - MOTHistoryImport - INFO - JSON data logging initialized. File: Logs\mot_history_data_20250813_115220.json
2025-08-13 11:52:20,614 - MOTHistoryImport - INFO - Using config rate limit: 15 RPS
2025-08-13 11:52:20,616 - MOTHistoryImport - INFO - Starting Database connection to MLNOESQLUAT01.Engineering with 15-minute retry window
2025-08-13 11:52:20,619 - MOTHistoryImport - INFO - Establishing database connection...
2025-08-13 11:52:20,740 - MOTHistoryImport - INFO - Database connection established successfully
2025-08-13 11:52:20,748 - MOTHistoryImport - DEBUG - Retrieved APIId 2 for service 'GOV MOT History Service'
2025-08-13 11:52:20,748 - MOTHistoryImport - DEBUG - Retrieved rate limit 1 seconds for APIId 2
2025-08-13 11:52:20,748 - MOTHistoryImport - INFO - Updated rate limit from 15.000 to 1.000 RPS (1s interval)
2025-08-13 11:52:20,765 - MOTHistoryImport - INFO - API logging initialized - APIId: 2, Rate Limit: 1s
2025-08-13 11:52:20,767 - MOTHistoryImport - DEBUG - API logging enabled for MOTAPIClient with APIId: 2
2025-08-13 11:52:20,770 - MOTHistoryImport - INFO - Starting MOT History Data Import (Bulk Mode)
2025-08-13 11:52:20,773 - MOTHistoryImport - INFO - Starting Database connection to MLNOESQLUAT01.Engineering with 15-minute retry window
2025-08-13 11:52:20,779 - MOTHistoryImport - INFO - Establishing database connection...
2025-08-13 11:52:20,847 - MOTHistoryImport - INFO - Database connection established successfully
2025-08-13 11:52:20,847 - MOTHistoryImport - INFO - Truncating table: StageMOTVehicles
2025-08-13 11:52:20,869 - MOTHistoryImport - INFO - Successfully truncated table: StageMOTVehicles
2025-08-13 11:52:20,869 - MOTHistoryImport - INFO - Truncating table: StageMOTTests
2025-08-13 11:52:20,881 - MOTHistoryImport - INFO - Successfully truncated table: StageMOTTests
2025-08-13 11:52:20,881 - MOTHistoryImport - INFO - Truncating table: StageMOTDefects
2025-08-13 11:52:20,903 - MOTHistoryImport - INFO - Successfully truncated table: StageMOTDefects
2025-08-13 11:52:20,907 - MOTHistoryImport - INFO - Truncating table: StageMOTVehiclesNotFound
2025-08-13 11:52:20,919 - MOTHistoryImport - INFO - Successfully truncated table: StageMOTVehiclesNotFound
2025-08-13 11:52:20,921 - MOTHistoryImport - INFO - Reading vehicle registrations from source database: MLNOESQLEXP01
2025-08-13 11:52:20,923 - MOTHistoryImport - INFO - Starting Source database connection to MLNOESQLEXP01.ML-Equinox with 15-minute retry window
2025-08-13 11:52:20,927 - MOTHistoryImport - INFO - Establishing source database connection to MLNOESQLEXP01
2025-08-13 11:52:21,064 - MOTHistoryImport - INFO - Read 6 vehicle registrations from source database (MLNOESQLEXP01)
2025-08-13 11:52:21,064 - MOTHistoryImport - INFO - Added 3 test registrations: YX111FH, SK111KZ, SK111PP
2025-08-13 11:52:21,083 - MOTHistoryImport - INFO - Processing batch 1/1 (6 registrations)
2025-08-13 11:52:21,087 - MOTHistoryImport - INFO - Requesting new OAuth2 token...
2025-08-13 11:52:21,105 - urllib3.connectionpool - DEBUG - Starting new HTTPS connection (1): login.microsoftonline.com:443
2025-08-13 11:52:21,263 - urllib3.connectionpool - DEBUG - https://login.microsoftonline.com:443 "POST /a455b827-244f-4c97-b5b4-ce5d13b4d00c/oauth2/v2.0/token HTTP/1.1" 200 1456
2025-08-13 11:52:21,268 - MOTHistoryImport - INFO - OAuth2 token obtained successfully
2025-08-13 11:52:21,272 - urllib3.connectionpool - DEBUG - Starting new HTTPS connection (1): history.mot.api.gov.uk:443
2025-08-13 11:52:22,030 - urllib3.connectionpool - DEBUG - https://history.mot.api.gov.uk:443 "GET /v1/trade/vehicles/registration/SK74BKZ HTTP/1.1" 200 None
2025-08-13 11:52:22,621 - urllib3.connectionpool - DEBUG - https://history.mot.api.gov.uk:443 "GET /v1/trade/vehicles/registration/BD74WGX HTTP/1.1" 200 None
2025-08-13 11:52:23,659 - urllib3.connectionpool - DEBUG - https://history.mot.api.gov.uk:443 "GET /v1/trade/vehicles/registration/YX74OEZ HTTP/1.1" 200 None
2025-08-13 11:52:23,987 - urllib3.connectionpool - DEBUG - https://history.mot.api.gov.uk:443 "GET /v1/trade/vehicles/registration/YX111FH HTTP/1.1" 404 None
2025-08-13 11:52:23,990 - MOTHistoryImport - WARNING - Registration not found in MOT API: YX111FH
2025-08-13 11:52:24,442 - urllib3.connectionpool - DEBUG - https://history.mot.api.gov.uk:443 "GET /v1/trade/vehicles/registration/SK111KZ HTTP/1.1" 404 None
2025-08-13 11:52:24,444 - MOTHistoryImport - WARNING - Registration not found in MOT API: SK111KZ
2025-08-13 11:52:24,765 - urllib3.connectionpool - DEBUG - https://history.mot.api.gov.uk:443 "GET /v1/trade/vehicles/registration/SK111PP HTTP/1.1" 404 None
2025-08-13 11:52:24,765 - MOTHistoryImport - WARNING - Registration not found in MOT API: SK111PP
2025-08-13 11:52:24,897 - MOTHistoryImport - INFO - Bulk inserting 3 vehicle records...
2025-08-13 11:52:24,921 - MOTHistoryImport - INFO - Successfully bulk inserted 3 vehicle records
2025-08-13 11:52:24,924 - MOTHistoryImport - INFO - Bulk inserting 1 test records...
2025-08-13 11:52:24,962 - MOTHistoryImport - INFO - Successfully exported 1 records to CSV_Exports\StageMOTTests_20250813_115224.csv
2025-08-13 11:52:24,970 - MOTHistoryImport - INFO - Successfully processed 1 test records (0 duplicates skipped)
2025-08-13 11:52:24,972 - MOTHistoryImport - INFO - Bulk inserting 3 not found registrations...
2025-08-13 11:52:24,980 - MOTHistoryImport - INFO - Successfully bulk inserted 3 not found registrations
2025-08-13 11:52:24,998 - MOTHistoryImport - INFO - Bulk batch committed: 3 successful, 3 failed, 3 vehicles, 1 tests, 0 defects, 3 not found
2025-08-13 11:52:24,999 - MOTHistoryImport - INFO - Progress: 100.0% (6/6)
2025-08-13 11:52:24,999 - MOTHistoryImport - INFO - Running merge procedures after all batches...
2025-08-13 11:52:24,999 - MOTHistoryImport - INFO - Running spFactMOTVehicles_Merge...
2025-08-13 11:52:25,015 - MOTHistoryImport - INFO - spFactMOTVehicles_Merge completed successfully
2025-08-13 11:52:25,015 - MOTHistoryImport - INFO - Running spFactMOTTests_Merge...
2025-08-13 11:52:25,015 - MOTHistoryImport - INFO - spFactMOTTests_Merge completed successfully
2025-08-13 11:52:25,015 - MOTHistoryImport - INFO - Running spFactMOTDefects_Merge...
2025-08-13 11:52:25,032 - MOTHistoryImport - INFO - spFactMOTDefects_Merge completed successfully
2025-08-13 11:52:25,032 - MOTHistoryImport - INFO - All merge stored procedures completed successfully
2025-08-13 11:52:25,032 - MOTHistoryImport - INFO - ==================================================
2025-08-13 11:52:25,047 - MOTHistoryImport - INFO - MOT HISTORY DATA IMPORT COMPLETED
2025-08-13 11:52:25,055 - MOTHistoryImport - INFO - ==================================================
2025-08-13 11:52:25,057 - MOTHistoryImport - INFO - Total registrations processed: 6
2025-08-13 11:52:25,060 - MOTHistoryImport - INFO - Successful imports: 3
2025-08-13 11:52:25,076 - MOTHistoryImport - INFO - Failed imports: 3
2025-08-13 11:52:25,083 - MOTHistoryImport - INFO - Registrations not found: 3
2025-08-13 11:52:25,086 - MOTHistoryImport - INFO - Vehicles inserted: 3
2025-08-13 11:52:25,088 - MOTHistoryImport - INFO - Tests inserted: 1
2025-08-13 11:52:25,090 - MOTHistoryImport - INFO - Defects inserted: 0
2025-08-13 11:52:25,093 - MOTHistoryImport - INFO - Total duration: 0:00:04.262054
2025-08-13 11:52:25,096 - MOTHistoryImport - INFO - Average time per registration: 0:00:00.710342
2025-08-13 11:52:25,099 - MOTHistoryImport - INFO - ========================= API RATE STATS =========================
2025-08-13 11:52:25,101 - MOTHistoryImport - INFO - Total API requests: 3
2025-08-13 11:52:25,104 - MOTHistoryImport - INFO - Final RPS (60-sec window): 1.86
2025-08-13 11:52:25,107 - MOTHistoryImport - INFO - Average RPS (overall): 0.76
2025-08-13 11:52:25,110 - MOTHistoryImport - INFO - Configured rate delay: 0.0s
2025-08-13 11:52:25,112 - MOTHistoryImport - INFO - API request duration: 3.9s
2025-08-13 11:52:25,112 - MOTHistoryImport - INFO - ==================================================
2025-08-13 11:52:25,292 - MOTHistoryImport - INFO - Email sent successfully to cdunbar@metroline.co.uk
2025-08-13 11:52:25,298 - MOTHistoryImport - INFO - Success notification email sent
2025-08-13 11:52:25,304 - MOTHistoryImport - INFO - Database connection closed
