2025-08-06 12:21:59,041 - MOTHistoryImport - INFO - Logging initialized. Log file: Logs\mot_history_import_20250806_122159.log
2025-08-06 12:21:59,041 - MOTHistoryImport - INFO - Configuration loaded: {'database': {'server': 'MLNOESQLUAT01', 'database': 'Engineering', 'trusted_connection': True}, 'files': {'input_csv_file': 'vehicle_registrations_new.csv', 'log_directory': 'Logs'}, 'processing': {'batch_size': 100, 'request_timeout': 30, 'max_retries': 3}, 'logging': {'log_level': 'INFO'}}
2025-08-06 12:21:59,089 - MOTHistoryImport - INFO - JSON data logging initialized. File: Logs\mot_history_data_20250806_122159.json
2025-08-06 12:21:59,093 - MOTHistoryImport - INFO - Starting MOT History Data Import (Bulk Mode)
2025-08-06 12:21:59,093 - MOTHistoryImport - INFO - Establishing database connection...
2025-08-06 12:21:59,394 - MOTHistoryImport - INFO - Database connection established successfully
2025-08-06 12:21:59,394 - MOTHistoryImport - INFO - Truncating table: StageMOTVehicles
2025-08-06 12:21:59,407 - MOTHistoryImport - INFO - Successfully truncated table: StageMOTVehicles
2025-08-06 12:21:59,423 - MOTHistoryImport - INFO - Truncating table: StageMOTTests
2025-08-06 12:21:59,439 - MOTHistoryImport - INFO - Successfully truncated table: StageMOTTests
2025-08-06 12:21:59,455 - MOTHistoryImport - INFO - Truncating table: StageMOTDefects
2025-08-06 12:21:59,472 - MOTHistoryImport - INFO - Successfully truncated table: StageMOTDefects
2025-08-06 12:21:59,472 - MOTHistoryImport - INFO - Truncating table: StageMOTVehiclesNotFound
2025-08-06 12:21:59,492 - MOTHistoryImport - INFO - Successfully truncated table: StageMOTVehiclesNotFound
2025-08-06 12:21:59,494 - MOTHistoryImport - INFO - Reading vehicle registrations from SQL Server view
2025-08-06 12:21:59,494 - MOTHistoryImport - INFO - Establishing database connection...
2025-08-06 12:21:59,566 - MOTHistoryImport - INFO - Database connection established successfully
2025-08-06 12:21:59,726 - MOTHistoryImport - INFO - Read 2285 vehicle registrations from SQL Server
2025-08-06 12:21:59,742 - MOTHistoryImport - INFO - Processing batch 1/23 (100 registrations)
2025-08-06 12:21:59,742 - MOTHistoryImport - INFO - Requesting new OAuth2 token...
2025-08-06 12:21:59,918 - MOTHistoryImport - INFO - OAuth2 token obtained successfully
2025-08-06 12:22:09,778 - MOTHistoryImport - INFO - API Rate - Legacy: 1.14 RPS, Dynamic: 0 RPS (Daily: 10/500000)
2025-08-06 12:22:20,510 - MOTHistoryImport - INFO - API Rate - Legacy: 1.03 RPS, Dynamic: 0 RPS (Daily: 20/500000)
2025-08-06 12:22:32,081 - MOTHistoryImport - INFO - API Rate - Legacy: 0.97 RPS, Dynamic: 0 RPS (Daily: 30/500000)
2025-08-06 12:22:41,829 - MOTHistoryImport - INFO - API Rate - Legacy: 0.98 RPS, Dynamic: 0 RPS (Daily: 40/500000)
2025-08-06 12:22:50,948 - MOTHistoryImport - INFO - API Rate - Legacy: 1.00 RPS, Dynamic: 0 RPS (Daily: 50/500000)
2025-08-06 12:23:04,005 - MOTHistoryImport - INFO - API Rate - Legacy: 0.94 RPS, Dynamic: 0 RPS (Daily: 60/500000)
2025-08-06 12:23:16,459 - MOTHistoryImport - INFO - API Rate - Legacy: 0.88 RPS, Dynamic: 0 RPS (Daily: 70/500000)
2025-08-06 12:23:28,959 - MOTHistoryImport - INFO - API Rate - Legacy: 0.87 RPS, Dynamic: 0 RPS (Daily: 80/500000)
2025-08-06 12:23:39,013 - MOTHistoryImport - INFO - API Rate - Legacy: 0.90 RPS, Dynamic: 0 RPS (Daily: 90/500000)
2025-08-06 12:23:51,631 - MOTHistoryImport - INFO - API Rate - Legacy: 0.84 RPS, Dynamic: 0 RPS (Daily: 100/500000)
2025-08-06 12:23:52,073 - MOTHistoryImport - INFO - Bulk inserting 100 vehicle records...
2025-08-06 12:23:52,867 - MOTHistoryImport - INFO - Successfully bulk inserted 100 vehicle records
2025-08-06 12:23:52,870 - MOTHistoryImport - INFO - Bulk inserting 716 test records...
2025-08-06 12:23:57,278 - MOTHistoryImport - INFO - Successfully bulk inserted 716 test records
2025-08-06 12:23:57,278 - MOTHistoryImport - INFO - Bulk inserting 146 defect records...
2025-08-06 12:23:58,446 - MOTHistoryImport - INFO - Successfully bulk inserted 146 defect records
2025-08-06 12:23:58,454 - MOTHistoryImport - INFO - Bulk batch committed: 100 successful, 0 failed, 100 vehicles, 716 tests, 146 defects, 0 not found
2025-08-06 12:23:58,457 - MOTHistoryImport - INFO - Progress: 4.4% (100/2285)
2025-08-06 12:23:58,463 - MOTHistoryImport - INFO - Processing batch 2/23 (100 registrations)
2025-08-06 12:24:10,485 - MOTHistoryImport - INFO - API Rate - Legacy: 0.78 RPS, Dynamic: 0 RPS (Daily: 110/500000)
2025-08-06 12:24:22,939 - MOTHistoryImport - INFO - API Rate - Legacy: 0.77 RPS, Dynamic: 0 RPS (Daily: 120/500000)
2025-08-06 12:24:36,049 - MOTHistoryImport - INFO - API Rate - Legacy: 0.74 RPS, Dynamic: 0 RPS (Daily: 130/500000)
2025-08-06 12:24:49,996 - MOTHistoryImport - INFO - API Rate - Legacy: 0.70 RPS, Dynamic: 0 RPS (Daily: 140/500000)
2025-08-06 12:25:02,762 - MOTHistoryImport - INFO - API Rate - Legacy: 0.79 RPS, Dynamic: 0 RPS (Daily: 150/500000)
2025-08-06 12:25:16,548 - MOTHistoryImport - INFO - API Rate - Legacy: 0.76 RPS, Dynamic: 0 RPS (Daily: 160/500000)
2025-08-06 12:25:31,035 - MOTHistoryImport - INFO - API Rate - Legacy: 0.75 RPS, Dynamic: 0 RPS (Daily: 170/500000)
2025-08-06 12:25:44,627 - MOTHistoryImport - INFO - API Rate - Legacy: 0.75 RPS, Dynamic: 0 RPS (Daily: 180/500000)
2025-08-06 12:25:58,673 - MOTHistoryImport - INFO - API Rate - Legacy: 0.74 RPS, Dynamic: 0 RPS (Daily: 190/500000)
2025-08-06 12:26:12,973 - MOTHistoryImport - INFO - API Rate - Legacy: 0.73 RPS, Dynamic: 0 RPS (Daily: 200/500000)
2025-08-06 12:26:13,622 - MOTHistoryImport - INFO - Bulk inserting 100 vehicle records...
2025-08-06 12:26:13,638 - MOTHistoryImport - WARNING - Truncating long value for key 'fuelType': Hybrid Electric (Clean)... (length: 23 -> 20)
2025-08-06 12:26:13,640 - MOTHistoryImport - WARNING - Truncating long value for key 'fuelType': Hybrid Electric (Clean)... (length: 23 -> 20)
2025-08-06 12:26:14,339 - MOTHistoryImport - INFO - Successfully bulk inserted 100 vehicle records
2025-08-06 12:26:14,339 - MOTHistoryImport - INFO - Bulk inserting 788 test records...
2025-08-06 12:26:19,921 - MOTHistoryImport - INFO - Successfully bulk inserted 788 test records
2025-08-06 12:26:19,921 - MOTHistoryImport - INFO - Bulk inserting 933 defect records...
2025-08-06 12:26:27,753 - MOTHistoryImport - INFO - Successfully bulk inserted 933 defect records
2025-08-06 12:26:27,771 - MOTHistoryImport - INFO - Bulk batch committed: 100 successful, 0 failed, 100 vehicles, 788 tests, 933 defects, 0 not found
2025-08-06 12:26:27,771 - MOTHistoryImport - INFO - Progress: 8.8% (200/2285)
2025-08-06 12:26:27,771 - MOTHistoryImport - INFO - Processing batch 3/23 (100 registrations)
2025-08-06 12:26:42,659 - MOTHistoryImport - INFO - API Rate - Legacy: 0.54 RPS, Dynamic: 0 RPS (Daily: 210/500000)
2025-08-06 12:26:57,646 - MOTHistoryImport - INFO - API Rate - Legacy: 0.53 RPS, Dynamic: 0 RPS (Daily: 220/500000)
2025-08-06 12:27:16,221 - MOTHistoryImport - INFO - API Rate - Legacy: 0.63 RPS, Dynamic: 0 RPS (Daily: 230/500000)
2025-08-06 12:27:31,261 - MOTHistoryImport - INFO - API Rate - Legacy: 0.64 RPS, Dynamic: 0 RPS (Daily: 240/500000)
2025-08-06 12:27:47,158 - MOTHistoryImport - INFO - API Rate - Legacy: 0.63 RPS, Dynamic: 0 RPS (Daily: 250/500000)
2025-08-06 12:28:08,098 - MOTHistoryImport - INFO - API Rate - Legacy: 0.59 RPS, Dynamic: 0 RPS (Daily: 260/500000)
2025-08-06 12:28:25,719 - MOTHistoryImport - INFO - API Rate - Legacy: 0.57 RPS, Dynamic: 0 RPS (Daily: 270/500000)
2025-08-06 12:28:43,835 - MOTHistoryImport - INFO - API Rate - Legacy: 0.55 RPS, Dynamic: 0 RPS (Daily: 280/500000)
2025-08-06 12:29:04,378 - MOTHistoryImport - INFO - API Rate - Legacy: 0.54 RPS, Dynamic: 0 RPS (Daily: 290/500000)
2025-08-06 12:29:24,187 - MOTHistoryImport - INFO - API Rate - Legacy: 0.53 RPS, Dynamic: 0 RPS (Daily: 300/500000)
2025-08-06 12:29:25,575 - MOTHistoryImport - INFO - Bulk inserting 100 vehicle records...
2025-08-06 12:29:26,358 - MOTHistoryImport - INFO - Successfully bulk inserted 100 vehicle records
2025-08-06 12:29:26,358 - MOTHistoryImport - INFO - Bulk inserting 761 test records...
2025-08-06 12:29:32,252 - MOTHistoryImport - INFO - Successfully bulk inserted 761 test records
2025-08-06 12:29:32,252 - MOTHistoryImport - INFO - Bulk inserting 121 defect records...
2025-08-06 12:29:33,217 - MOTHistoryImport - INFO - Successfully bulk inserted 121 defect records
2025-08-06 12:29:33,225 - MOTHistoryImport - INFO - Bulk batch committed: 100 successful, 0 failed, 100 vehicles, 761 tests, 121 defects, 0 not found
2025-08-06 12:29:33,229 - MOTHistoryImport - INFO - Progress: 13.1% (300/2285)
2025-08-06 12:29:33,232 - MOTHistoryImport - INFO - Processing batch 4/23 (100 registrations)
2025-08-06 12:29:51,877 - MOTHistoryImport - INFO - API Rate - Legacy: 0.46 RPS, Dynamic: 0 RPS (Daily: 310/500000)
2025-08-06 12:30:12,632 - MOTHistoryImport - INFO - API Rate - Legacy: 0.44 RPS, Dynamic: 0 RPS (Daily: 320/500000)
2025-08-06 12:30:35,286 - MOTHistoryImport - INFO - API Rate - Legacy: 0.49 RPS, Dynamic: 0 RPS (Daily: 330/500000)
2025-08-06 12:31:03,376 - MOTHistoryImport - INFO - API Rate - Legacy: 0.43 RPS, Dynamic: 0 RPS (Daily: 340/500000)
2025-08-06 12:31:58,254 - MOTHistoryImport - INFO - API Rate - Legacy: 0.21 RPS, Dynamic: 0 RPS (Daily: 350/500000)
2025-08-06 12:32:38,200 - MOTHistoryImport - INFO - API Rate - Legacy: 0.25 RPS, Dynamic: 0 RPS (Daily: 360/500000)
2025-08-06 12:33:17,398 - MOTHistoryImport - INFO - API Rate - Legacy: 0.27 RPS, Dynamic: 0 RPS (Daily: 370/500000)
2025-08-06 12:33:49,332 - MOTHistoryImport - INFO - API Rate - Legacy: 0.30 RPS, Dynamic: 0 RPS (Daily: 380/500000)
2025-08-06 12:34:17,536 - MOTHistoryImport - INFO - API Rate - Legacy: 0.36 RPS, Dynamic: 0 RPS (Daily: 390/500000)
2025-08-06 12:34:48,014 - MOTHistoryImport - INFO - API Rate - Legacy: 0.36 RPS, Dynamic: 0 RPS (Daily: 400/500000)
2025-08-06 12:34:49,188 - MOTHistoryImport - INFO - Bulk inserting 100 vehicle records...
2025-08-06 12:34:49,812 - MOTHistoryImport - INFO - Successfully bulk inserted 100 vehicle records
2025-08-06 12:34:49,812 - MOTHistoryImport - INFO - Bulk inserting 768 test records...
2025-08-06 12:34:55,343 - MOTHistoryImport - INFO - Successfully bulk inserted 768 test records
2025-08-06 12:34:55,346 - MOTHistoryImport - INFO - Bulk inserting 120 defect records...
2025-08-06 12:34:56,578 - MOTHistoryImport - INFO - Successfully bulk inserted 120 defect records
2025-08-06 12:34:56,584 - MOTHistoryImport - INFO - Bulk batch committed: 100 successful, 0 failed, 100 vehicles, 768 tests, 120 defects, 0 not found
2025-08-06 12:34:56,584 - MOTHistoryImport - INFO - Progress: 17.5% (400/2285)
2025-08-06 12:34:56,594 - MOTHistoryImport - INFO - Processing batch 5/23 (100 registrations)
2025-08-06 12:35:16,727 - MOTHistoryImport - INFO - API Rate - Legacy: 0.35 RPS, Dynamic: 0 RPS (Daily: 410/500000)
2025-08-06 12:35:38,330 - MOTHistoryImport - INFO - API Rate - Legacy: 0.42 RPS, Dynamic: 0 RPS (Daily: 420/500000)
2025-08-06 12:36:03,085 - MOTHistoryImport - INFO - API Rate - Legacy: 0.45 RPS, Dynamic: 0 RPS (Daily: 430/500000)
2025-08-06 12:36:15,042 - MOTHistoryImport - WARNING - Registration not found in MOT API: LTZ1016
2025-08-06 12:36:16,635 - MOTHistoryImport - WARNING - Registration not found in MOT API: LTZ1011
2025-08-06 12:36:27,626 - MOTHistoryImport - INFO - API Rate - Legacy: 0.43 RPS, Dynamic: 0 RPS (Daily: 442/500000)
2025-08-06 12:36:49,883 - MOTHistoryImport - INFO - API Rate - Legacy: 0.44 RPS, Dynamic: 0 RPS (Daily: 452/500000)
2025-08-06 12:37:10,905 - MOTHistoryImport - INFO - API Rate - Legacy: 0.45 RPS, Dynamic: 0 RPS (Daily: 462/500000)
2025-08-06 12:37:34,962 - MOTHistoryImport - INFO - API Rate - Legacy: 0.46 RPS, Dynamic: 0 RPS (Daily: 472/500000)
2025-08-06 12:37:58,801 - MOTHistoryImport - INFO - API Rate - Legacy: 0.44 RPS, Dynamic: 0 RPS (Daily: 482/500000)
2025-08-06 12:38:23,354 - MOTHistoryImport - INFO - API Rate - Legacy: 0.44 RPS, Dynamic: 0 RPS (Daily: 492/500000)
2025-08-06 12:38:46,026 - MOTHistoryImport - INFO - Bulk inserting 98 vehicle records...
2025-08-06 12:38:46,642 - MOTHistoryImport - INFO - Successfully bulk inserted 98 vehicle records
2025-08-06 12:38:46,661 - MOTHistoryImport - INFO - Bulk inserting 742 test records...
2025-08-06 12:38:53,158 - MOTHistoryImport - INFO - Successfully bulk inserted 742 test records
2025-08-06 12:38:53,174 - MOTHistoryImport - INFO - Bulk inserting 152 defect records...
2025-08-06 12:38:55,041 - MOTHistoryImport - INFO - Successfully bulk inserted 152 defect records
2025-08-06 12:38:55,059 - MOTHistoryImport - INFO - Bulk inserting 2 not found registrations...
2025-08-06 12:38:55,100 - MOTHistoryImport - INFO - Successfully bulk inserted 2 not found registrations
2025-08-06 12:38:55,141 - MOTHistoryImport - INFO - Bulk batch committed: 98 successful, 2 failed, 98 vehicles, 742 tests, 152 defects, 2 not found
2025-08-06 12:38:55,158 - MOTHistoryImport - INFO - Progress: 21.9% (500/2285)
2025-08-06 12:38:55,162 - MOTHistoryImport - INFO - Processing batch 6/23 (100 registrations)
2025-08-06 12:38:59,057 - MOTHistoryImport - INFO - API Rate - Legacy: 0.34 RPS, Dynamic: 0 RPS (Daily: 502/500000)
2025-08-06 12:39:24,054 - MOTHistoryImport - INFO - API Rate - Legacy: 0.35 RPS, Dynamic: 0 RPS (Daily: 512/500000)
2025-08-06 12:39:49,482 - MOTHistoryImport - INFO - API Rate - Legacy: 0.41 RPS, Dynamic: 0 RPS (Daily: 522/500000)
2025-08-06 12:40:13,674 - MOTHistoryImport - INFO - API Rate - Legacy: 0.42 RPS, Dynamic: 0 RPS (Daily: 532/500000)
2025-08-06 12:40:38,497 - MOTHistoryImport - INFO - API Rate - Legacy: 0.43 RPS, Dynamic: 0 RPS (Daily: 542/500000)
2025-08-06 12:41:07,990 - MOTHistoryImport - INFO - API Rate - Legacy: 0.39 RPS, Dynamic: 0 RPS (Daily: 552/500000)
2025-08-06 12:41:36,183 - MOTHistoryImport - INFO - API Rate - Legacy: 0.36 RPS, Dynamic: 0 RPS (Daily: 562/500000)
2025-08-06 12:42:02,621 - MOTHistoryImport - INFO - API Rate - Legacy: 0.38 RPS, Dynamic: 0 RPS (Daily: 572/500000)
2025-08-06 12:42:28,388 - MOTHistoryImport - INFO - API Rate - Legacy: 0.40 RPS, Dynamic: 0 RPS (Daily: 582/500000)
2025-08-06 12:42:54,153 - MOTHistoryImport - INFO - API Rate - Legacy: 0.40 RPS, Dynamic: 0 RPS (Daily: 592/500000)
2025-08-06 12:43:22,360 - MOTHistoryImport - INFO - Bulk inserting 100 vehicle records...
2025-08-06 12:43:23,181 - MOTHistoryImport - INFO - Successfully bulk inserted 100 vehicle records
2025-08-06 12:43:23,181 - MOTHistoryImport - INFO - Bulk inserting 757 test records...
2025-08-06 12:43:28,573 - MOTHistoryImport - INFO - Successfully bulk inserted 757 test records
2025-08-06 12:43:28,573 - MOTHistoryImport - INFO - Bulk inserting 99 defect records...
2025-08-06 12:43:29,689 - MOTHistoryImport - INFO - Successfully bulk inserted 99 defect records
2025-08-06 12:43:29,689 - MOTHistoryImport - INFO - Bulk batch committed: 100 successful, 0 failed, 100 vehicles, 757 tests, 99 defects, 0 not found
2025-08-06 12:43:29,705 - MOTHistoryImport - INFO - Progress: 26.3% (600/2285)
2025-08-06 12:43:29,705 - MOTHistoryImport - INFO - Processing batch 7/23 (100 registrations)
2025-08-06 12:43:33,740 - MOTHistoryImport - INFO - API Rate - Legacy: 0.31 RPS, Dynamic: 0 RPS (Daily: 602/500000)
2025-08-06 12:43:59,896 - MOTHistoryImport - INFO - API Rate - Legacy: 0.32 RPS, Dynamic: 0 RPS (Daily: 612/500000)
2025-08-06 12:44:27,844 - MOTHistoryImport - INFO - API Rate - Legacy: 0.39 RPS, Dynamic: 0 RPS (Daily: 622/500000)
2025-08-06 12:44:59,331 - MOTHistoryImport - INFO - API Rate - Legacy: 0.35 RPS, Dynamic: 0 RPS (Daily: 632/500000)
2025-08-06 12:45:28,872 - MOTHistoryImport - INFO - API Rate - Legacy: 0.34 RPS, Dynamic: 0 RPS (Daily: 642/500000)
2025-08-06 12:46:00,761 - MOTHistoryImport - INFO - API Rate - Legacy: 0.34 RPS, Dynamic: 0 RPS (Daily: 652/500000)
2025-08-06 12:46:38,832 - MOTHistoryImport - INFO - API Rate - Legacy: 0.30 RPS, Dynamic: 0 RPS (Daily: 662/500000)
2025-08-06 12:47:14,163 - MOTHistoryImport - INFO - API Rate - Legacy: 0.28 RPS, Dynamic: 0 RPS (Daily: 672/500000)
2025-08-06 12:47:43,251 - MOTHistoryImport - INFO - API Rate - Legacy: 0.34 RPS, Dynamic: 0 RPS (Daily: 682/500000)
2025-08-06 12:48:18,190 - MOTHistoryImport - INFO - API Rate - Legacy: 0.33 RPS, Dynamic: 0 RPS (Daily: 692/500000)
2025-08-06 12:48:48,169 - MOTHistoryImport - INFO - Bulk inserting 100 vehicle records...
2025-08-06 12:48:48,963 - MOTHistoryImport - INFO - Successfully bulk inserted 100 vehicle records
2025-08-06 12:48:48,968 - MOTHistoryImport - INFO - Bulk inserting 771 test records...
2025-08-06 12:48:54,863 - MOTHistoryImport - INFO - Successfully bulk inserted 771 test records
2025-08-06 12:48:54,869 - MOTHistoryImport - INFO - Bulk inserting 73 defect records...
2025-08-06 12:48:56,450 - MOTHistoryImport - INFO - Successfully bulk inserted 73 defect records
2025-08-06 12:48:56,466 - MOTHistoryImport - INFO - Bulk batch committed: 100 successful, 0 failed, 100 vehicles, 771 tests, 73 defects, 0 not found
2025-08-06 12:48:56,468 - MOTHistoryImport - INFO - Progress: 30.6% (700/2285)
2025-08-06 12:48:56,468 - MOTHistoryImport - INFO - Processing batch 8/23 (100 registrations)
2025-08-06 12:49:00,484 - MOTHistoryImport - INFO - API Rate - Legacy: 0.26 RPS, Dynamic: 0 RPS (Daily: 702/500000)
2025-08-06 12:49:36,595 - MOTHistoryImport - INFO - API Rate - Legacy: 0.26 RPS, Dynamic: 0 RPS (Daily: 712/500000)
2025-08-06 12:50:09,646 - MOTHistoryImport - INFO - API Rate - Legacy: 0.31 RPS, Dynamic: 0 RPS (Daily: 722/500000)
2025-08-06 12:50:44,451 - MOTHistoryImport - INFO - API Rate - Legacy: 0.32 RPS, Dynamic: 0 RPS (Daily: 732/500000)
2025-08-06 12:51:19,762 - MOTHistoryImport - INFO - API Rate - Legacy: 0.30 RPS, Dynamic: 0 RPS (Daily: 742/500000)
2025-08-06 12:51:53,402 - MOTHistoryImport - INFO - API Rate - Legacy: 0.32 RPS, Dynamic: 0 RPS (Daily: 752/500000)
2025-08-06 12:52:27,203 - MOTHistoryImport - INFO - API Rate - Legacy: 0.31 RPS, Dynamic: 0 RPS (Daily: 762/500000)
2025-08-06 12:53:01,557 - MOTHistoryImport - INFO - API Rate - Legacy: 0.31 RPS, Dynamic: 0 RPS (Daily: 772/500000)
2025-08-06 12:53:34,999 - MOTHistoryImport - INFO - API Rate - Legacy: 0.31 RPS, Dynamic: 0 RPS (Daily: 782/500000)
2025-08-06 12:54:09,636 - MOTHistoryImport - INFO - API Rate - Legacy: 0.31 RPS, Dynamic: 0 RPS (Daily: 792/500000)
2025-08-06 12:54:40,099 - MOTHistoryImport - INFO - Bulk inserting 100 vehicle records...
2025-08-06 12:54:40,913 - MOTHistoryImport - INFO - Successfully bulk inserted 100 vehicle records
2025-08-06 12:54:40,918 - MOTHistoryImport - INFO - Bulk inserting 737 test records...
2025-08-06 12:54:47,238 - MOTHistoryImport - INFO - Successfully bulk inserted 737 test records
2025-08-06 12:54:47,242 - MOTHistoryImport - INFO - Bulk inserting 98 defect records...
2025-08-06 12:54:48,383 - MOTHistoryImport - INFO - Successfully bulk inserted 98 defect records
2025-08-06 12:54:48,392 - MOTHistoryImport - INFO - Bulk batch committed: 100 successful, 0 failed, 100 vehicles, 737 tests, 98 defects, 0 not found
2025-08-06 12:54:48,395 - MOTHistoryImport - INFO - Progress: 35.0% (800/2285)
2025-08-06 12:54:48,399 - MOTHistoryImport - INFO - Processing batch 9/23 (100 registrations)
2025-08-06 12:54:52,861 - MOTHistoryImport - INFO - API Rate - Legacy: 0.26 RPS, Dynamic: 0 RPS (Daily: 802/500000)
2025-08-06 12:55:28,464 - MOTHistoryImport - INFO - API Rate - Legacy: 0.26 RPS, Dynamic: 0 RPS (Daily: 812/500000)
2025-08-06 12:56:04,460 - MOTHistoryImport - INFO - API Rate - Legacy: 0.30 RPS, Dynamic: 0 RPS (Daily: 822/500000)
2025-08-06 12:56:42,343 - MOTHistoryImport - INFO - API Rate - Legacy: 0.29 RPS, Dynamic: 0 RPS (Daily: 832/500000)
2025-08-06 12:57:14,255 - MOTHistoryImport - INFO - API Rate - Legacy: 0.30 RPS, Dynamic: 0 RPS (Daily: 842/500000)
2025-08-06 12:57:45,838 - MOTHistoryImport - INFO - API Rate - Legacy: 0.33 RPS, Dynamic: 0 RPS (Daily: 852/500000)
2025-08-06 12:58:18,385 - MOTHistoryImport - INFO - API Rate - Legacy: 0.33 RPS, Dynamic: 0 RPS (Daily: 862/500000)
2025-08-06 12:58:51,864 - MOTHistoryImport - INFO - API Rate - Legacy: 0.33 RPS, Dynamic: 0 RPS (Daily: 872/500000)
2025-08-06 12:59:27,068 - MOTHistoryImport - INFO - API Rate - Legacy: 0.31 RPS, Dynamic: 0 RPS (Daily: 882/500000)
2025-08-06 13:00:01,083 - MOTHistoryImport - INFO - API Rate - Legacy: 0.30 RPS, Dynamic: 0 RPS (Daily: 892/500000)
2025-08-06 13:00:33,311 - MOTHistoryImport - INFO - Bulk inserting 100 vehicle records...
2025-08-06 13:00:33,956 - MOTHistoryImport - INFO - Successfully bulk inserted 100 vehicle records
2025-08-06 13:00:33,956 - MOTHistoryImport - INFO - Bulk inserting 771 test records...
2025-08-06 13:00:38,841 - MOTHistoryImport - INFO - Successfully bulk inserted 771 test records
2025-08-06 13:00:38,841 - MOTHistoryImport - INFO - Bulk inserting 87 defect records...
2025-08-06 13:00:39,443 - MOTHistoryImport - INFO - Successfully bulk inserted 87 defect records
2025-08-06 13:00:39,459 - MOTHistoryImport - INFO - Bulk batch committed: 100 successful, 0 failed, 100 vehicles, 771 tests, 87 defects, 0 not found
2025-08-06 13:00:39,462 - MOTHistoryImport - INFO - Progress: 39.4% (900/2285)
2025-08-06 13:00:39,462 - MOTHistoryImport - INFO - Processing batch 10/23 (100 registrations)
2025-08-06 13:00:43,660 - MOTHistoryImport - INFO - API Rate - Legacy: 0.26 RPS, Dynamic: 0 RPS (Daily: 902/500000)
2025-08-06 13:01:21,298 - MOTHistoryImport - INFO - API Rate - Legacy: 0.25 RPS, Dynamic: 0 RPS (Daily: 912/500000)
2025-08-06 13:01:57,044 - MOTHistoryImport - INFO - API Rate - Legacy: 0.29 RPS, Dynamic: 0 RPS (Daily: 922/500000)
2025-08-06 13:02:33,060 - MOTHistoryImport - INFO - API Rate - Legacy: 0.29 RPS, Dynamic: 0 RPS (Daily: 932/500000)
2025-08-06 13:03:08,457 - MOTHistoryImport - INFO - API Rate - Legacy: 0.30 RPS, Dynamic: 0 RPS (Daily: 942/500000)
2025-08-06 13:03:45,956 - MOTHistoryImport - INFO - API Rate - Legacy: 0.29 RPS, Dynamic: 0 RPS (Daily: 952/500000)
2025-08-06 13:04:25,348 - MOTHistoryImport - INFO - API Rate - Legacy: 0.27 RPS, Dynamic: 0 RPS (Daily: 962/500000)
2025-08-06 13:05:04,328 - MOTHistoryImport - INFO - API Rate - Legacy: 0.27 RPS, Dynamic: 0 RPS (Daily: 972/500000)
2025-08-06 13:05:42,266 - MOTHistoryImport - INFO - API Rate - Legacy: 0.28 RPS, Dynamic: 0 RPS (Daily: 982/500000)
2025-08-06 13:06:19,701 - MOTHistoryImport - INFO - API Rate - Legacy: 0.28 RPS, Dynamic: 0 RPS (Daily: 992/500000)
2025-08-06 13:06:53,438 - MOTHistoryImport - INFO - Bulk inserting 100 vehicle records...
2025-08-06 13:06:53,989 - MOTHistoryImport - INFO - Successfully bulk inserted 100 vehicle records
2025-08-06 13:06:53,989 - MOTHistoryImport - INFO - Bulk inserting 710 test records...
2025-08-06 13:06:59,500 - MOTHistoryImport - INFO - Successfully bulk inserted 710 test records
2025-08-06 13:06:59,500 - MOTHistoryImport - INFO - Bulk inserting 80 defect records...
2025-08-06 13:07:00,179 - MOTHistoryImport - INFO - Successfully bulk inserted 80 defect records
2025-08-06 13:07:00,187 - MOTHistoryImport - INFO - Bulk batch committed: 100 successful, 0 failed, 100 vehicles, 710 tests, 80 defects, 0 not found
2025-08-06 13:07:00,187 - MOTHistoryImport - INFO - Progress: 43.8% (1000/2285)
2025-08-06 13:07:00,193 - MOTHistoryImport - INFO - Processing batch 11/23 (100 registrations)
2025-08-06 13:07:05,037 - MOTHistoryImport - INFO - API Rate - Legacy: 0.25 RPS, Dynamic: 0 RPS (Daily: 1002/500000)
2025-08-06 13:07:45,340 - MOTHistoryImport - INFO - API Rate - Legacy: 0.24 RPS, Dynamic: 0 RPS (Daily: 1012/500000)
2025-08-06 13:08:23,925 - MOTHistoryImport - INFO - API Rate - Legacy: 0.27 RPS, Dynamic: 0 RPS (Daily: 1022/500000)
2025-08-06 13:09:03,599 - MOTHistoryImport - INFO - API Rate - Legacy: 0.27 RPS, Dynamic: 0 RPS (Daily: 1032/500000)
2025-08-06 13:09:46,327 - MOTHistoryImport - INFO - API Rate - Legacy: 0.26 RPS, Dynamic: 0 RPS (Daily: 1042/500000)
2025-08-06 13:10:28,390 - MOTHistoryImport - INFO - API Rate - Legacy: 0.26 RPS, Dynamic: 0 RPS (Daily: 1052/500000)
2025-08-06 13:11:08,058 - MOTHistoryImport - INFO - API Rate - Legacy: 0.26 RPS, Dynamic: 0 RPS (Daily: 1062/500000)
2025-08-06 13:11:53,525 - MOTHistoryImport - INFO - API Rate - Legacy: 0.25 RPS, Dynamic: 0 RPS (Daily: 1072/500000)
2025-08-06 13:12:34,348 - MOTHistoryImport - INFO - API Rate - Legacy: 0.25 RPS, Dynamic: 0 RPS (Daily: 1082/500000)
2025-08-06 13:13:17,805 - MOTHistoryImport - INFO - API Rate - Legacy: 0.25 RPS, Dynamic: 0 RPS (Daily: 1092/500000)
2025-08-06 13:13:53,778 - MOTHistoryImport - INFO - Bulk inserting 100 vehicle records...
2025-08-06 13:13:54,320 - MOTHistoryImport - INFO - Successfully bulk inserted 100 vehicle records
2025-08-06 13:13:54,320 - MOTHistoryImport - INFO - Bulk inserting 640 test records...
2025-08-06 13:13:58,631 - MOTHistoryImport - INFO - Successfully bulk inserted 640 test records
2025-08-06 13:13:58,631 - MOTHistoryImport - INFO - Bulk inserting 52 defect records...
2025-08-06 13:13:58,983 - MOTHistoryImport - INFO - Successfully bulk inserted 52 defect records
2025-08-06 13:13:58,998 - MOTHistoryImport - INFO - Bulk batch committed: 100 successful, 0 failed, 100 vehicles, 640 tests, 52 defects, 0 not found
2025-08-06 13:13:58,998 - MOTHistoryImport - INFO - Progress: 48.1% (1100/2285)
2025-08-06 13:13:58,998 - MOTHistoryImport - INFO - Processing batch 12/23 (100 registrations)
2025-08-06 13:14:03,365 - MOTHistoryImport - INFO - API Rate - Legacy: 0.24 RPS, Dynamic: 0 RPS (Daily: 1102/500000)
2025-08-06 13:14:42,538 - MOTHistoryImport - INFO - API Rate - Legacy: 0.25 RPS, Dynamic: 0 RPS (Daily: 1112/500000)
2025-08-06 13:15:20,911 - MOTHistoryImport - INFO - API Rate - Legacy: 0.27 RPS, Dynamic: 0 RPS (Daily: 1122/500000)
2025-08-06 13:15:59,232 - MOTHistoryImport - INFO - API Rate - Legacy: 0.28 RPS, Dynamic: 0 RPS (Daily: 1132/500000)
2025-08-06 13:16:43,372 - MOTHistoryImport - INFO - API Rate - Legacy: 0.25 RPS, Dynamic: 0 RPS (Daily: 1142/500000)
2025-08-06 13:17:46,259 - MOTHistoryImport - INFO - API Rate - Legacy: 0.17 RPS, Dynamic: 0 RPS (Daily: 1152/500000)
2025-08-06 13:18:27,001 - MOTHistoryImport - INFO - API Rate - Legacy: 0.25 RPS, Dynamic: 0 RPS (Daily: 1162/500000)
2025-08-06 13:19:08,662 - MOTHistoryImport - INFO - API Rate - Legacy: 0.26 RPS, Dynamic: 0 RPS (Daily: 1172/500000)
2025-08-06 13:19:10,461 - MOTHistoryImport - INFO - Database connection closed
