2025-08-13 11:59:13,267 - MOTHistoryImport - INFO - Logging initialized. Log file: Logs\mot_history_import_20250813_115913.log
2025-08-13 11:59:13,267 - MOTHistoryImport - INFO - Configuration loaded: {'database': {'server': 'MLNOESQLUAT01', 'database': 'Engineering', 'trusted_connection': True}, 'files': {'log_directory': 'Logs'}, 'processing': {'batch_size': 100, 'request_timeout': 30, 'max_retries': 3}, 'logging': {'log_level': 'DEBUG'}, 'security': {'client_id_from_env': True, 'client_secret_from_env': True, 'api_key_from_env': True, 'db_password_from_env': False}}
2025-08-13 11:59:13,686 - MOTHistoryImport - INFO - JSON data logging initialized. File: Logs\mot_history_data_20250813_115913.json
2025-08-13 11:59:13,688 - MOTHistoryImport - INFO - Using config rate limit: 15 RPS
2025-08-13 11:59:13,704 - MOTHistoryImport - INFO - Starting Database connection to MLNOESQLUAT01.Engineering with 15-minute retry window
2025-08-13 11:59:13,704 - MOTHistoryImport - INFO - Establishing database connection...
2025-08-13 11:59:14,035 - MOTHistoryImport - INFO - Database connection established successfully
2025-08-13 11:59:14,085 - MOTHistoryImport - DEBUG - Retrieved APIId 2 for service 'GOV MOT History Service'
2025-08-13 11:59:14,137 - MOTHistoryImport - DEBUG - Retrieved rate limit 1 seconds for APIId 2
2025-08-13 11:59:14,140 - MOTHistoryImport - INFO - Updated rate limit from 15.000 to 1.000 RPS (1s interval)
2025-08-13 11:59:14,149 - MOTHistoryImport - INFO - API logging initialized - APIId: 2, Rate Limit: 1s
2025-08-13 11:59:14,165 - MOTHistoryImport - DEBUG - API logging enabled for MOTAPIClient with APIId: 2
2025-08-13 11:59:14,198 - MOTHistoryImport - INFO - Starting MOT History Data Import (Bulk Mode)
2025-08-13 11:59:14,198 - MOTHistoryImport - INFO - Starting Database connection to MLNOESQLUAT01.Engineering with 15-minute retry window
2025-08-13 11:59:14,198 - MOTHistoryImport - INFO - Establishing database connection...
2025-08-13 11:59:14,380 - MOTHistoryImport - INFO - Database connection established successfully
2025-08-13 11:59:14,384 - MOTHistoryImport - INFO - Truncating table: StageMOTVehicles
2025-08-13 11:59:14,396 - MOTHistoryImport - INFO - Successfully truncated table: StageMOTVehicles
2025-08-13 11:59:14,401 - MOTHistoryImport - INFO - Truncating table: StageMOTTests
2025-08-13 11:59:14,444 - MOTHistoryImport - INFO - Successfully truncated table: StageMOTTests
2025-08-13 11:59:14,444 - MOTHistoryImport - INFO - Truncating table: StageMOTDefects
2025-08-13 11:59:14,468 - MOTHistoryImport - INFO - Successfully truncated table: StageMOTDefects
2025-08-13 11:59:14,470 - MOTHistoryImport - INFO - Truncating table: StageMOTVehiclesNotFound
2025-08-13 11:59:14,470 - MOTHistoryImport - INFO - Successfully truncated table: StageMOTVehiclesNotFound
2025-08-13 11:59:14,485 - MOTHistoryImport - INFO - Reading vehicle registrations from source database: MLNOESQLEXP01
2025-08-13 11:59:14,488 - MOTHistoryImport - INFO - Starting Source database connection to MLNOESQLEXP01.ML-Equinox with 15-minute retry window
2025-08-13 11:59:14,488 - MOTHistoryImport - INFO - Establishing source database connection to MLNOESQLEXP01
2025-08-13 11:59:14,712 - MOTHistoryImport - INFO - Read 6 vehicle registrations from source database (MLNOESQLEXP01)
2025-08-13 11:59:14,728 - MOTHistoryImport - INFO - Added 3 test registrations: YX111FH, SK111KZ, SK111PP
2025-08-13 11:59:14,728 - MOTHistoryImport - INFO - Processing batch 1/1 (6 registrations)
2025-08-13 11:59:14,728 - MOTHistoryImport - INFO - Requesting new OAuth2 token...
2025-08-13 11:59:14,791 - urllib3.connectionpool - DEBUG - Starting new HTTPS connection (1): login.microsoftonline.com:443
2025-08-13 11:59:14,933 - urllib3.connectionpool - DEBUG - https://login.microsoftonline.com:443 "POST /a455b827-244f-4c97-b5b4-ce5d13b4d00c/oauth2/v2.0/token HTTP/1.1" 200 1456
2025-08-13 11:59:14,949 - MOTHistoryImport - INFO - OAuth2 token obtained successfully
2025-08-13 11:59:14,949 - urllib3.connectionpool - DEBUG - Starting new HTTPS connection (1): history.mot.api.gov.uk:443
2025-08-13 11:59:16,175 - urllib3.connectionpool - DEBUG - https://history.mot.api.gov.uk:443 "GET /v1/trade/vehicles/registration/SK74BKZ HTTP/1.1" 200 None
2025-08-13 11:59:17,113 - urllib3.connectionpool - DEBUG - https://history.mot.api.gov.uk:443 "GET /v1/trade/vehicles/registration/BD74WGX HTTP/1.1" 200 None
2025-08-13 11:59:18,050 - urllib3.connectionpool - DEBUG - https://history.mot.api.gov.uk:443 "GET /v1/trade/vehicles/registration/YX74OEZ HTTP/1.1" 200 None
2025-08-13 11:59:18,383 - urllib3.connectionpool - DEBUG - https://history.mot.api.gov.uk:443 "GET /v1/trade/vehicles/registration/YX111FH HTTP/1.1" 404 None
2025-08-13 11:59:18,399 - MOTHistoryImport - WARNING - Registration not found in MOT API: YX111FH
2025-08-13 11:59:18,750 - urllib3.connectionpool - DEBUG - https://history.mot.api.gov.uk:443 "GET /v1/trade/vehicles/registration/SK111KZ HTTP/1.1" 404 None
2025-08-13 11:59:18,765 - MOTHistoryImport - WARNING - Registration not found in MOT API: SK111KZ
2025-08-13 11:59:19,163 - urllib3.connectionpool - DEBUG - https://history.mot.api.gov.uk:443 "GET /v1/trade/vehicles/registration/SK111PP HTTP/1.1" 404 None
2025-08-13 11:59:19,163 - MOTHistoryImport - WARNING - Registration not found in MOT API: SK111PP
2025-08-13 11:59:19,293 - MOTHistoryImport - INFO - Bulk inserting 3 vehicle records...
2025-08-13 11:59:19,306 - MOTHistoryImport - INFO - Successfully bulk inserted 3 vehicle records
2025-08-13 11:59:19,306 - MOTHistoryImport - INFO - Bulk inserting 1 test records...
2025-08-13 11:59:19,353 - MOTHistoryImport - INFO - Successfully exported 1 records to CSV_Exports\StageMOTTests_20250813_115919.csv
2025-08-13 11:59:19,353 - MOTHistoryImport - INFO - Successfully processed 1 test records (0 duplicates skipped)
2025-08-13 11:59:19,369 - MOTHistoryImport - INFO - Bulk inserting 3 not found registrations...
2025-08-13 11:59:19,384 - MOTHistoryImport - INFO - Successfully bulk inserted 3 not found registrations
2025-08-13 11:59:19,384 - MOTHistoryImport - INFO - Bulk batch committed: 3 successful, 3 failed, 3 vehicles, 1 tests, 0 defects, 3 not found
2025-08-13 11:59:19,384 - MOTHistoryImport - INFO - Progress: 100.0% (6/6)
2025-08-13 11:59:19,384 - MOTHistoryImport - INFO - Running merge procedures after all batches...
2025-08-13 11:59:19,400 - MOTHistoryImport - INFO - Running spFactMOTVehicles_Merge...
2025-08-13 11:59:19,400 - MOTHistoryImport - INFO - spFactMOTVehicles_Merge completed successfully
2025-08-13 11:59:19,400 - MOTHistoryImport - INFO - Running spFactMOTTests_Merge...
2025-08-13 11:59:19,416 - MOTHistoryImport - INFO - spFactMOTTests_Merge completed successfully
2025-08-13 11:59:19,416 - MOTHistoryImport - INFO - Running spFactMOTDefects_Merge...
2025-08-13 11:59:19,416 - MOTHistoryImport - INFO - spFactMOTDefects_Merge completed successfully
2025-08-13 11:59:19,416 - MOTHistoryImport - INFO - Running spFactMOTVehiclesNotFound_Merge...
2025-08-13 11:59:19,448 - MOTHistoryImport - INFO - spFactMOTVehiclesNotFound_Merge completed successfully
2025-08-13 11:59:19,448 - MOTHistoryImport - INFO - All merge stored procedures completed successfully
2025-08-13 11:59:19,448 - MOTHistoryImport - INFO - ==================================================
2025-08-13 11:59:19,448 - MOTHistoryImport - INFO - MOT HISTORY DATA IMPORT COMPLETED
2025-08-13 11:59:19,464 - MOTHistoryImport - INFO - ==================================================
2025-08-13 11:59:19,464 - MOTHistoryImport - INFO - Total registrations processed: 6
2025-08-13 11:59:19,464 - MOTHistoryImport - INFO - Successful imports: 3
2025-08-13 11:59:19,474 - MOTHistoryImport - INFO - Failed imports: 3
2025-08-13 11:59:19,474 - MOTHistoryImport - INFO - Registrations not found: 3
2025-08-13 11:59:19,480 - MOTHistoryImport - INFO - Vehicles inserted: 3
2025-08-13 11:59:19,480 - MOTHistoryImport - INFO - Tests inserted: 1
2025-08-13 11:59:19,480 - MOTHistoryImport - INFO - Defects inserted: 0
2025-08-13 11:59:19,480 - MOTHistoryImport - INFO - Total duration: 0:00:05.250178
2025-08-13 11:59:19,480 - MOTHistoryImport - INFO - Average time per registration: 0:00:00.875030
2025-08-13 11:59:19,480 - MOTHistoryImport - INFO - ========================= API RATE STATS =========================
2025-08-13 11:59:19,496 - MOTHistoryImport - INFO - Total API requests: 3
2025-08-13 11:59:19,496 - MOTHistoryImport - INFO - Final RPS (60-sec window): 1.60
2025-08-13 11:59:19,496 - MOTHistoryImport - INFO - Average RPS (overall): 0.64
2025-08-13 11:59:19,496 - MOTHistoryImport - INFO - Configured rate delay: 0.0s
2025-08-13 11:59:19,496 - MOTHistoryImport - INFO - API request duration: 4.7s
2025-08-13 11:59:19,496 - MOTHistoryImport - INFO - ==================================================
2025-08-13 11:59:19,674 - MOTHistoryImport - INFO - Email sent successfully to cdunbar@metroline.co.uk
2025-08-13 11:59:19,674 - MOTHistoryImport - INFO - Success notification email sent
2025-08-13 11:59:19,686 - MOTHistoryImport - INFO - Database connection closed
