2025-08-13 12:22:58,400 - MOTHistoryImport - INFO - Logging initialized. Log file: Logs\mot_history_import_20250813_122258.log
2025-08-13 12:22:58,416 - MOTHistoryImport - INFO - Configuration loaded: {'database': {'server': 'MLNOESQLUAT01', 'database': 'Engineering', 'trusted_connection': True}, 'files': {'log_directory': 'Logs'}, 'processing': {'batch_size': 100, 'request_timeout': 30, 'max_retries': 3}, 'logging': {'log_level': 'DEBUG'}, 'security': {'client_id_from_env': True, 'client_secret_from_env': True, 'api_key_from_env': True, 'db_password_from_env': False}}
2025-08-13 12:22:58,464 - MOTHistoryImport - INFO - JSON data logging initialized. File: Logs\mot_history_data_20250813_122258.json
2025-08-13 12:22:58,464 - MOTHistoryImport - INFO - Using config rate limit: 15 RPS
2025-08-13 12:22:58,464 - MOTHistoryImport - INFO - Starting Database connection to MLNOESQLUAT01.Engineering with 15-minute retry window
2025-08-13 12:22:58,464 - MOTHistoryImport - INFO - Establishing database connection...
2025-08-13 12:22:58,597 - MOTHistoryImport - INFO - Database connection established successfully
2025-08-13 12:22:58,597 - MOTHistoryImport - DEBUG - Retrieved APIId 2 for service 'GOV MOT History Service'
2025-08-13 12:22:58,606 - MOTHistoryImport - DEBUG - Retrieved rate limit 1 seconds for APIId 2
2025-08-13 12:22:58,615 - MOTHistoryImport - INFO - Updated rate limit from 15.000 to 1.000 RPS (1s interval)
2025-08-13 12:22:58,615 - MOTHistoryImport - INFO - API logging initialized - APIId: 2, Rate Limit: 1s
2025-08-13 12:22:58,615 - MOTHistoryImport - DEBUG - API logging enabled for MOTAPIClient with APIId: 2
2025-08-13 12:22:58,622 - MOTHistoryImport - INFO - Starting MOT History Data Import (Bulk Mode)
2025-08-13 12:22:58,622 - MOTHistoryImport - INFO - Starting Database connection to MLNOESQLUAT01.Engineering with 15-minute retry window
2025-08-13 12:22:58,622 - MOTHistoryImport - INFO - Establishing database connection...
2025-08-13 12:22:58,702 - MOTHistoryImport - INFO - Database connection established successfully
2025-08-13 12:22:58,702 - MOTHistoryImport - INFO - Truncating table: StageMOTVehicles
2025-08-13 12:22:58,717 - MOTHistoryImport - INFO - Successfully truncated table: StageMOTVehicles
2025-08-13 12:22:58,717 - MOTHistoryImport - INFO - Truncating table: StageMOTTests
2025-08-13 12:22:58,733 - MOTHistoryImport - INFO - Successfully truncated table: StageMOTTests
2025-08-13 12:22:58,733 - MOTHistoryImport - INFO - Truncating table: StageMOTDefects
2025-08-13 12:22:58,749 - MOTHistoryImport - INFO - Successfully truncated table: StageMOTDefects
2025-08-13 12:22:58,749 - MOTHistoryImport - INFO - Truncating table: StageMOTVehiclesNotFound
2025-08-13 12:22:58,765 - MOTHistoryImport - INFO - Successfully truncated table: StageMOTVehiclesNotFound
2025-08-13 12:22:58,765 - MOTHistoryImport - INFO - Reading vehicle registrations from source database: MLNOESQLEXP01
2025-08-13 12:22:58,765 - MOTHistoryImport - INFO - Starting Source database connection to MLNOESQLEXP01.ML-Equinox with 15-minute retry window
2025-08-13 12:22:58,765 - MOTHistoryImport - INFO - Establishing source database connection to MLNOESQLEXP01
2025-08-13 12:22:59,233 - MOTHistoryImport - INFO - Read 6 vehicle registrations from source database (MLNOESQLEXP01)
2025-08-13 12:22:59,238 - MOTHistoryImport - INFO - Added 3 test registrations: YX111FH, SK111KZ, SK111PP
2025-08-13 12:22:59,257 - MOTHistoryImport - INFO - Processing batch 1/1 (6 registrations)
2025-08-13 12:22:59,257 - MOTHistoryImport - INFO - Requesting new OAuth2 token...
2025-08-13 12:22:59,272 - urllib3.connectionpool - DEBUG - Starting new HTTPS connection (1): login.microsoftonline.com:443
2025-08-13 12:22:59,432 - urllib3.connectionpool - DEBUG - https://login.microsoftonline.com:443 "POST /a455b827-244f-4c97-b5b4-ce5d13b4d00c/oauth2/v2.0/token HTTP/1.1" 200 1453
2025-08-13 12:22:59,432 - MOTHistoryImport - INFO - OAuth2 token obtained successfully
2025-08-13 12:22:59,447 - urllib3.connectionpool - DEBUG - Starting new HTTPS connection (1): history.mot.api.gov.uk:443
2025-08-13 12:23:00,305 - urllib3.connectionpool - DEBUG - https://history.mot.api.gov.uk:443 "GET /v1/trade/vehicles/registration/SK74BKZ HTTP/1.1" 200 None
2025-08-13 12:23:01,226 - urllib3.connectionpool - DEBUG - https://history.mot.api.gov.uk:443 "GET /v1/trade/vehicles/registration/BD74WGX HTTP/1.1" 200 None
2025-08-13 12:23:02,329 - urllib3.connectionpool - DEBUG - https://history.mot.api.gov.uk:443 "GET /v1/trade/vehicles/registration/YX74OEZ HTTP/1.1" 200 None
2025-08-13 12:23:02,727 - urllib3.connectionpool - DEBUG - https://history.mot.api.gov.uk:443 "GET /v1/trade/vehicles/registration/YX111FH HTTP/1.1" 404 None
2025-08-13 12:23:02,727 - MOTHistoryImport - WARNING - Registration not found in MOT API: YX111FH
2025-08-13 12:23:03,702 - urllib3.connectionpool - DEBUG - https://history.mot.api.gov.uk:443 "GET /v1/trade/vehicles/registration/SK111KZ HTTP/1.1" 404 None
2025-08-13 12:23:03,708 - MOTHistoryImport - WARNING - Registration not found in MOT API: SK111KZ
2025-08-13 12:23:04,128 - urllib3.connectionpool - DEBUG - https://history.mot.api.gov.uk:443 "GET /v1/trade/vehicles/registration/SK111PP HTTP/1.1" 404 None
2025-08-13 12:23:04,128 - MOTHistoryImport - WARNING - Registration not found in MOT API: SK111PP
2025-08-13 12:23:04,223 - MOTHistoryImport - INFO - Bulk inserting 3 vehicle records...
2025-08-13 12:23:04,509 - MOTHistoryImport - INFO - Successfully bulk inserted 3 vehicle records
2025-08-13 12:23:04,509 - MOTHistoryImport - INFO - Bulk inserting 1 test records...
2025-08-13 12:23:04,557 - MOTHistoryImport - INFO - Successfully exported 1 records to CSV_Exports\StageMOTTests_20250813_122304.csv
2025-08-13 12:23:04,557 - MOTHistoryImport - INFO - Successfully processed 1 test records (0 duplicates skipped)
2025-08-13 12:23:04,557 - MOTHistoryImport - INFO - Bulk inserting 3 not found registrations...
2025-08-13 12:23:04,573 - MOTHistoryImport - INFO - Successfully bulk inserted 3 not found registrations
2025-08-13 12:23:04,589 - MOTHistoryImport - INFO - Bulk batch committed: 3 successful, 3 failed, 3 vehicles, 1 tests, 0 defects, 3 not found
2025-08-13 12:23:04,589 - MOTHistoryImport - INFO - Progress: 100.0% (6/6)
2025-08-13 12:23:04,589 - MOTHistoryImport - INFO - Running merge procedures after all batches...
2025-08-13 12:23:04,589 - MOTHistoryImport - INFO - Running spFactMOTVehicles_Merge...
2025-08-13 12:23:04,621 - MOTHistoryImport - INFO - spFactMOTVehicles_Merge completed successfully
2025-08-13 12:23:04,621 - MOTHistoryImport - INFO - Running spFactMOTTests_Merge...
2025-08-13 12:23:04,636 - MOTHistoryImport - INFO - spFactMOTTests_Merge completed successfully
2025-08-13 12:23:04,636 - MOTHistoryImport - INFO - Running spFactMOTDefects_Merge...
2025-08-13 12:23:04,652 - MOTHistoryImport - INFO - spFactMOTDefects_Merge completed successfully
2025-08-13 12:23:04,652 - MOTHistoryImport - INFO - Running spFactMOTVehiclesNotFound_Merge...
2025-08-13 12:23:04,668 - MOTHistoryImport - INFO - spFactMOTVehiclesNotFound_Merge completed successfully
2025-08-13 12:23:04,668 - MOTHistoryImport - INFO - All merge stored procedures completed successfully
2025-08-13 12:23:04,668 - MOTHistoryImport - INFO - ==================================================
2025-08-13 12:23:04,684 - MOTHistoryImport - INFO - MOT HISTORY DATA IMPORT COMPLETED
2025-08-13 12:23:04,684 - MOTHistoryImport - INFO - ==================================================
2025-08-13 12:23:04,684 - MOTHistoryImport - INFO - Total registrations processed: 6
2025-08-13 12:23:04,684 - MOTHistoryImport - INFO - Successful imports: 3
2025-08-13 12:23:04,684 - MOTHistoryImport - INFO - Failed imports: 3
2025-08-13 12:23:04,701 - MOTHistoryImport - INFO - Registrations not found: 3
2025-08-13 12:23:04,701 - MOTHistoryImport - INFO - Vehicles inserted: 3
2025-08-13 12:23:04,701 - MOTHistoryImport - INFO - Tests inserted: 1
2025-08-13 12:23:04,710 - MOTHistoryImport - INFO - Defects inserted: 0
2025-08-13 12:23:04,710 - MOTHistoryImport - INFO - Total duration: 0:00:06.046283
2025-08-13 12:23:04,716 - MOTHistoryImport - INFO - Average time per registration: 0:00:01.007714
2025-08-13 12:23:04,716 - MOTHistoryImport - INFO - ========================= API RATE STATS =========================
2025-08-13 12:23:04,716 - MOTHistoryImport - INFO - Total API requests: 3
2025-08-13 12:23:04,716 - MOTHistoryImport - INFO - Final RPS (60-sec window): 1.48
2025-08-13 12:23:04,716 - MOTHistoryImport - INFO - Average RPS (overall): 0.55
2025-08-13 12:23:04,732 - MOTHistoryImport - INFO - Configured rate delay: 0.0s
2025-08-13 12:23:04,732 - MOTHistoryImport - INFO - API request duration: 5.4s
2025-08-13 12:23:04,732 - MOTHistoryImport - INFO - ==================================================
2025-08-13 12:23:04,890 - MOTHistoryImport - INFO - Email sent successfully to cdunbar@metroline.co.uk
2025-08-13 12:23:04,910 - MOTHistoryImport - INFO - Success notification email sent
2025-08-13 12:23:04,910 - MOTHistoryImport - INFO - Database connection closed
