2025-08-13 11:33:16,717 - MOTHistoryImport - INFO - Logging initialized. Log file: Logs\mot_history_import_20250813_113316.log
2025-08-13 11:33:16,717 - MOTHistoryImport - INFO - Configuration loaded: {'database': {'server': 'MLNOESQLUAT01', 'database': 'Engineering', 'trusted_connection': True}, 'files': {'log_directory': 'Logs'}, 'processing': {'batch_size': 100, 'request_timeout': 30, 'max_retries': 3}, 'logging': {'log_level': 'DEBUG'}, 'security': {'client_id_from_env': True, 'client_secret_from_env': True, 'api_key_from_env': True, 'db_password_from_env': False}}
2025-08-13 11:33:16,765 - MOTHistoryImport - INFO - JSON data logging initialized. File: Logs\mot_history_data_20250813_113316.json
2025-08-13 11:33:16,765 - MOTHistoryImport - INFO - Using config rate limit: 15 RPS
2025-08-13 11:33:16,812 - MOTHistoryImport - INFO - Starting Database connection to MLNOESQLUAT01.Engineering with 15-minute retry window
2025-08-13 11:33:16,828 - MOTHistoryImport - INFO - Establishing database connection...
2025-08-13 11:33:17,034 - MOTHistoryImport - INFO - Database connection established successfully
2025-08-13 11:33:17,066 - MOTHistoryImport - DEBUG - Retrieved APIId 2 for service 'GOV MOT History Service'
2025-08-13 11:33:17,082 - MOTHistoryImport - DEBUG - Retrieved rate limit 1 seconds for APIId 2
2025-08-13 11:33:17,082 - MOTHistoryImport - INFO - Updated rate limit from 15.000 to 1.000 RPS (1s interval)
2025-08-13 11:33:17,082 - MOTHistoryImport - INFO - API logging initialized - APIId: 2, Rate Limit: 1s
2025-08-13 11:33:17,082 - MOTHistoryImport - DEBUG - API logging enabled for MOTAPIClient with APIId: 2
2025-08-13 11:33:17,082 - MOTHistoryImport - INFO - Starting MOT History Data Import (Bulk Mode)
2025-08-13 11:33:17,098 - MOTHistoryImport - INFO - Starting Database connection to MLNOESQLUAT01.Engineering with 15-minute retry window
2025-08-13 11:33:17,103 - MOTHistoryImport - INFO - Establishing database connection...
2025-08-13 11:33:17,224 - MOTHistoryImport - INFO - Database connection established successfully
2025-08-13 11:33:17,224 - MOTHistoryImport - INFO - Truncating table: StageMOTVehicles
2025-08-13 11:33:17,224 - MOTHistoryImport - INFO - Successfully truncated table: StageMOTVehicles
2025-08-13 11:33:17,240 - MOTHistoryImport - INFO - Truncating table: StageMOTTests
2025-08-13 11:33:17,240 - MOTHistoryImport - INFO - Successfully truncated table: StageMOTTests
2025-08-13 11:33:17,256 - MOTHistoryImport - INFO - Truncating table: StageMOTDefects
2025-08-13 11:33:17,256 - MOTHistoryImport - INFO - Successfully truncated table: StageMOTDefects
2025-08-13 11:33:17,272 - MOTHistoryImport - INFO - Truncating table: StageMOTVehiclesNotFound
2025-08-13 11:33:17,272 - MOTHistoryImport - INFO - Successfully truncated table: StageMOTVehiclesNotFound
2025-08-13 11:33:17,272 - MOTHistoryImport - INFO - Reading vehicle registrations from source database: MLNOESQLEXP01
2025-08-13 11:33:17,288 - MOTHistoryImport - INFO - Starting Source database connection to MLNOESQLEXP01.ML-Equinox with 15-minute retry window
2025-08-13 11:33:17,288 - MOTHistoryImport - INFO - Establishing source database connection to MLNOESQLEXP01
2025-08-13 11:33:17,430 - MOTHistoryImport - INFO - Read 2294 vehicle registrations from source database (MLNOESQLEXP01)
2025-08-13 11:33:17,446 - MOTHistoryImport - INFO - Added 3 test registrations: YX111FH, SK111KZ, SK111PP
2025-08-13 11:33:17,446 - MOTHistoryImport - INFO - Processing batch 1/23 (100 registrations)
2025-08-13 11:33:17,462 - MOTHistoryImport - INFO - Requesting new OAuth2 token...
2025-08-13 11:33:17,462 - urllib3.connectionpool - DEBUG - Starting new HTTPS connection (1): login.microsoftonline.com:443
2025-08-13 11:33:17,653 - urllib3.connectionpool - DEBUG - https://login.microsoftonline.com:443 "POST /a455b827-244f-4c97-b5b4-ce5d13b4d00c/oauth2/v2.0/token HTTP/1.1" 200 1456
2025-08-13 11:33:17,653 - MOTHistoryImport - INFO - OAuth2 token obtained successfully
2025-08-13 11:33:17,668 - urllib3.connectionpool - DEBUG - Starting new HTTPS connection (1): history.mot.api.gov.uk:443
2025-08-13 11:33:18,298 - urllib3.connectionpool - DEBUG - https://history.mot.api.gov.uk:443 "GET /v1/trade/vehicles/registration/LK09EOA HTTP/1.1" 200 None
2025-08-13 11:33:18,963 - urllib3.connectionpool - DEBUG - https://history.mot.api.gov.uk:443 "GET /v1/trade/vehicles/registration/LK10BZD HTTP/1.1" 200 None
2025-08-13 11:33:19,989 - urllib3.connectionpool - DEBUG - https://history.mot.api.gov.uk:443 "GET /v1/trade/vehicles/registration/LK10BZE HTTP/1.1" 200 None
2025-08-13 11:33:20,853 - urllib3.connectionpool - DEBUG - https://history.mot.api.gov.uk:443 "GET /v1/trade/vehicles/registration/LK10BZF HTTP/1.1" 200 None
2025-08-13 11:33:21,698 - urllib3.connectionpool - DEBUG - https://history.mot.api.gov.uk:443 "GET /v1/trade/vehicles/registration/LK10BZG HTTP/1.1" 200 None
2025-08-13 11:33:22,705 - urllib3.connectionpool - DEBUG - https://history.mot.api.gov.uk:443 "GET /v1/trade/vehicles/registration/LK10BZH HTTP/1.1" 200 None
2025-08-13 11:33:23,983 - urllib3.connectionpool - DEBUG - https://history.mot.api.gov.uk:443 "GET /v1/trade/vehicles/registration/LK10BZJ HTTP/1.1" 200 None
2025-08-13 11:33:24,819 - urllib3.connectionpool - DEBUG - https://history.mot.api.gov.uk:443 "GET /v1/trade/vehicles/registration/LK10BZL HTTP/1.1" 200 None
2025-08-13 11:33:25,467 - urllib3.connectionpool - DEBUG - https://history.mot.api.gov.uk:443 "GET /v1/trade/vehicles/registration/LK10BZM HTTP/1.1" 200 None
2025-08-13 11:33:26,322 - urllib3.connectionpool - DEBUG - https://history.mot.api.gov.uk:443 "GET /v1/trade/vehicles/registration/LK10BZN HTTP/1.1" 200 None
2025-08-13 11:33:26,322 - MOTHistoryImport - INFO - API Rate - Legacy: 1.25 RPS, Dynamic: 0 RPS (Daily: 10/500000)
2025-08-13 11:33:27,216 - urllib3.connectionpool - DEBUG - https://history.mot.api.gov.uk:443 "GET /v1/trade/vehicles/registration/LK10BZO HTTP/1.1" 200 None
2025-08-13 11:33:28,156 - urllib3.connectionpool - DEBUG - https://history.mot.api.gov.uk:443 "GET /v1/trade/vehicles/registration/LK10BZP HTTP/1.1" 200 None
2025-08-13 11:33:29,033 - urllib3.connectionpool - DEBUG - https://history.mot.api.gov.uk:443 "GET /v1/trade/vehicles/registration/LK10BZR HTTP/1.1" 200 None
2025-08-13 11:33:29,883 - urllib3.connectionpool - DEBUG - https://history.mot.api.gov.uk:443 "GET /v1/trade/vehicles/registration/LK10BZS HTTP/1.1" 200 None
2025-08-13 11:33:31,016 - urllib3.connectionpool - DEBUG - https://history.mot.api.gov.uk:443 "GET /v1/trade/vehicles/registration/LK10BZT HTTP/1.1" 200 None
2025-08-13 11:33:31,829 - urllib3.connectionpool - DEBUG - https://history.mot.api.gov.uk:443 "GET /v1/trade/vehicles/registration/LK10BZU HTTP/1.1" 200 None
2025-08-13 11:33:32,666 - urllib3.connectionpool - DEBUG - https://history.mot.api.gov.uk:443 "GET /v1/trade/vehicles/registration/LK11CXD HTTP/1.1" 200 None
2025-08-13 11:33:33,448 - urllib3.connectionpool - DEBUG - https://history.mot.api.gov.uk:443 "GET /v1/trade/vehicles/registration/LK11CXE HTTP/1.1" 200 None
2025-08-13 11:33:34,232 - urllib3.connectionpool - DEBUG - https://history.mot.api.gov.uk:443 "GET /v1/trade/vehicles/registration/LK11CXF HTTP/1.1" 200 None
2025-08-13 11:33:35,291 - urllib3.connectionpool - DEBUG - https://history.mot.api.gov.uk:443 "GET /v1/trade/vehicles/registration/LK11CXG HTTP/1.1" 200 None
2025-08-13 11:33:35,291 - MOTHistoryImport - INFO - API Rate - Legacy: 1.18 RPS, Dynamic: 0 RPS (Daily: 20/500000)
2025-08-13 11:33:35,992 - urllib3.connectionpool - DEBUG - https://history.mot.api.gov.uk:443 "GET /v1/trade/vehicles/registration/LK11CXJ HTTP/1.1" 200 None
2025-08-13 11:33:36,902 - urllib3.connectionpool - DEBUG - https://history.mot.api.gov.uk:443 "GET /v1/trade/vehicles/registration/LK11CXL HTTP/1.1" 200 None
2025-08-13 11:33:37,663 - urllib3.connectionpool - DEBUG - https://history.mot.api.gov.uk:443 "GET /v1/trade/vehicles/registration/LK11CXM HTTP/1.1" 200 None
2025-08-13 11:33:38,465 - urllib3.connectionpool - DEBUG - https://history.mot.api.gov.uk:443 "GET /v1/trade/vehicles/registration/LK11CXN HTTP/1.1" 200 None
2025-08-13 11:33:39,226 - urllib3.connectionpool - DEBUG - https://history.mot.api.gov.uk:443 "GET /v1/trade/vehicles/registration/LK11CXO HTTP/1.1" 200 None
2025-08-13 11:33:40,518 - urllib3.connectionpool - DEBUG - https://history.mot.api.gov.uk:443 "GET /v1/trade/vehicles/registration/LK11CXP HTTP/1.1" 200 None
2025-08-13 11:33:41,317 - urllib3.connectionpool - DEBUG - https://history.mot.api.gov.uk:443 "GET /v1/trade/vehicles/registration/LK11CXR HTTP/1.1" 200 None
2025-08-13 11:33:42,371 - urllib3.connectionpool - DEBUG - https://history.mot.api.gov.uk:443 "GET /v1/trade/vehicles/registration/LK11CXS HTTP/1.1" 200 None
2025-08-13 11:33:43,472 - urllib3.connectionpool - DEBUG - https://history.mot.api.gov.uk:443 "GET /v1/trade/vehicles/registration/LK11CXT HTTP/1.1" 200 None
2025-08-13 11:33:44,776 - urllib3.connectionpool - DEBUG - https://history.mot.api.gov.uk:443 "GET /v1/trade/vehicles/registration/LK11CXU HTTP/1.1" 200 None
2025-08-13 11:33:44,791 - MOTHistoryImport - INFO - API Rate - Legacy: 1.13 RPS, Dynamic: 0 RPS (Daily: 30/500000)
2025-08-13 11:33:45,984 - urllib3.connectionpool - DEBUG - https://history.mot.api.gov.uk:443 "GET /v1/trade/vehicles/registration/LK11CXV HTTP/1.1" 200 None
2025-08-13 11:33:46,751 - urllib3.connectionpool - DEBUG - https://history.mot.api.gov.uk:443 "GET /v1/trade/vehicles/registration/LK11CXW HTTP/1.1" 200 None
2025-08-13 11:33:47,985 - urllib3.connectionpool - DEBUG - https://history.mot.api.gov.uk:443 "GET /v1/trade/vehicles/registration/LK11CXX HTTP/1.1" 200 None
2025-08-13 11:33:48,905 - urllib3.connectionpool - DEBUG - https://history.mot.api.gov.uk:443 "GET /v1/trade/vehicles/registration/LK11CXY HTTP/1.1" 200 None
2025-08-13 11:33:49,628 - urllib3.connectionpool - DEBUG - https://history.mot.api.gov.uk:443 "GET /v1/trade/vehicles/registration/LK11CXZ HTTP/1.1" 200 None
2025-08-13 11:33:50,488 - urllib3.connectionpool - DEBUG - https://history.mot.api.gov.uk:443 "GET /v1/trade/vehicles/registration/LK11CYA HTTP/1.1" 200 None
2025-08-13 11:33:51,205 - urllib3.connectionpool - DEBUG - https://history.mot.api.gov.uk:443 "GET /v1/trade/vehicles/registration/LK11CYE HTTP/1.1" 200 None
2025-08-13 11:33:52,205 - urllib3.connectionpool - DEBUG - https://history.mot.api.gov.uk:443 "GET /v1/trade/vehicles/registration/LK11CYF HTTP/1.1" 200 None
2025-08-13 11:33:53,593 - urllib3.connectionpool - DEBUG - https://history.mot.api.gov.uk:443 "GET /v1/trade/vehicles/registration/LK11CYH HTTP/1.1" 200 None
2025-08-13 11:33:54,519 - urllib3.connectionpool - DEBUG - https://history.mot.api.gov.uk:443 "GET /v1/trade/vehicles/registration/LK11CYJ HTTP/1.1" 200 None
2025-08-13 11:33:54,583 - MOTHistoryImport - INFO - API Rate - Legacy: 1.10 RPS, Dynamic: 0 RPS (Daily: 40/500000)
2025-08-13 11:33:55,538 - urllib3.connectionpool - DEBUG - https://history.mot.api.gov.uk:443 "GET /v1/trade/vehicles/registration/LK11CYL HTTP/1.1" 200 None
2025-08-13 11:33:56,522 - urllib3.connectionpool - DEBUG - https://history.mot.api.gov.uk:443 "GET /v1/trade/vehicles/registration/LK11CYO HTTP/1.1" 200 None
2025-08-13 11:33:57,572 - urllib3.connectionpool - DEBUG - https://history.mot.api.gov.uk:443 "GET /v1/trade/vehicles/registration/LK11CYP HTTP/1.1" 200 None
2025-08-13 11:33:58,891 - urllib3.connectionpool - DEBUG - https://history.mot.api.gov.uk:443 "GET /v1/trade/vehicles/registration/LK11CYS HTTP/1.1" 200 None
2025-08-13 11:33:59,777 - urllib3.connectionpool - DEBUG - https://history.mot.api.gov.uk:443 "GET /v1/trade/vehicles/registration/LK11CYT HTTP/1.1" 200 None
2025-08-13 11:34:00,944 - urllib3.connectionpool - DEBUG - https://history.mot.api.gov.uk:443 "GET /v1/trade/vehicles/registration/LK11CYV HTTP/1.1" 200 None
2025-08-13 11:34:01,725 - urllib3.connectionpool - DEBUG - https://history.mot.api.gov.uk:443 "GET /v1/trade/vehicles/registration/LK61BJE HTTP/1.1" 200 None
2025-08-13 11:34:02,783 - urllib3.connectionpool - DEBUG - https://history.mot.api.gov.uk:443 "GET /v1/trade/vehicles/registration/LK61BJF HTTP/1.1" 200 None
2025-08-13 11:34:03,507 - urllib3.connectionpool - DEBUG - https://history.mot.api.gov.uk:443 "GET /v1/trade/vehicles/registration/LK61BJJ HTTP/1.1" 200 None
2025-08-13 11:34:04,067 - urllib3.connectionpool - DEBUG - https://history.mot.api.gov.uk:443 "GET /v1/trade/vehicles/registration/LK57EJA HTTP/1.1" 200 None
2025-08-13 11:34:04,067 - MOTHistoryImport - INFO - API Rate - Legacy: 1.09 RPS, Dynamic: 0 RPS (Daily: 50/500000)
2025-08-13 11:34:05,140 - urllib3.connectionpool - DEBUG - https://history.mot.api.gov.uk:443 "GET /v1/trade/vehicles/registration/LK09ENC HTTP/1.1" 200 None
2025-08-13 11:34:06,121 - urllib3.connectionpool - DEBUG - https://history.mot.api.gov.uk:443 "GET /v1/trade/vehicles/registration/LK09ENE HTTP/1.1" 200 None
2025-08-13 11:34:07,471 - urllib3.connectionpool - DEBUG - https://history.mot.api.gov.uk:443 "GET /v1/trade/vehicles/registration/LK09ENF HTTP/1.1" 200 None
2025-08-13 11:34:08,428 - urllib3.connectionpool - DEBUG - https://history.mot.api.gov.uk:443 "GET /v1/trade/vehicles/registration/LK09ENH HTTP/1.1" 200 None
2025-08-13 11:34:09,511 - urllib3.connectionpool - DEBUG - https://history.mot.api.gov.uk:443 "GET /v1/trade/vehicles/registration/LK09ENN HTTP/1.1" 200 None
2025-08-13 11:34:10,705 - urllib3.connectionpool - DEBUG - https://history.mot.api.gov.uk:443 "GET /v1/trade/vehicles/registration/LK09ENO HTTP/1.1" 200 None
2025-08-13 11:34:11,649 - urllib3.connectionpool - DEBUG - https://history.mot.api.gov.uk:443 "GET /v1/trade/vehicles/registration/LK09ENP HTTP/1.1" 200 None
2025-08-13 11:34:12,717 - urllib3.connectionpool - DEBUG - https://history.mot.api.gov.uk:443 "GET /v1/trade/vehicles/registration/LK09ENR HTTP/1.1" 200 None
2025-08-13 11:34:13,609 - urllib3.connectionpool - DEBUG - https://history.mot.api.gov.uk:443 "GET /v1/trade/vehicles/registration/LK59AVB HTTP/1.1" 200 None
2025-08-13 11:34:15,252 - urllib3.connectionpool - DEBUG - https://history.mot.api.gov.uk:443 "GET /v1/trade/vehicles/registration/LK59AVC HTTP/1.1" 200 None
2025-08-13 11:34:15,252 - MOTHistoryImport - INFO - API Rate - Legacy: 1.05 RPS, Dynamic: 0 RPS (Daily: 60/500000)
2025-08-13 11:34:16,208 - urllib3.connectionpool - DEBUG - https://history.mot.api.gov.uk:443 "GET /v1/trade/vehicles/registration/LK59AVD HTTP/1.1" 200 None
2025-08-13 11:34:17,820 - urllib3.connectionpool - DEBUG - https://history.mot.api.gov.uk:443 "GET /v1/trade/vehicles/registration/LK59AVF HTTP/1.1" 200 None
2025-08-13 11:34:18,793 - urllib3.connectionpool - DEBUG - https://history.mot.api.gov.uk:443 "GET /v1/trade/vehicles/registration/LK59AVG HTTP/1.1" 200 None
2025-08-13 11:34:19,777 - urllib3.connectionpool - DEBUG - https://history.mot.api.gov.uk:443 "GET /v1/trade/vehicles/registration/LK59AVJ HTTP/1.1" 200 None
2025-08-13 11:34:20,862 - urllib3.connectionpool - DEBUG - https://history.mot.api.gov.uk:443 "GET /v1/trade/vehicles/registration/LK59AVL HTTP/1.1" 200 None
2025-08-13 11:34:22,092 - urllib3.connectionpool - DEBUG - https://history.mot.api.gov.uk:443 "GET /v1/trade/vehicles/registration/LK59AVM HTTP/1.1" 200 None
2025-08-13 11:34:23,171 - urllib3.connectionpool - DEBUG - https://history.mot.api.gov.uk:443 "GET /v1/trade/vehicles/registration/LK59AVN HTTP/1.1" 200 None
2025-08-13 11:34:24,157 - urllib3.connectionpool - DEBUG - https://history.mot.api.gov.uk:443 "GET /v1/trade/vehicles/registration/LK59AVO HTTP/1.1" 200 None
2025-08-13 11:34:24,889 - urllib3.connectionpool - DEBUG - https://history.mot.api.gov.uk:443 "GET /v1/trade/vehicles/registration/LK59AVR HTTP/1.1" 200 None
2025-08-13 11:34:25,733 - urllib3.connectionpool - DEBUG - https://history.mot.api.gov.uk:443 "GET /v1/trade/vehicles/registration/LK59AVU HTTP/1.1" 200 None
2025-08-13 11:34:25,733 - MOTHistoryImport - INFO - API Rate - Legacy: 1.03 RPS, Dynamic: 0 RPS (Daily: 70/500000)
2025-08-13 11:34:27,107 - urllib3.connectionpool - DEBUG - https://history.mot.api.gov.uk:443 "GET /v1/trade/vehicles/registration/LK59AVV HTTP/1.1" 200 None
2025-08-13 11:34:28,473 - urllib3.connectionpool - DEBUG - https://history.mot.api.gov.uk:443 "GET /v1/trade/vehicles/registration/LK59AVW HTTP/1.1" 200 None
2025-08-13 11:34:29,557 - urllib3.connectionpool - DEBUG - https://history.mot.api.gov.uk:443 "GET /v1/trade/vehicles/registration/LK59AVX HTTP/1.1" 200 None
2025-08-13 11:34:30,560 - urllib3.connectionpool - DEBUG - https://history.mot.api.gov.uk:443 "GET /v1/trade/vehicles/registration/LK10BYB HTTP/1.1" 200 None
2025-08-13 11:34:32,238 - urllib3.connectionpool - DEBUG - https://history.mot.api.gov.uk:443 "GET /v1/trade/vehicles/registration/LK10BYC HTTP/1.1" 200 None
2025-08-13 11:34:34,842 - urllib3.connectionpool - DEBUG - https://history.mot.api.gov.uk:443 "GET /v1/trade/vehicles/registration/LK10BYD HTTP/1.1" 200 None
2025-08-13 11:34:35,703 - urllib3.connectionpool - DEBUG - https://history.mot.api.gov.uk:443 "GET /v1/trade/vehicles/registration/LK10BYG HTTP/1.1" 200 None
2025-08-13 11:34:36,581 - urllib3.connectionpool - DEBUG - https://history.mot.api.gov.uk:443 "GET /v1/trade/vehicles/registration/LK10BYJ HTTP/1.1" 200 None
2025-08-13 11:34:37,725 - urllib3.connectionpool - DEBUG - https://history.mot.api.gov.uk:443 "GET /v1/trade/vehicles/registration/LK10BYL HTTP/1.1" 200 None
2025-08-13 11:34:38,555 - urllib3.connectionpool - DEBUG - https://history.mot.api.gov.uk:443 "GET /v1/trade/vehicles/registration/LK10BYM HTTP/1.1" 200 None
2025-08-13 11:34:38,555 - MOTHistoryImport - INFO - API Rate - Legacy: 0.94 RPS, Dynamic: 0 RPS (Daily: 80/500000)
2025-08-13 11:34:39,492 - urllib3.connectionpool - DEBUG - https://history.mot.api.gov.uk:443 "GET /v1/trade/vehicles/registration/LK10BYN HTTP/1.1" 200 None
2025-08-13 11:34:40,880 - urllib3.connectionpool - DEBUG - https://history.mot.api.gov.uk:443 "GET /v1/trade/vehicles/registration/LK10BYO HTTP/1.1" 200 None
2025-08-13 11:34:41,884 - urllib3.connectionpool - DEBUG - https://history.mot.api.gov.uk:443 "GET /v1/trade/vehicles/registration/LK10BYP HTTP/1.1" 200 None
2025-08-13 11:34:42,823 - urllib3.connectionpool - DEBUG - https://history.mot.api.gov.uk:443 "GET /v1/trade/vehicles/registration/LK10BYR HTTP/1.1" 200 None
2025-08-13 11:34:44,323 - urllib3.connectionpool - DEBUG - https://history.mot.api.gov.uk:443 "GET /v1/trade/vehicles/registration/LK10BYS HTTP/1.1" 200 None
2025-08-13 11:34:45,370 - urllib3.connectionpool - DEBUG - https://history.mot.api.gov.uk:443 "GET /v1/trade/vehicles/registration/LK10BYT HTTP/1.1" 200 None
2025-08-13 11:34:46,601 - urllib3.connectionpool - DEBUG - https://history.mot.api.gov.uk:443 "GET /v1/trade/vehicles/registration/LK10BYU HTTP/1.1" 200 None
2025-08-13 11:34:48,043 - urllib3.connectionpool - DEBUG - https://history.mot.api.gov.uk:443 "GET /v1/trade/vehicles/registration/LK10BYV HTTP/1.1" 200 None
2025-08-13 11:34:49,536 - urllib3.connectionpool - DEBUG - https://history.mot.api.gov.uk:443 "GET /v1/trade/vehicles/registration/LK10BYW HTTP/1.1" 200 None
2025-08-13 11:34:51,074 - urllib3.connectionpool - DEBUG - https://history.mot.api.gov.uk:443 "GET /v1/trade/vehicles/registration/LK10BYX HTTP/1.1" 200 None
2025-08-13 11:34:51,086 - MOTHistoryImport - INFO - API Rate - Legacy: 0.90 RPS, Dynamic: 0 RPS (Daily: 90/500000)
2025-08-13 11:34:52,486 - urllib3.connectionpool - DEBUG - https://history.mot.api.gov.uk:443 "GET /v1/trade/vehicles/registration/LK10BYY HTTP/1.1" 200 None
2025-08-13 11:34:53,634 - urllib3.connectionpool - DEBUG - https://history.mot.api.gov.uk:443 "GET /v1/trade/vehicles/registration/LK10BYZ HTTP/1.1" 200 None
2025-08-13 11:34:54,605 - urllib3.connectionpool - DEBUG - https://history.mot.api.gov.uk:443 "GET /v1/trade/vehicles/registration/LK10BZA HTTP/1.1" 200 None
2025-08-13 11:34:56,021 - urllib3.connectionpool - DEBUG - https://history.mot.api.gov.uk:443 "GET /v1/trade/vehicles/registration/LK10BZB HTTP/1.1" 200 None
2025-08-13 11:34:57,217 - urllib3.connectionpool - DEBUG - https://history.mot.api.gov.uk:443 "GET /v1/trade/vehicles/registration/LK10BZC HTTP/1.1" 200 None
2025-08-13 11:34:58,410 - urllib3.connectionpool - DEBUG - https://history.mot.api.gov.uk:443 "GET /v1/trade/vehicles/registration/LK11CWF HTTP/1.1" 200 None
2025-08-13 11:35:00,024 - urllib3.connectionpool - DEBUG - https://history.mot.api.gov.uk:443 "GET /v1/trade/vehicles/registration/LK11CWG HTTP/1.1" 200 None
2025-08-13 11:35:01,196 - urllib3.connectionpool - DEBUG - https://history.mot.api.gov.uk:443 "GET /v1/trade/vehicles/registration/LK11CWJ HTTP/1.1" 200 None
2025-08-13 11:35:02,498 - urllib3.connectionpool - DEBUG - https://history.mot.api.gov.uk:443 "GET /v1/trade/vehicles/registration/LK11CWL HTTP/1.1" 200 None
2025-08-13 11:35:03,581 - urllib3.connectionpool - DEBUG - https://history.mot.api.gov.uk:443 "GET /v1/trade/vehicles/registration/LK11CWM HTTP/1.1" 200 None
2025-08-13 11:35:03,581 - MOTHistoryImport - INFO - API Rate - Legacy: 0.86 RPS, Dynamic: 0 RPS (Daily: 100/500000)
2025-08-13 11:35:04,073 - MOTHistoryImport - INFO - Bulk inserting 100 vehicle records...
2025-08-13 11:35:04,674 - MOTHistoryImport - INFO - Successfully bulk inserted 100 vehicle records
2025-08-13 11:35:04,674 - MOTHistoryImport - INFO - Bulk inserting 716 test records...
2025-08-13 11:35:04,802 - MOTHistoryImport - INFO - Successfully exported 716 records to CSV_Exports\StageMOTTests_20250813_113504.csv
2025-08-13 11:35:08,981 - MOTHistoryImport - INFO - Successfully processed 716 test records (0 duplicates skipped)
2025-08-13 11:35:08,981 - MOTHistoryImport - INFO - Bulk inserting 146 defect records...
2025-08-13 11:35:09,822 - MOTHistoryImport - INFO - Successfully bulk inserted 146 defect records
2025-08-13 11:35:09,822 - MOTHistoryImport - INFO - Bulk batch committed: 100 successful, 0 failed, 100 vehicles, 716 tests, 146 defects, 0 not found
2025-08-13 11:35:09,838 - MOTHistoryImport - INFO - Progress: 4.4% (100/2294)
2025-08-13 11:35:09,838 - MOTHistoryImport - INFO - Processing batch 2/23 (100 registrations)
2025-08-13 11:35:10,592 - urllib3.connectionpool - DEBUG - https://history.mot.api.gov.uk:443 "GET /v1/trade/vehicles/registration/LK11CWN HTTP/1.1" 200 None
2025-08-13 11:35:11,768 - urllib3.connectionpool - DEBUG - https://history.mot.api.gov.uk:443 "GET /v1/trade/vehicles/registration/LK11CWO HTTP/1.1" 200 None
2025-08-13 11:35:13,777 - urllib3.connectionpool - DEBUG - https://history.mot.api.gov.uk:443 "GET /v1/trade/vehicles/registration/LK11CWP HTTP/1.1" 200 None
2025-08-13 11:35:15,009 - urllib3.connectionpool - DEBUG - https://history.mot.api.gov.uk:443 "GET /v1/trade/vehicles/registration/LK11CWR HTTP/1.1" 200 None
2025-08-13 11:35:16,179 - urllib3.connectionpool - DEBUG - https://history.mot.api.gov.uk:443 "GET /v1/trade/vehicles/registration/LK11CWT HTTP/1.1" 200 None
2025-08-13 11:35:17,259 - urllib3.connectionpool - DEBUG - https://history.mot.api.gov.uk:443 "GET /v1/trade/vehicles/registration/LK11CWU HTTP/1.1" 200 None
2025-08-13 11:35:18,319 - urllib3.connectionpool - DEBUG - https://history.mot.api.gov.uk:443 "GET /v1/trade/vehicles/registration/LK11CWV HTTP/1.1" 200 None
2025-08-13 11:35:19,574 - urllib3.connectionpool - DEBUG - https://history.mot.api.gov.uk:443 "GET /v1/trade/vehicles/registration/LK11CWW HTTP/1.1" 200 None
2025-08-13 11:35:20,656 - urllib3.connectionpool - DEBUG - https://history.mot.api.gov.uk:443 "GET /v1/trade/vehicles/registration/LK11CWX HTTP/1.1" 200 None
2025-08-13 11:35:22,138 - urllib3.connectionpool - DEBUG - https://history.mot.api.gov.uk:443 "GET /v1/trade/vehicles/registration/LK11CWY HTTP/1.1" 200 None
2025-08-13 11:35:22,150 - MOTHistoryImport - INFO - API Rate - Legacy: 0.75 RPS, Dynamic: 0 RPS (Daily: 110/500000)
2025-08-13 11:35:23,220 - urllib3.connectionpool - DEBUG - https://history.mot.api.gov.uk:443 "GET /v1/trade/vehicles/registration/LK11CWZ HTTP/1.1" 200 None
2025-08-13 11:35:24,444 - urllib3.connectionpool - DEBUG - https://history.mot.api.gov.uk:443 "GET /v1/trade/vehicles/registration/LK11CXA HTTP/1.1" 200 None
2025-08-13 11:35:26,266 - urllib3.connectionpool - DEBUG - https://history.mot.api.gov.uk:443 "GET /v1/trade/vehicles/registration/LK11CXB HTTP/1.1" 200 None
2025-08-13 11:35:27,961 - urllib3.connectionpool - DEBUG - https://history.mot.api.gov.uk:443 "GET /v1/trade/vehicles/registration/LK11CXC HTTP/1.1" 200 None
2025-08-13 11:35:30,055 - urllib3.connectionpool - DEBUG - https://history.mot.api.gov.uk:443 "GET /v1/trade/vehicles/registration/LK08DWC HTTP/1.1" 200 None
2025-08-13 11:35:31,429 - urllib3.connectionpool - DEBUG - https://history.mot.api.gov.uk:443 "GET /v1/trade/vehicles/registration/LK58CNO HTTP/1.1" 200 None
2025-08-13 11:35:33,343 - urllib3.connectionpool - DEBUG - https://history.mot.api.gov.uk:443 "GET /v1/trade/vehicles/registration/LK58CNX HTTP/1.1" 200 None
2025-08-13 11:35:35,158 - urllib3.connectionpool - DEBUG - https://history.mot.api.gov.uk:443 "GET /v1/trade/vehicles/registration/LK58CNY HTTP/1.1" 200 None
2025-08-13 11:35:36,783 - urllib3.connectionpool - DEBUG - https://history.mot.api.gov.uk:443 "GET /v1/trade/vehicles/registration/LK58CNZ HTTP/1.1" 200 None
2025-08-13 11:35:38,407 - urllib3.connectionpool - DEBUG - https://history.mot.api.gov.uk:443 "GET /v1/trade/vehicles/registration/LK58COA HTTP/1.1" 200 None
2025-08-13 11:35:38,407 - MOTHistoryImport - INFO - API Rate - Legacy: 0.69 RPS, Dynamic: 0 RPS (Daily: 120/500000)
2025-08-13 11:35:39,805 - urllib3.connectionpool - DEBUG - https://history.mot.api.gov.uk:443 "GET /v1/trade/vehicles/registration/LK58COH HTTP/1.1" 200 None
2025-08-13 11:35:41,810 - urllib3.connectionpool - DEBUG - https://history.mot.api.gov.uk:443 "GET /v1/trade/vehicles/registration/LK58COJ HTTP/1.1" 200 None
2025-08-13 11:35:43,613 - urllib3.connectionpool - DEBUG - https://history.mot.api.gov.uk:443 "GET /v1/trade/vehicles/registration/LK58COU HTTP/1.1" 200 None
2025-08-13 11:35:45,255 - urllib3.connectionpool - DEBUG - https://history.mot.api.gov.uk:443 "GET /v1/trade/vehicles/registration/LK58CPE HTTP/1.1" 200 None
2025-08-13 11:35:46,812 - urllib3.connectionpool - DEBUG - https://history.mot.api.gov.uk:443 "GET /v1/trade/vehicles/registration/LK58CPF HTTP/1.1" 200 None
2025-08-13 11:35:48,604 - urllib3.connectionpool - DEBUG - https://history.mot.api.gov.uk:443 "GET /v1/trade/vehicles/registration/LK58KFW HTTP/1.1" 200 None
2025-08-13 11:35:50,383 - urllib3.connectionpool - DEBUG - https://history.mot.api.gov.uk:443 "GET /v1/trade/vehicles/registration/LK58KFX HTTP/1.1" 200 None
2025-08-13 11:35:52,265 - urllib3.connectionpool - DEBUG - https://history.mot.api.gov.uk:443 "GET /v1/trade/vehicles/registration/LK58KFY HTTP/1.1" 200 None
2025-08-13 11:35:54,211 - urllib3.connectionpool - DEBUG - https://history.mot.api.gov.uk:443 "GET /v1/trade/vehicles/registration/LK58KFZ HTTP/1.1" 200 None
2025-08-13 11:35:56,441 - urllib3.connectionpool - DEBUG - https://history.mot.api.gov.uk:443 "GET /v1/trade/vehicles/registration/LK58KGA HTTP/1.1" 200 None
2025-08-13 11:35:56,455 - MOTHistoryImport - INFO - API Rate - Legacy: 0.61 RPS, Dynamic: 0 RPS (Daily: 130/500000)
2025-08-13 11:35:59,142 - urllib3.connectionpool - DEBUG - https://history.mot.api.gov.uk:443 "GET /v1/trade/vehicles/registration/LK58KGE HTTP/1.1" 200 None
2025-08-13 11:36:00,701 - urllib3.connectionpool - DEBUG - https://history.mot.api.gov.uk:443 "GET /v1/trade/vehicles/registration/LK58KGF HTTP/1.1" 200 None
2025-08-13 11:36:02,451 - urllib3.connectionpool - DEBUG - https://history.mot.api.gov.uk:443 "GET /v1/trade/vehicles/registration/LK58KGG HTTP/1.1" 200 None
2025-08-13 11:36:04,296 - urllib3.connectionpool - DEBUG - https://history.mot.api.gov.uk:443 "GET /v1/trade/vehicles/registration/LK58KHT HTTP/1.1" 200 None
2025-08-13 11:36:05,867 - urllib3.connectionpool - DEBUG - https://history.mot.api.gov.uk:443 "GET /v1/trade/vehicles/registration/LK60AFF HTTP/1.1" 200 None
2025-08-13 11:36:07,649 - urllib3.connectionpool - DEBUG - https://history.mot.api.gov.uk:443 "GET /v1/trade/vehicles/registration/LK60AFZ HTTP/1.1" 200 None
2025-08-13 11:36:09,434 - urllib3.connectionpool - DEBUG - https://history.mot.api.gov.uk:443 "GET /v1/trade/vehicles/registration/LK60AGO HTTP/1.1" 200 None
2025-08-13 11:36:11,081 - urllib3.connectionpool - DEBUG - https://history.mot.api.gov.uk:443 "GET /v1/trade/vehicles/registration/LK60AGU HTTP/1.1" 200 None
2025-08-13 11:36:12,622 - urllib3.connectionpool - DEBUG - https://history.mot.api.gov.uk:443 "GET /v1/trade/vehicles/registration/LK60AGV HTTP/1.1" 200 None
2025-08-13 11:36:14,404 - urllib3.connectionpool - DEBUG - https://history.mot.api.gov.uk:443 "GET /v1/trade/vehicles/registration/LK60AHG HTTP/1.1" 200 None
2025-08-13 11:36:14,419 - MOTHistoryImport - INFO - API Rate - Legacy: 0.62 RPS, Dynamic: 0 RPS (Daily: 140/500000)
2025-08-13 11:36:16,361 - urllib3.connectionpool - DEBUG - https://history.mot.api.gov.uk:443 "GET /v1/trade/vehicles/registration/LK60AHJ HTTP/1.1" 200 None
2025-08-13 11:36:18,127 - urllib3.connectionpool - DEBUG - https://history.mot.api.gov.uk:443 "GET /v1/trade/vehicles/registration/LK60AHL HTTP/1.1" 200 None
2025-08-13 11:36:20,553 - urllib3.connectionpool - DEBUG - https://history.mot.api.gov.uk:443 "GET /v1/trade/vehicles/registration/LK60AHN HTTP/1.1" 200 None
2025-08-13 11:36:21,945 - urllib3.connectionpool - DEBUG - https://history.mot.api.gov.uk:443 "GET /v1/trade/vehicles/registration/LK60AHO HTTP/1.1" 200 None
2025-08-13 11:36:23,425 - urllib3.connectionpool - DEBUG - https://history.mot.api.gov.uk:443 "GET /v1/trade/vehicles/registration/LK60AHP HTTP/1.1" 200 None
2025-08-13 11:36:24,964 - urllib3.connectionpool - DEBUG - https://history.mot.api.gov.uk:443 "GET /v1/trade/vehicles/registration/LK60AHU HTTP/1.1" 200 None
2025-08-13 11:36:26,784 - urllib3.connectionpool - DEBUG - https://history.mot.api.gov.uk:443 "GET /v1/trade/vehicles/registration/LK61BJO HTTP/1.1" 200 None
2025-08-13 11:36:28,424 - urllib3.connectionpool - DEBUG - https://history.mot.api.gov.uk:443 "GET /v1/trade/vehicles/registration/LK61BJU HTTP/1.1" 200 None
2025-08-13 11:36:29,914 - urllib3.connectionpool - DEBUG - https://history.mot.api.gov.uk:443 "GET /v1/trade/vehicles/registration/LK61BJV HTTP/1.1" 200 None
2025-08-13 11:36:31,614 - urllib3.connectionpool - DEBUG - https://history.mot.api.gov.uk:443 "GET /v1/trade/vehicles/registration/LK61BJX HTTP/1.1" 200 None
2025-08-13 11:36:31,614 - MOTHistoryImport - INFO - API Rate - Legacy: 0.58 RPS, Dynamic: 0 RPS (Daily: 150/500000)
2025-08-13 11:36:33,055 - urllib3.connectionpool - DEBUG - https://history.mot.api.gov.uk:443 "GET /v1/trade/vehicles/registration/LK61BJY HTTP/1.1" 200 None
2025-08-13 11:36:34,874 - urllib3.connectionpool - DEBUG - https://history.mot.api.gov.uk:443 "GET /v1/trade/vehicles/registration/LK61BJZ HTTP/1.1" 200 None
2025-08-13 11:36:36,626 - urllib3.connectionpool - DEBUG - https://history.mot.api.gov.uk:443 "GET /v1/trade/vehicles/registration/LK61BKA HTTP/1.1" 200 None
2025-08-13 11:36:38,421 - urllib3.connectionpool - DEBUG - https://history.mot.api.gov.uk:443 "GET /v1/trade/vehicles/registration/LK61BKD HTTP/1.1" 200 None
2025-08-13 11:36:40,438 - urllib3.connectionpool - DEBUG - https://history.mot.api.gov.uk:443 "GET /v1/trade/vehicles/registration/LK61BKE HTTP/1.1" 200 None
2025-08-13 11:36:42,586 - urllib3.connectionpool - DEBUG - https://history.mot.api.gov.uk:443 "GET /v1/trade/vehicles/registration/LK61BKF HTTP/1.1" 200 None
2025-08-13 11:36:44,365 - urllib3.connectionpool - DEBUG - https://history.mot.api.gov.uk:443 "GET /v1/trade/vehicles/registration/LK61BKG HTTP/1.1" 200 None
2025-08-13 11:36:46,305 - urllib3.connectionpool - DEBUG - https://history.mot.api.gov.uk:443 "GET /v1/trade/vehicles/registration/LK61BKJ HTTP/1.1" 200 None
2025-08-13 11:36:48,579 - urllib3.connectionpool - DEBUG - https://history.mot.api.gov.uk:443 "GET /v1/trade/vehicles/registration/LK61BKL HTTP/1.1" 200 None
2025-08-13 11:36:50,723 - urllib3.connectionpool - DEBUG - https://history.mot.api.gov.uk:443 "GET /v1/trade/vehicles/registration/LK61BKN HTTP/1.1" 200 None
2025-08-13 11:36:50,739 - MOTHistoryImport - INFO - API Rate - Legacy: 0.56 RPS, Dynamic: 0 RPS (Daily: 160/500000)
2025-08-13 11:36:52,664 - urllib3.connectionpool - DEBUG - https://history.mot.api.gov.uk:443 "GET /v1/trade/vehicles/registration/LK61BKO HTTP/1.1" 200 None
2025-08-13 11:36:55,604 - urllib3.connectionpool - DEBUG - https://history.mot.api.gov.uk:443 "GET /v1/trade/vehicles/registration/LK61BKU HTTP/1.1" 200 None
2025-08-13 11:36:58,730 - urllib3.connectionpool - DEBUG - https://history.mot.api.gov.uk:443 "GET /v1/trade/vehicles/registration/LK61BKV HTTP/1.1" 200 None
2025-08-13 11:37:00,878 - urllib3.connectionpool - DEBUG - https://history.mot.api.gov.uk:443 "GET /v1/trade/vehicles/registration/LK61BKY HTTP/1.1" 200 None
2025-08-13 11:37:04,954 - urllib3.connectionpool - DEBUG - https://history.mot.api.gov.uk:443 "GET /v1/trade/vehicles/registration/LK61BKZ HTTP/1.1" 200 None
2025-08-13 11:37:07,465 - urllib3.connectionpool - DEBUG - https://history.mot.api.gov.uk:443 "GET /v1/trade/vehicles/registration/LK61BLF HTTP/1.1" 200 None
2025-08-13 11:37:09,913 - urllib3.connectionpool - DEBUG - https://history.mot.api.gov.uk:443 "GET /v1/trade/vehicles/registration/LK61BLJ HTTP/1.1" 200 None
2025-08-13 11:37:12,268 - urllib3.connectionpool - DEBUG - https://history.mot.api.gov.uk:443 "GET /v1/trade/vehicles/registration/LK61BLN HTTP/1.1" 200 None
2025-08-13 11:37:15,015 - urllib3.connectionpool - DEBUG - https://history.mot.api.gov.uk:443 "GET /v1/trade/vehicles/registration/LK61BLV HTTP/1.1" 200 None
2025-08-13 11:37:17,400 - urllib3.connectionpool - DEBUG - https://history.mot.api.gov.uk:443 "GET /v1/trade/vehicles/registration/LK61BLX HTTP/1.1" 200 None
2025-08-13 11:37:17,418 - MOTHistoryImport - INFO - API Rate - Legacy: 0.49 RPS, Dynamic: 0 RPS (Daily: 170/500000)
2025-08-13 11:37:19,654 - urllib3.connectionpool - DEBUG - https://history.mot.api.gov.uk:443 "GET /v1/trade/vehicles/registration/LK61BLZ HTTP/1.1" 200 None
2025-08-13 11:37:22,464 - urllib3.connectionpool - DEBUG - https://history.mot.api.gov.uk:443 "GET /v1/trade/vehicles/registration/LK61BMO HTTP/1.1" 200 None
2025-08-13 11:37:24,676 - urllib3.connectionpool - DEBUG - https://history.mot.api.gov.uk:443 "GET /v1/trade/vehicles/registration/LK59JJU HTTP/1.1" 200 None
2025-08-13 11:37:27,516 - urllib3.connectionpool - DEBUG - https://history.mot.api.gov.uk:443 "GET /v1/trade/vehicles/registration/LK10BXC HTTP/1.1" 200 None
2025-08-13 11:37:30,538 - urllib3.connectionpool - DEBUG - https://history.mot.api.gov.uk:443 "GET /v1/trade/vehicles/registration/LK10BXD HTTP/1.1" 200 None
2025-08-13 11:37:34,141 - urllib3.connectionpool - DEBUG - https://history.mot.api.gov.uk:443 "GET /v1/trade/vehicles/registration/LK10BXE HTTP/1.1" 200 None
2025-08-13 11:37:37,529 - urllib3.connectionpool - DEBUG - https://history.mot.api.gov.uk:443 "GET /v1/trade/vehicles/registration/LK10BXF HTTP/1.1" 200 None
2025-08-13 11:37:39,172 - urllib3.connectionpool - DEBUG - https://history.mot.api.gov.uk:443 "GET /v1/trade/vehicles/registration/LK10BXG HTTP/1.1" 200 None
2025-08-13 11:37:41,306 - urllib3.connectionpool - DEBUG - https://history.mot.api.gov.uk:443 "GET /v1/trade/vehicles/registration/LK10BXH HTTP/1.1" 200 None
2025-08-13 11:37:43,050 - urllib3.connectionpool - DEBUG - https://history.mot.api.gov.uk:443 "GET /v1/trade/vehicles/registration/LK10BXJ HTTP/1.1" 200 None
2025-08-13 11:37:43,112 - MOTHistoryImport - INFO - API Rate - Legacy: 0.41 RPS, Dynamic: 0 RPS (Daily: 180/500000)
2025-08-13 11:37:46,980 - urllib3.connectionpool - DEBUG - https://history.mot.api.gov.uk:443 "GET /v1/trade/vehicles/registration/LK10BXL HTTP/1.1" 200 None
2025-08-13 11:37:48,669 - urllib3.connectionpool - DEBUG - https://history.mot.api.gov.uk:443 "GET /v1/trade/vehicles/registration/LK10BXM HTTP/1.1" 200 None
2025-08-13 11:37:50,319 - urllib3.connectionpool - DEBUG - https://history.mot.api.gov.uk:443 "GET /v1/trade/vehicles/registration/LK10BXN HTTP/1.1" 200 None
2025-08-13 11:37:52,021 - urllib3.connectionpool - DEBUG - https://history.mot.api.gov.uk:443 "GET /v1/trade/vehicles/registration/LK10BXO HTTP/1.1" 200 None
2025-08-13 11:37:53,664 - urllib3.connectionpool - DEBUG - https://history.mot.api.gov.uk:443 "GET /v1/trade/vehicles/registration/LK10BXP HTTP/1.1" 200 None
2025-08-13 11:37:55,650 - urllib3.connectionpool - DEBUG - https://history.mot.api.gov.uk:443 "GET /v1/trade/vehicles/registration/LK10BXR HTTP/1.1" 200 None
2025-08-13 11:37:57,433 - urllib3.connectionpool - DEBUG - https://history.mot.api.gov.uk:443 "GET /v1/trade/vehicles/registration/LK10BXS HTTP/1.1" 200 None
2025-08-13 11:37:59,180 - urllib3.connectionpool - DEBUG - https://history.mot.api.gov.uk:443 "GET /v1/trade/vehicles/registration/LK10BXU HTTP/1.1" 200 None
2025-08-13 11:38:01,876 - urllib3.connectionpool - DEBUG - https://history.mot.api.gov.uk:443 "GET /v1/trade/vehicles/registration/LK10BXV HTTP/1.1" 200 None
2025-08-13 11:38:03,751 - urllib3.connectionpool - DEBUG - https://history.mot.api.gov.uk:443 "GET /v1/trade/vehicles/registration/LK10BXW HTTP/1.1" 200 None
2025-08-13 11:38:03,761 - MOTHistoryImport - INFO - API Rate - Legacy: 0.44 RPS, Dynamic: 0 RPS (Daily: 190/500000)
2025-08-13 11:38:05,296 - urllib3.connectionpool - DEBUG - https://history.mot.api.gov.uk:443 "GET /v1/trade/vehicles/registration/LK10BXX HTTP/1.1" 200 None
2025-08-13 11:38:07,202 - urllib3.connectionpool - DEBUG - https://history.mot.api.gov.uk:443 "GET /v1/trade/vehicles/registration/LK10BXY HTTP/1.1" 200 None
2025-08-13 11:38:09,074 - urllib3.connectionpool - DEBUG - https://history.mot.api.gov.uk:443 "GET /v1/trade/vehicles/registration/LK10BXZ HTTP/1.1" 200 None
2025-08-13 11:38:10,871 - urllib3.connectionpool - DEBUG - https://history.mot.api.gov.uk:443 "GET /v1/trade/vehicles/registration/LK10BYA HTTP/1.1" 200 None
2025-08-13 11:38:13,029 - urllib3.connectionpool - DEBUG - https://history.mot.api.gov.uk:443 "GET /v1/trade/vehicles/registration/LK60AEA HTTP/1.1" 200 None
2025-08-13 11:38:14,809 - urllib3.connectionpool - DEBUG - https://history.mot.api.gov.uk:443 "GET /v1/trade/vehicles/registration/LK60AEB HTTP/1.1" 200 None
2025-08-13 11:38:16,492 - urllib3.connectionpool - DEBUG - https://history.mot.api.gov.uk:443 "GET /v1/trade/vehicles/registration/LK60AEC HTTP/1.1" 200 None
2025-08-13 11:38:18,783 - urllib3.connectionpool - DEBUG - https://history.mot.api.gov.uk:443 "GET /v1/trade/vehicles/registration/LK60AED HTTP/1.1" 200 None
2025-08-13 11:38:21,529 - urllib3.connectionpool - DEBUG - https://history.mot.api.gov.uk:443 "GET /v1/trade/vehicles/registration/LK60AEE HTTP/1.1" 200 None
2025-08-13 11:38:23,338 - urllib3.connectionpool - DEBUG - https://history.mot.api.gov.uk:443 "GET /v1/trade/vehicles/registration/LK60AEF HTTP/1.1" 200 None
2025-08-13 11:38:23,338 - MOTHistoryImport - INFO - API Rate - Legacy: 0.48 RPS, Dynamic: 0 RPS (Daily: 200/500000)
2025-08-13 11:38:24,369 - MOTHistoryImport - INFO - Bulk inserting 100 vehicle records...
2025-08-13 11:38:24,940 - MOTHistoryImport - INFO - Successfully bulk inserted 100 vehicle records
2025-08-13 11:38:24,955 - MOTHistoryImport - INFO - Bulk inserting 788 test records...
2025-08-13 11:38:25,019 - MOTHistoryImport - INFO - Successfully exported 788 records to CSV_Exports\StageMOTTests_20250813_113824.csv
2025-08-13 11:38:29,181 - MOTHistoryImport - INFO - Successfully processed 788 test records (0 duplicates skipped)
2025-08-13 11:38:29,181 - MOTHistoryImport - INFO - Bulk inserting 933 defect records...
2025-08-13 11:38:34,212 - MOTHistoryImport - INFO - Successfully bulk inserted 933 defect records
2025-08-13 11:38:34,228 - MOTHistoryImport - INFO - Bulk batch committed: 100 successful, 0 failed, 100 vehicles, 788 tests, 933 defects, 0 not found
2025-08-13 11:38:34,228 - MOTHistoryImport - INFO - Progress: 8.7% (200/2294)
2025-08-13 11:38:34,228 - MOTHistoryImport - INFO - Processing batch 3/23 (100 registrations)
2025-08-13 11:38:34,887 - urllib3.connectionpool - DEBUG - https://history.mot.api.gov.uk:443 "GET /v1/trade/vehicles/registration/LK60AEG HTTP/1.1" 200 None
2025-08-13 11:38:36,633 - urllib3.connectionpool - DEBUG - https://history.mot.api.gov.uk:443 "GET /v1/trade/vehicles/registration/LK60AEJ HTTP/1.1" 200 None
2025-08-13 11:38:38,715 - urllib3.connectionpool - DEBUG - https://history.mot.api.gov.uk:443 "GET /v1/trade/vehicles/registration/LK60AEL HTTP/1.1" 200 None
2025-08-13 11:38:40,868 - urllib3.connectionpool - DEBUG - https://history.mot.api.gov.uk:443 "GET /v1/trade/vehicles/registration/LK60AEM HTTP/1.1" 200 None
2025-08-13 11:38:44,504 - urllib3.connectionpool - DEBUG - https://history.mot.api.gov.uk:443 "GET /v1/trade/vehicles/registration/LK60AEN HTTP/1.1" 200 None
2025-08-13 11:38:46,165 - urllib3.connectionpool - DEBUG - https://history.mot.api.gov.uk:443 "GET /v1/trade/vehicles/registration/LK60AEO HTTP/1.1" 200 None
2025-08-13 11:38:47,628 - urllib3.connectionpool - DEBUG - https://history.mot.api.gov.uk:443 "GET /v1/trade/vehicles/registration/LK60AEP HTTP/1.1" 200 None
2025-08-13 11:38:49,254 - urllib3.connectionpool - DEBUG - https://history.mot.api.gov.uk:443 "GET /v1/trade/vehicles/registration/LK60AET HTTP/1.1" 200 None
2025-08-13 11:38:52,572 - urllib3.connectionpool - DEBUG - https://history.mot.api.gov.uk:443 "GET /v1/trade/vehicles/registration/LK60AEU HTTP/1.1" 200 None
2025-08-13 11:38:54,331 - urllib3.connectionpool - DEBUG - https://history.mot.api.gov.uk:443 "GET /v1/trade/vehicles/registration/LK60AEV HTTP/1.1" 200 None
2025-08-13 11:38:54,331 - MOTHistoryImport - INFO - API Rate - Legacy: 0.43 RPS, Dynamic: 0 RPS (Daily: 210/500000)
2025-08-13 11:38:56,522 - urllib3.connectionpool - DEBUG - https://history.mot.api.gov.uk:443 "GET /v1/trade/vehicles/registration/LK60AEW HTTP/1.1" 200 None
2025-08-13 11:38:58,125 - urllib3.connectionpool - DEBUG - https://history.mot.api.gov.uk:443 "GET /v1/trade/vehicles/registration/LK61BMU HTTP/1.1" 200 None
2025-08-13 11:38:59,777 - urllib3.connectionpool - DEBUG - https://history.mot.api.gov.uk:443 "GET /v1/trade/vehicles/registration/LK61BMV HTTP/1.1" 200 None
2025-08-13 11:39:01,487 - urllib3.connectionpool - DEBUG - https://history.mot.api.gov.uk:443 "GET /v1/trade/vehicles/registration/LK61BMY HTTP/1.1" 200 None
2025-08-13 11:39:03,937 - urllib3.connectionpool - DEBUG - https://history.mot.api.gov.uk:443 "GET /v1/trade/vehicles/registration/LK61BMZ HTTP/1.1" 200 None
2025-08-13 11:39:05,588 - urllib3.connectionpool - DEBUG - https://history.mot.api.gov.uk:443 "GET /v1/trade/vehicles/registration/LK61BNA HTTP/1.1" 200 None
2025-08-13 11:39:08,294 - urllib3.connectionpool - DEBUG - https://history.mot.api.gov.uk:443 "GET /v1/trade/vehicles/registration/LK61BNB HTTP/1.1" 200 None
2025-08-13 11:39:10,627 - urllib3.connectionpool - DEBUG - https://history.mot.api.gov.uk:443 "GET /v1/trade/vehicles/registration/LK61BNE HTTP/1.1" 200 None
2025-08-13 11:39:12,243 - urllib3.connectionpool - DEBUG - https://history.mot.api.gov.uk:443 "GET /v1/trade/vehicles/registration/LK61BNF HTTP/1.1" 200 None
2025-08-13 11:39:14,115 - urllib3.connectionpool - DEBUG - https://history.mot.api.gov.uk:443 "GET /v1/trade/vehicles/registration/LK61BNJ HTTP/1.1" 200 None
2025-08-13 11:39:14,131 - MOTHistoryImport - INFO - API Rate - Legacy: 0.42 RPS, Dynamic: 0 RPS (Daily: 220/500000)
2025-08-13 11:39:16,524 - urllib3.connectionpool - DEBUG - https://history.mot.api.gov.uk:443 "GET /v1/trade/vehicles/registration/LK61BNL HTTP/1.1" 200 None
2025-08-13 11:39:18,271 - urllib3.connectionpool - DEBUG - https://history.mot.api.gov.uk:443 "GET /v1/trade/vehicles/registration/LK61BNN HTTP/1.1" 200 None
2025-08-13 11:39:20,161 - urllib3.connectionpool - DEBUG - https://history.mot.api.gov.uk:443 "GET /v1/trade/vehicles/registration/LK61BNO HTTP/1.1" 200 None
2025-08-13 11:39:22,004 - urllib3.connectionpool - DEBUG - https://history.mot.api.gov.uk:443 "GET /v1/trade/vehicles/registration/LK12AWX HTTP/1.1" 200 None
2025-08-13 11:39:23,715 - urllib3.connectionpool - DEBUG - https://history.mot.api.gov.uk:443 "GET /v1/trade/vehicles/registration/LK12AAF HTTP/1.1" 200 None
2025-08-13 11:39:25,534 - urllib3.connectionpool - DEBUG - https://history.mot.api.gov.uk:443 "GET /v1/trade/vehicles/registration/LK12AAJ HTTP/1.1" 200 None
2025-08-13 11:39:28,409 - urllib3.connectionpool - DEBUG - https://history.mot.api.gov.uk:443 "GET /v1/trade/vehicles/registration/LK12AAN HTTP/1.1" 200 None
2025-08-13 11:39:30,472 - urllib3.connectionpool - DEBUG - https://history.mot.api.gov.uk:443 "GET /v1/trade/vehicles/registration/LK12AAU HTTP/1.1" 200 None
2025-08-13 11:39:32,250 - urllib3.connectionpool - DEBUG - https://history.mot.api.gov.uk:443 "GET /v1/trade/vehicles/registration/LK12ABF HTTP/1.1" 200 None
2025-08-13 11:39:34,225 - urllib3.connectionpool - DEBUG - https://history.mot.api.gov.uk:443 "GET /v1/trade/vehicles/registration/LK12ABO HTTP/1.1" 200 None
2025-08-13 11:39:34,241 - MOTHistoryImport - INFO - API Rate - Legacy: 0.51 RPS, Dynamic: 0 RPS (Daily: 230/500000)
2025-08-13 11:39:36,290 - urllib3.connectionpool - DEBUG - https://history.mot.api.gov.uk:443 "GET /v1/trade/vehicles/registration/LK12ABX HTTP/1.1" 200 None
2025-08-13 11:39:38,736 - urllib3.connectionpool - DEBUG - https://history.mot.api.gov.uk:443 "GET /v1/trade/vehicles/registration/LK12ACF HTTP/1.1" 200 None
2025-08-13 11:39:40,624 - urllib3.connectionpool - DEBUG - https://history.mot.api.gov.uk:443 "GET /v1/trade/vehicles/registration/LK12ACO HTTP/1.1" 200 None
2025-08-13 11:39:42,323 - urllib3.connectionpool - DEBUG - https://history.mot.api.gov.uk:443 "GET /v1/trade/vehicles/registration/LK12ACZ HTTP/1.1" 200 None
2025-08-13 11:39:44,547 - urllib3.connectionpool - DEBUG - https://history.mot.api.gov.uk:443 "GET /v1/trade/vehicles/registration/LK12ADU HTTP/1.1" 200 None
2025-08-13 11:39:46,597 - urllib3.connectionpool - DEBUG - https://history.mot.api.gov.uk:443 "GET /v1/trade/vehicles/registration/LK12ADV HTTP/1.1" 200 None
2025-08-13 11:39:48,815 - urllib3.connectionpool - DEBUG - https://history.mot.api.gov.uk:443 "GET /v1/trade/vehicles/registration/LK12ADX HTTP/1.1" 200 None
2025-08-13 11:39:52,205 - urllib3.connectionpool - DEBUG - https://history.mot.api.gov.uk:443 "GET /v1/trade/vehicles/registration/LK12AEA HTTP/1.1" 200 None
2025-08-13 11:39:54,455 - urllib3.connectionpool - DEBUG - https://history.mot.api.gov.uk:443 "GET /v1/trade/vehicles/registration/LK12AEF HTTP/1.1" 200 None
2025-08-13 11:39:56,641 - urllib3.connectionpool - DEBUG - https://history.mot.api.gov.uk:443 "GET /v1/trade/vehicles/registration/LK12AEG HTTP/1.1" 200 None
2025-08-13 11:39:56,657 - MOTHistoryImport - INFO - API Rate - Legacy: 0.50 RPS, Dynamic: 0 RPS (Daily: 240/500000)
2025-08-13 11:39:59,830 - urllib3.connectionpool - DEBUG - https://history.mot.api.gov.uk:443 "GET /v1/trade/vehicles/registration/LK12AET HTTP/1.1" 200 None
2025-08-13 11:40:01,958 - urllib3.connectionpool - DEBUG - https://history.mot.api.gov.uk:443 "GET /v1/trade/vehicles/registration/LK12AEU HTTP/1.1" 200 None
2025-08-13 11:40:04,274 - urllib3.connectionpool - DEBUG - https://history.mot.api.gov.uk:443 "GET /v1/trade/vehicles/registration/LK12AFO HTTP/1.1" 200 None
2025-08-13 11:40:07,384 - urllib3.connectionpool - DEBUG - https://history.mot.api.gov.uk:443 "GET /v1/trade/vehicles/registration/LK12AEW HTTP/1.1" 200 None
2025-08-13 11:40:09,965 - urllib3.connectionpool - DEBUG - https://history.mot.api.gov.uk:443 "GET /v1/trade/vehicles/registration/LK12AEZ HTTP/1.1" 200 None
2025-08-13 11:40:12,229 - urllib3.connectionpool - DEBUG - https://history.mot.api.gov.uk:443 "GET /v1/trade/vehicles/registration/LK12AFA HTTP/1.1" 200 None
2025-08-13 11:40:17,224 - urllib3.connectionpool - DEBUG - https://history.mot.api.gov.uk:443 "GET /v1/trade/vehicles/registration/LK12AFE HTTP/1.1" 200 None
2025-08-13 11:40:19,869 - urllib3.connectionpool - DEBUG - https://history.mot.api.gov.uk:443 "GET /v1/trade/vehicles/registration/LK12AEB HTTP/1.1" 200 None
2025-08-13 11:40:21,996 - urllib3.connectionpool - DEBUG - https://history.mot.api.gov.uk:443 "GET /v1/trade/vehicles/registration/LK12AFX HTTP/1.1" 200 None
2025-08-13 11:40:24,378 - urllib3.connectionpool - DEBUG - https://history.mot.api.gov.uk:443 "GET /v1/trade/vehicles/registration/LK12AHA HTTP/1.1" 200 None
2025-08-13 11:40:24,409 - MOTHistoryImport - INFO - API Rate - Legacy: 0.42 RPS, Dynamic: 0 RPS (Daily: 250/500000)
2025-08-13 11:40:26,501 - urllib3.connectionpool - DEBUG - https://history.mot.api.gov.uk:443 "GET /v1/trade/vehicles/registration/LK12AFV HTTP/1.1" 200 None
2025-08-13 11:40:30,535 - urllib3.connectionpool - DEBUG - https://history.mot.api.gov.uk:443 "GET /v1/trade/vehicles/registration/LK12AHC HTTP/1.1" 200 None
2025-08-13 11:40:32,658 - urllib3.connectionpool - DEBUG - https://history.mot.api.gov.uk:443 "GET /v1/trade/vehicles/registration/LK12AHD HTTP/1.1" 200 None
2025-08-13 11:40:34,724 - urllib3.connectionpool - DEBUG - https://history.mot.api.gov.uk:443 "GET /v1/trade/vehicles/registration/LK12AHO HTTP/1.1" 200 None
2025-08-13 11:40:36,819 - urllib3.connectionpool - DEBUG - https://history.mot.api.gov.uk:443 "GET /v1/trade/vehicles/registration/LK12AHU HTTP/1.1" 200 None
2025-08-13 11:40:40,546 - urllib3.connectionpool - DEBUG - https://history.mot.api.gov.uk:443 "GET /v1/trade/vehicles/registration/LK12AHZ HTTP/1.1" 200 None
2025-08-13 11:40:45,067 - urllib3.connectionpool - DEBUG - https://history.mot.api.gov.uk:443 "GET /v1/trade/vehicles/registration/LK12AFU HTTP/1.1" 200 None
2025-08-13 11:40:48,714 - urllib3.connectionpool - DEBUG - https://history.mot.api.gov.uk:443 "GET /v1/trade/vehicles/registration/LK12AKN HTTP/1.1" 200 None
2025-08-13 11:40:50,868 - urllib3.connectionpool - DEBUG - https://history.mot.api.gov.uk:443 "GET /v1/trade/vehicles/registration/LK12AKO HTTP/1.1" 200 None
2025-08-13 11:40:53,696 - urllib3.connectionpool - DEBUG - https://history.mot.api.gov.uk:443 "GET /v1/trade/vehicles/registration/LK12AJX HTTP/1.1" 200 None
2025-08-13 11:40:53,712 - MOTHistoryImport - INFO - API Rate - Legacy: 0.37 RPS, Dynamic: 0 RPS (Daily: 260/500000)
2025-08-13 11:40:55,935 - urllib3.connectionpool - DEBUG - https://history.mot.api.gov.uk:443 "GET /v1/trade/vehicles/registration/LK12ALO HTTP/1.1" 200 None
2025-08-13 11:40:57,902 - urllib3.connectionpool - DEBUG - https://history.mot.api.gov.uk:443 "GET /v1/trade/vehicles/registration/LK12AMO HTTP/1.1" 200 None
2025-08-13 11:41:00,261 - urllib3.connectionpool - DEBUG - https://history.mot.api.gov.uk:443 "GET /v1/trade/vehicles/registration/LK12AMV HTTP/1.1" 200 None
2025-08-13 11:41:04,897 - urllib3.connectionpool - DEBUG - https://history.mot.api.gov.uk:443 "GET /v1/trade/vehicles/registration/LK12AOX HTTP/1.1" 200 None
2025-08-13 11:41:06,883 - urllib3.connectionpool - DEBUG - https://history.mot.api.gov.uk:443 "GET /v1/trade/vehicles/registration/LK12ANF HTTP/1.1" 200 None
2025-08-13 11:41:09,616 - urllib3.connectionpool - DEBUG - https://history.mot.api.gov.uk:443 "GET /v1/trade/vehicles/registration/LK12AOA HTTP/1.1" 200 None
2025-08-13 11:41:11,810 - urllib3.connectionpool - DEBUG - https://history.mot.api.gov.uk:443 "GET /v1/trade/vehicles/registration/LK12AOL HTTP/1.1" 200 None
2025-08-13 11:41:13,975 - urllib3.connectionpool - DEBUG - https://history.mot.api.gov.uk:443 "GET /v1/trade/vehicles/registration/LK12AOO HTTP/1.1" 200 None
2025-08-13 11:41:16,291 - urllib3.connectionpool - DEBUG - https://history.mot.api.gov.uk:443 "GET /v1/trade/vehicles/registration/LK12AOT HTTP/1.1" 200 None
2025-08-13 11:41:18,872 - urllib3.connectionpool - DEBUG - https://history.mot.api.gov.uk:443 "GET /v1/trade/vehicles/registration/LK12AOY HTTP/1.1" 200 None
2025-08-13 11:41:18,872 - MOTHistoryImport - INFO - API Rate - Legacy: 0.39 RPS, Dynamic: 0 RPS (Daily: 270/500000)
2025-08-13 11:41:21,130 - urllib3.connectionpool - DEBUG - https://history.mot.api.gov.uk:443 "GET /v1/trade/vehicles/registration/LK12APF HTTP/1.1" 200 None
2025-08-13 11:41:25,012 - urllib3.connectionpool - DEBUG - https://history.mot.api.gov.uk:443 "GET /v1/trade/vehicles/registration/LK12APV HTTP/1.1" 200 None
2025-08-13 11:41:27,326 - urllib3.connectionpool - DEBUG - https://history.mot.api.gov.uk:443 "GET /v1/trade/vehicles/registration/LK12APZ HTTP/1.1" 200 None
2025-08-13 11:41:29,453 - urllib3.connectionpool - DEBUG - https://history.mot.api.gov.uk:443 "GET /v1/trade/vehicles/registration/LK12ARO HTTP/1.1" 200 None
2025-08-13 11:41:34,165 - urllib3.connectionpool - DEBUG - https://history.mot.api.gov.uk:443 "GET /v1/trade/vehicles/registration/LK12ARU HTTP/1.1" 200 None
2025-08-13 11:41:38,291 - urllib3.connectionpool - DEBUG - https://history.mot.api.gov.uk:443 "GET /v1/trade/vehicles/registration/LK12ARX HTTP/1.1" 200 None
2025-08-13 11:41:41,603 - urllib3.connectionpool - DEBUG - https://history.mot.api.gov.uk:443 "GET /v1/trade/vehicles/registration/LK12ARZ HTTP/1.1" 200 None
2025-08-13 11:41:43,949 - urllib3.connectionpool - DEBUG - https://history.mot.api.gov.uk:443 "GET /v1/trade/vehicles/registration/LK12ASZ HTTP/1.1" 200 None
2025-08-13 11:41:46,028 - urllib3.connectionpool - DEBUG - https://history.mot.api.gov.uk:443 "GET /v1/trade/vehicles/registration/LK12AWU HTTP/1.1" 200 None
2025-08-13 11:41:48,328 - urllib3.connectionpool - DEBUG - https://history.mot.api.gov.uk:443 "GET /v1/trade/vehicles/registration/LK12AWY HTTP/1.1" 200 None
2025-08-13 11:41:48,343 - MOTHistoryImport - INFO - API Rate - Legacy: 0.39 RPS, Dynamic: 0 RPS (Daily: 280/500000)
2025-08-13 11:41:50,609 - urllib3.connectionpool - DEBUG - https://history.mot.api.gov.uk:443 "GET /v1/trade/vehicles/registration/LK12AWZ HTTP/1.1" 200 None
2025-08-13 11:41:53,020 - urllib3.connectionpool - DEBUG - https://history.mot.api.gov.uk:443 "GET /v1/trade/vehicles/registration/LK12AXA HTTP/1.1" 200 None
2025-08-13 11:41:55,687 - urllib3.connectionpool - DEBUG - https://history.mot.api.gov.uk:443 "GET /v1/trade/vehicles/registration/LK12AXG HTTP/1.1" 200 None
2025-08-13 11:41:57,850 - urllib3.connectionpool - DEBUG - https://history.mot.api.gov.uk:443 "GET /v1/trade/vehicles/registration/LK12AXH HTTP/1.1" 200 None
2025-08-13 11:42:00,342 - urllib3.connectionpool - DEBUG - https://history.mot.api.gov.uk:443 "GET /v1/trade/vehicles/registration/LK12AXP HTTP/1.1" 200 None
2025-08-13 11:42:02,479 - urllib3.connectionpool - DEBUG - https://history.mot.api.gov.uk:443 "GET /v1/trade/vehicles/registration/LK12AXR HTTP/1.1" 200 None
2025-08-13 11:42:04,779 - urllib3.connectionpool - DEBUG - https://history.mot.api.gov.uk:443 "GET /v1/trade/vehicles/registration/LK12AXS HTTP/1.1" 200 None
2025-08-13 11:42:06,971 - urllib3.connectionpool - DEBUG - https://history.mot.api.gov.uk:443 "GET /v1/trade/vehicles/registration/LK12AXV HTTP/1.1" 200 None
2025-08-13 11:42:09,164 - urllib3.connectionpool - DEBUG - https://history.mot.api.gov.uk:443 "GET /v1/trade/vehicles/registration/LK12AXW HTTP/1.1" 200 None
2025-08-13 11:42:11,320 - urllib3.connectionpool - DEBUG - https://history.mot.api.gov.uk:443 "GET /v1/trade/vehicles/registration/LK12AXZ HTTP/1.1" 200 None
2025-08-13 11:42:11,336 - MOTHistoryImport - INFO - API Rate - Legacy: 0.40 RPS, Dynamic: 0 RPS (Daily: 290/500000)
2025-08-13 11:42:13,806 - urllib3.connectionpool - DEBUG - https://history.mot.api.gov.uk:443 "GET /v1/trade/vehicles/registration/LK12AYF HTTP/1.1" 200 None
2025-08-13 11:42:16,271 - urllib3.connectionpool - DEBUG - https://history.mot.api.gov.uk:443 "GET /v1/trade/vehicles/registration/LK12AYG HTTP/1.1" 200 None
2025-08-13 11:42:18,493 - urllib3.connectionpool - DEBUG - https://history.mot.api.gov.uk:443 "GET /v1/trade/vehicles/registration/LK12AYP HTTP/1.1" 200 None
2025-08-13 11:42:20,537 - urllib3.connectionpool - DEBUG - https://history.mot.api.gov.uk:443 "GET /v1/trade/vehicles/registration/LK12AYZ HTTP/1.1" 200 None
2025-08-13 11:42:22,882 - urllib3.connectionpool - DEBUG - https://history.mot.api.gov.uk:443 "GET /v1/trade/vehicles/registration/LK12AZA HTTP/1.1" 200 None
2025-08-13 11:42:25,571 - urllib3.connectionpool - DEBUG - https://history.mot.api.gov.uk:443 "GET /v1/trade/vehicles/registration/LK12AWN HTTP/1.1" 200 None
2025-08-13 11:42:27,975 - urllib3.connectionpool - DEBUG - https://history.mot.api.gov.uk:443 "GET /v1/trade/vehicles/registration/LK12AVJ HTTP/1.1" 200 None
2025-08-13 11:42:30,900 - urllib3.connectionpool - DEBUG - https://history.mot.api.gov.uk:443 "GET /v1/trade/vehicles/registration/LK12AWO HTTP/1.1" 200 None
2025-08-13 11:42:33,341 - urllib3.connectionpool - DEBUG - https://history.mot.api.gov.uk:443 "GET /v1/trade/vehicles/registration/LK12AVN HTTP/1.1" 200 None
2025-08-13 11:42:35,582 - urllib3.connectionpool - DEBUG - https://history.mot.api.gov.uk:443 "GET /v1/trade/vehicles/registration/LK12AVT HTTP/1.1" 200 None
2025-08-13 11:42:35,610 - MOTHistoryImport - INFO - API Rate - Legacy: 0.44 RPS, Dynamic: 0 RPS (Daily: 300/500000)
2025-08-13 11:42:37,168 - MOTHistoryImport - INFO - Bulk inserting 100 vehicle records...
2025-08-13 11:42:37,688 - MOTHistoryImport - INFO - Successfully bulk inserted 100 vehicle records
2025-08-13 11:42:37,688 - MOTHistoryImport - INFO - Bulk inserting 764 test records...
2025-08-13 11:42:37,768 - MOTHistoryImport - INFO - Successfully exported 764 records to CSV_Exports\StageMOTTests_20250813_114237.csv
2025-08-13 11:42:42,367 - MOTHistoryImport - INFO - Successfully processed 764 test records (0 duplicates skipped)
2025-08-13 11:42:42,382 - MOTHistoryImport - INFO - Bulk inserting 122 defect records...
2025-08-13 11:42:43,246 - MOTHistoryImport - INFO - Successfully bulk inserted 122 defect records
2025-08-13 11:42:43,246 - MOTHistoryImport - INFO - Bulk batch committed: 100 successful, 0 failed, 100 vehicles, 764 tests, 122 defects, 0 not found
2025-08-13 11:42:43,261 - MOTHistoryImport - INFO - Progress: 13.1% (300/2294)
2025-08-13 11:42:43,261 - MOTHistoryImport - INFO - Processing batch 4/23 (100 registrations)
2025-08-13 11:42:44,156 - urllib3.connectionpool - DEBUG - https://history.mot.api.gov.uk:443 "GET /v1/trade/vehicles/registration/LK12AVU HTTP/1.1" 200 None
2025-08-13 11:42:46,294 - urllib3.connectionpool - DEBUG - https://history.mot.api.gov.uk:443 "GET /v1/trade/vehicles/registration/LK12AWA HTTP/1.1" 200 None
2025-08-13 11:42:49,032 - urllib3.connectionpool - DEBUG - https://history.mot.api.gov.uk:443 "GET /v1/trade/vehicles/registration/LK12AWJ HTTP/1.1" 200 None
2025-08-13 11:42:51,792 - urllib3.connectionpool - DEBUG - https://history.mot.api.gov.uk:443 "GET /v1/trade/vehicles/registration/LK12AVD HTTP/1.1" 200 None
2025-08-13 11:42:54,044 - urllib3.connectionpool - DEBUG - https://history.mot.api.gov.uk:443 "GET /v1/trade/vehicles/registration/LK12AWP HTTP/1.1" 200 None
2025-08-13 11:42:56,131 - urllib3.connectionpool - DEBUG - https://history.mot.api.gov.uk:443 "GET /v1/trade/vehicles/registration/LK12ATU HTTP/1.1" 200 None
2025-08-13 11:42:58,438 - urllib3.connectionpool - DEBUG - https://history.mot.api.gov.uk:443 "GET /v1/trade/vehicles/registration/LK12ATV HTTP/1.1" 200 None
2025-08-13 11:43:01,129 - urllib3.connectionpool - DEBUG - https://history.mot.api.gov.uk:443 "GET /v1/trade/vehicles/registration/LK12AUE HTTP/1.1" 200 None
2025-08-13 11:43:03,226 - urllib3.connectionpool - DEBUG - https://history.mot.api.gov.uk:443 "GET /v1/trade/vehicles/registration/LK12AUF HTTP/1.1" 200 None
2025-08-13 11:43:05,428 - urllib3.connectionpool - DEBUG - https://history.mot.api.gov.uk:443 "GET /v1/trade/vehicles/registration/LK12AUM HTTP/1.1" 200 None
2025-08-13 11:43:05,432 - MOTHistoryImport - INFO - API Rate - Legacy: 0.39 RPS, Dynamic: 0 RPS (Daily: 310/500000)
2025-08-13 11:43:07,935 - urllib3.connectionpool - DEBUG - https://history.mot.api.gov.uk:443 "GET /v1/trade/vehicles/registration/LK12AUN HTTP/1.1" 200 None
2025-08-13 11:43:10,148 - urllib3.connectionpool - DEBUG - https://history.mot.api.gov.uk:443 "GET /v1/trade/vehicles/registration/LK12AUU HTTP/1.1" 200 None
2025-08-13 11:43:12,991 - urllib3.connectionpool - DEBUG - https://history.mot.api.gov.uk:443 "GET /v1/trade/vehicles/registration/LK12AUV HTTP/1.1" 200 None
2025-08-13 11:43:14,933 - urllib3.connectionpool - DEBUG - https://history.mot.api.gov.uk:443 "GET /v1/trade/vehicles/registration/LK12AYN HTTP/1.1" 200 None
2025-08-13 11:43:17,276 - urllib3.connectionpool - DEBUG - https://history.mot.api.gov.uk:443 "GET /v1/trade/vehicles/registration/LK12AUW HTTP/1.1" 200 None
2025-08-13 11:43:19,526 - urllib3.connectionpool - DEBUG - https://history.mot.api.gov.uk:443 "GET /v1/trade/vehicles/registration/LK12AUY HTTP/1.1" 200 None
2025-08-13 11:43:21,866 - urllib3.connectionpool - DEBUG - https://history.mot.api.gov.uk:443 "GET /v1/trade/vehicles/registration/LK62DAO HTTP/1.1" 200 None
2025-08-13 11:43:24,476 - urllib3.connectionpool - DEBUG - https://history.mot.api.gov.uk:443 "GET /v1/trade/vehicles/registration/LK62DAA HTTP/1.1" 200 None
2025-08-13 11:43:27,101 - urllib3.connectionpool - DEBUG - https://history.mot.api.gov.uk:443 "GET /v1/trade/vehicles/registration/LK62DBZ HTTP/1.1" 200 None
2025-08-13 11:43:29,689 - urllib3.connectionpool - DEBUG - https://history.mot.api.gov.uk:443 "GET /v1/trade/vehicles/registration/LK62DCE HTTP/1.1" 200 None
2025-08-13 11:43:29,689 - MOTHistoryImport - INFO - API Rate - Legacy: 0.39 RPS, Dynamic: 0 RPS (Daily: 320/500000)
2025-08-13 11:43:32,151 - urllib3.connectionpool - DEBUG - https://history.mot.api.gov.uk:443 "GET /v1/trade/vehicles/registration/LK62DCF HTTP/1.1" 200 None
2025-08-13 11:43:34,852 - urllib3.connectionpool - DEBUG - https://history.mot.api.gov.uk:443 "GET /v1/trade/vehicles/registration/LK62DCY HTTP/1.1" 200 None
2025-08-13 11:43:37,042 - urllib3.connectionpool - DEBUG - https://history.mot.api.gov.uk:443 "GET /v1/trade/vehicles/registration/LK62DDU HTTP/1.1" 200 None
2025-08-13 11:43:39,106 - urllib3.connectionpool - DEBUG - https://history.mot.api.gov.uk:443 "GET /v1/trade/vehicles/registration/LK62DDY HTTP/1.1" 200 None
2025-08-13 11:43:41,558 - urllib3.connectionpool - DEBUG - https://history.mot.api.gov.uk:443 "GET /v1/trade/vehicles/registration/LK62DDZ HTTP/1.1" 200 None
2025-08-13 11:43:43,764 - urllib3.connectionpool - DEBUG - https://history.mot.api.gov.uk:443 "GET /v1/trade/vehicles/registration/LK62DEU HTTP/1.1" 200 None
2025-08-13 11:43:46,222 - urllib3.connectionpool - DEBUG - https://history.mot.api.gov.uk:443 "GET /v1/trade/vehicles/registration/LK62DFF HTTP/1.1" 200 None
2025-08-13 11:43:48,641 - urllib3.connectionpool - DEBUG - https://history.mot.api.gov.uk:443 "GET /v1/trade/vehicles/registration/LK62DFP HTTP/1.1" 200 None
2025-08-13 11:43:51,133 - urllib3.connectionpool - DEBUG - https://history.mot.api.gov.uk:443 "GET /v1/trade/vehicles/registration/LK62DFY HTTP/1.1" 200 None
2025-08-13 11:43:53,517 - urllib3.connectionpool - DEBUG - https://history.mot.api.gov.uk:443 "GET /v1/trade/vehicles/registration/LK62DGO HTTP/1.1" 200 None
2025-08-13 11:43:53,533 - MOTHistoryImport - INFO - API Rate - Legacy: 0.44 RPS, Dynamic: 0 RPS (Daily: 330/500000)
2025-08-13 11:43:56,256 - urllib3.connectionpool - DEBUG - https://history.mot.api.gov.uk:443 "GET /v1/trade/vehicles/registration/LK62DHC HTTP/1.1" 200 None
2025-08-13 11:43:58,274 - urllib3.connectionpool - DEBUG - https://history.mot.api.gov.uk:443 "GET /v1/trade/vehicles/registration/LK62DHX HTTP/1.1" 200 None
2025-08-13 11:44:00,415 - urllib3.connectionpool - DEBUG - https://history.mot.api.gov.uk:443 "GET /v1/trade/vehicles/registration/LK62DHZ HTTP/1.1" 200 None
2025-08-13 11:44:02,715 - urllib3.connectionpool - DEBUG - https://history.mot.api.gov.uk:443 "GET /v1/trade/vehicles/registration/LK62DJY HTTP/1.1" 200 None
2025-08-13 11:44:05,057 - urllib3.connectionpool - DEBUG - https://history.mot.api.gov.uk:443 "GET /v1/trade/vehicles/registration/LK62DFJ HTTP/1.1" 200 None
2025-08-13 11:44:07,825 - urllib3.connectionpool - DEBUG - https://history.mot.api.gov.uk:443 "GET /v1/trade/vehicles/registration/LK62DGF HTTP/1.1" 200 None
2025-08-13 11:44:09,952 - urllib3.connectionpool - DEBUG - https://history.mot.api.gov.uk:443 "GET /v1/trade/vehicles/registration/LK62DHD HTTP/1.1" 200 None
2025-08-13 11:44:12,189 - urllib3.connectionpool - DEBUG - https://history.mot.api.gov.uk:443 "GET /v1/trade/vehicles/registration/LK62DHU HTTP/1.1" 200 None
2025-08-13 11:44:14,366 - urllib3.connectionpool - DEBUG - https://history.mot.api.gov.uk:443 "GET /v1/trade/vehicles/registration/LK62DHV HTTP/1.1" 200 None
2025-08-13 11:44:16,626 - urllib3.connectionpool - DEBUG - https://history.mot.api.gov.uk:443 "GET /v1/trade/vehicles/registration/LK62DKV HTTP/1.1" 200 None
2025-08-13 11:44:16,637 - MOTHistoryImport - INFO - API Rate - Legacy: 0.44 RPS, Dynamic: 0 RPS (Daily: 340/500000)
2025-08-13 11:44:19,006 - urllib3.connectionpool - DEBUG - https://history.mot.api.gov.uk:443 "GET /v1/trade/vehicles/registration/LK62DLJ HTTP/1.1" 200 None
2025-08-13 11:44:21,247 - urllib3.connectionpool - DEBUG - https://history.mot.api.gov.uk:443 "GET /v1/trade/vehicles/registration/LK62DLO HTTP/1.1" 200 None
2025-08-13 11:44:23,849 - urllib3.connectionpool - DEBUG - https://history.mot.api.gov.uk:443 "GET /v1/trade/vehicles/registration/LK62DLV HTTP/1.1" 200 None
2025-08-13 11:44:26,308 - urllib3.connectionpool - DEBUG - https://history.mot.api.gov.uk:443 "GET /v1/trade/vehicles/registration/LK62DLX HTTP/1.1" 200 None
2025-08-13 11:44:28,766 - urllib3.connectionpool - DEBUG - https://history.mot.api.gov.uk:443 "GET /v1/trade/vehicles/registration/LK62DMV HTTP/1.1" 200 None
2025-08-13 11:44:31,177 - urllib3.connectionpool - DEBUG - https://history.mot.api.gov.uk:443 "GET /v1/trade/vehicles/registration/LK62DND HTTP/1.1" 200 None
2025-08-13 11:44:33,940 - urllib3.connectionpool - DEBUG - https://history.mot.api.gov.uk:443 "GET /v1/trade/vehicles/registration/LK62DNE HTTP/1.1" 200 None
2025-08-13 11:44:37,423 - urllib3.connectionpool - DEBUG - https://history.mot.api.gov.uk:443 "GET /v1/trade/vehicles/registration/LK62DNU HTTP/1.1" 200 None
2025-08-13 11:44:39,629 - urllib3.connectionpool - DEBUG - https://history.mot.api.gov.uk:443 "GET /v1/trade/vehicles/registration/LK62DNO HTTP/1.1" 200 None
2025-08-13 11:44:44,641 - urllib3.connectionpool - DEBUG - https://history.mot.api.gov.uk:443 "GET /v1/trade/vehicles/registration/LK62DNX HTTP/1.1" 200 None
2025-08-13 11:44:44,657 - MOTHistoryImport - INFO - API Rate - Legacy: 0.41 RPS, Dynamic: 0 RPS (Daily: 350/500000)
2025-08-13 11:44:46,972 - urllib3.connectionpool - DEBUG - https://history.mot.api.gov.uk:443 "GET /v1/trade/vehicles/registration/LK62DOH HTTP/1.1" 200 None
2025-08-13 11:44:49,175 - urllib3.connectionpool - DEBUG - https://history.mot.api.gov.uk:443 "GET /v1/trade/vehicles/registration/LK62DPE HTTP/1.1" 200 None
2025-08-13 11:44:52,088 - urllib3.connectionpool - DEBUG - https://history.mot.api.gov.uk:443 "GET /v1/trade/vehicles/registration/LK62DPU HTTP/1.1" 200 None
2025-08-13 11:44:54,587 - urllib3.connectionpool - DEBUG - https://history.mot.api.gov.uk:443 "GET /v1/trade/vehicles/registration/LK62DPY HTTP/1.1" 200 None
2025-08-13 11:44:57,981 - urllib3.connectionpool - DEBUG - https://history.mot.api.gov.uk:443 "GET /v1/trade/vehicles/registration/LK62DRV HTTP/1.1" 200 None
2025-08-13 11:45:00,719 - urllib3.connectionpool - DEBUG - https://history.mot.api.gov.uk:443 "GET /v1/trade/vehicles/registration/LK62DRZ HTTP/1.1" 200 None
2025-08-13 11:45:02,958 - urllib3.connectionpool - DEBUG - https://history.mot.api.gov.uk:443 "GET /v1/trade/vehicles/registration/LK62DSE HTTP/1.1" 200 None
2025-08-13 11:45:05,164 - urllib3.connectionpool - DEBUG - https://history.mot.api.gov.uk:443 "GET /v1/trade/vehicles/registration/LK62DSU HTTP/1.1" 200 None
2025-08-13 11:45:08,374 - urllib3.connectionpool - DEBUG - https://history.mot.api.gov.uk:443 "GET /v1/trade/vehicles/registration/LK62DTN HTTP/1.1" 200 None
2025-08-13 11:45:11,116 - urllib3.connectionpool - DEBUG - https://history.mot.api.gov.uk:443 "GET /v1/trade/vehicles/registration/LK62DKN HTTP/1.1" 200 None
2025-08-13 11:45:11,116 - MOTHistoryImport - INFO - API Rate - Legacy: 0.39 RPS, Dynamic: 0 RPS (Daily: 360/500000)
2025-08-13 11:45:13,798 - urllib3.connectionpool - DEBUG - https://history.mot.api.gov.uk:443 "GET /v1/trade/vehicles/registration/LK62DJZ HTTP/1.1" 200 None
2025-08-13 11:45:16,471 - urllib3.connectionpool - DEBUG - https://history.mot.api.gov.uk:443 "GET /v1/trade/vehicles/registration/LK62DKE HTTP/1.1" 200 None
2025-08-13 11:45:18,805 - urllib3.connectionpool - DEBUG - https://history.mot.api.gov.uk:443 "GET /v1/trade/vehicles/registration/LK62DHE HTTP/1.1" 200 None
2025-08-13 11:45:21,283 - urllib3.connectionpool - DEBUG - https://history.mot.api.gov.uk:443 "GET /v1/trade/vehicles/registration/LK62DHP HTTP/1.1" 200 None
2025-08-13 11:45:23,727 - urllib3.connectionpool - DEBUG - https://history.mot.api.gov.uk:443 "GET /v1/trade/vehicles/registration/LK62DHG HTTP/1.1" 200 None
2025-08-13 11:45:25,997 - urllib3.connectionpool - DEBUG - https://history.mot.api.gov.uk:443 "GET /v1/trade/vehicles/registration/LK62DSV HTTP/1.1" 200 None
2025-08-13 11:45:28,313 - urllib3.connectionpool - DEBUG - https://history.mot.api.gov.uk:443 "GET /v1/trade/vehicles/registration/LK62DTU HTTP/1.1" 200 None
2025-08-13 11:45:30,691 - urllib3.connectionpool - DEBUG - https://history.mot.api.gov.uk:443 "GET /v1/trade/vehicles/registration/LK62DTV HTTP/1.1" 200 None
2025-08-13 11:45:33,397 - urllib3.connectionpool - DEBUG - https://history.mot.api.gov.uk:443 "GET /v1/trade/vehicles/registration/LK62DTZ HTTP/1.1" 200 None
2025-08-13 11:45:35,967 - urllib3.connectionpool - DEBUG - https://history.mot.api.gov.uk:443 "GET /v1/trade/vehicles/registration/LK62DUU HTTP/1.1" 200 None
2025-08-13 11:45:35,999 - MOTHistoryImport - INFO - API Rate - Legacy: 0.39 RPS, Dynamic: 0 RPS (Daily: 370/500000)
2025-08-13 11:45:38,370 - urllib3.connectionpool - DEBUG - https://history.mot.api.gov.uk:443 "GET /v1/trade/vehicles/registration/LK62DVB HTTP/1.1" 200 None
2025-08-13 11:45:40,703 - urllib3.connectionpool - DEBUG - https://history.mot.api.gov.uk:443 "GET /v1/trade/vehicles/registration/LK62DVC HTTP/1.1" 200 None
2025-08-13 11:45:43,403 - urllib3.connectionpool - DEBUG - https://history.mot.api.gov.uk:443 "GET /v1/trade/vehicles/registration/LK62DVF HTTP/1.1" 200 None
2025-08-13 11:45:45,860 - urllib3.connectionpool - DEBUG - https://history.mot.api.gov.uk:443 "GET /v1/trade/vehicles/registration/LK62DVG HTTP/1.1" 200 None
2025-08-13 11:45:48,354 - urllib3.connectionpool - DEBUG - https://history.mot.api.gov.uk:443 "GET /v1/trade/vehicles/registration/LK62DVH HTTP/1.1" 200 None
2025-08-13 11:45:50,792 - urllib3.connectionpool - DEBUG - https://history.mot.api.gov.uk:443 "GET /v1/trade/vehicles/registration/LK62DVL HTTP/1.1" 200 None
2025-08-13 11:45:53,062 - urllib3.connectionpool - DEBUG - https://history.mot.api.gov.uk:443 "GET /v1/trade/vehicles/registration/LK62DUA HTTP/1.1" 200 None
2025-08-13 11:45:55,553 - urllib3.connectionpool - DEBUG - https://history.mot.api.gov.uk:443 "GET /v1/trade/vehicles/registration/LK62DWA HTTP/1.1" 200 None
2025-08-13 11:45:58,041 - urllib3.connectionpool - DEBUG - https://history.mot.api.gov.uk:443 "GET /v1/trade/vehicles/registration/LK62DUH HTTP/1.1" 200 None
2025-08-13 11:46:00,455 - urllib3.connectionpool - DEBUG - https://history.mot.api.gov.uk:443 "GET /v1/trade/vehicles/registration/LK62DUJ HTTP/1.1" 200 None
2025-08-13 11:46:00,469 - MOTHistoryImport - INFO - API Rate - Legacy: 0.42 RPS, Dynamic: 0 RPS (Daily: 380/500000)
2025-08-13 11:46:02,757 - urllib3.connectionpool - DEBUG - https://history.mot.api.gov.uk:443 "GET /v1/trade/vehicles/registration/LK62DWD HTTP/1.1" 200 None
2025-08-13 11:46:05,161 - urllib3.connectionpool - DEBUG - https://history.mot.api.gov.uk:443 "GET /v1/trade/vehicles/registration/LK62DWY HTTP/1.1" 200 None
2025-08-13 11:46:07,707 - urllib3.connectionpool - DEBUG - https://history.mot.api.gov.uk:443 "GET /v1/trade/vehicles/registration/LK62DWO HTTP/1.1" 200 None
2025-08-13 11:46:10,189 - urllib3.connectionpool - DEBUG - https://history.mot.api.gov.uk:443 "GET /v1/trade/vehicles/registration/LK62DWV HTTP/1.1" 200 None
2025-08-13 11:46:13,413 - urllib3.connectionpool - DEBUG - https://history.mot.api.gov.uk:443 "GET /v1/trade/vehicles/registration/LK62DXF HTTP/1.1" 200 None
2025-08-13 11:46:16,126 - urllib3.connectionpool - DEBUG - https://history.mot.api.gov.uk:443 "GET /v1/trade/vehicles/registration/LK62DWE HTTP/1.1" 200 None
2025-08-13 11:46:18,521 - urllib3.connectionpool - DEBUG - https://history.mot.api.gov.uk:443 "GET /v1/trade/vehicles/registration/LK62DWF HTTP/1.1" 200 None
2025-08-13 11:46:21,287 - urllib3.connectionpool - DEBUG - https://history.mot.api.gov.uk:443 "GET /v1/trade/vehicles/registration/LK62DXG HTTP/1.1" 200 None
2025-08-13 11:46:24,538 - urllib3.connectionpool - DEBUG - https://history.mot.api.gov.uk:443 "GET /v1/trade/vehicles/registration/LK62DVJ HTTP/1.1" 200 None
2025-08-13 11:46:27,294 - urllib3.connectionpool - DEBUG - https://history.mot.api.gov.uk:443 "GET /v1/trade/vehicles/registration/LK62DVO HTTP/1.1" 200 None
2025-08-13 11:46:27,310 - MOTHistoryImport - INFO - API Rate - Legacy: 0.41 RPS, Dynamic: 0 RPS (Daily: 390/500000)
2025-08-13 11:46:29,594 - urllib3.connectionpool - DEBUG - https://history.mot.api.gov.uk:443 "GET /v1/trade/vehicles/registration/LK62DVP HTTP/1.1" 200 None
2025-08-13 11:46:31,766 - urllib3.connectionpool - DEBUG - https://history.mot.api.gov.uk:443 "GET /v1/trade/vehicles/registration/LK62DVR HTTP/1.1" 200 None
2025-08-13 11:46:34,451 - urllib3.connectionpool - DEBUG - https://history.mot.api.gov.uk:443 "GET /v1/trade/vehicles/registration/LK62DVU HTTP/1.1" 200 None
2025-08-13 11:46:36,612 - urllib3.connectionpool - DEBUG - https://history.mot.api.gov.uk:443 "GET /v1/trade/vehicles/registration/LK62DWJ HTTP/1.1" 200 None
2025-08-13 11:46:39,182 - urllib3.connectionpool - DEBUG - https://history.mot.api.gov.uk:443 "GET /v1/trade/vehicles/registration/LK62DWU HTTP/1.1" 200 None
2025-08-13 11:46:41,809 - urllib3.connectionpool - DEBUG - https://history.mot.api.gov.uk:443 "GET /v1/trade/vehicles/registration/LK62DYD HTTP/1.1" 200 None
2025-08-13 11:46:44,790 - urllib3.connectionpool - DEBUG - https://history.mot.api.gov.uk:443 "GET /v1/trade/vehicles/registration/LK62DYF HTTP/1.1" 200 None
2025-08-13 11:46:50,367 - urllib3.connectionpool - DEBUG - https://history.mot.api.gov.uk:443 "GET /v1/trade/vehicles/registration/LK62DYG HTTP/1.1" 200 None
2025-08-13 11:46:53,275 - urllib3.connectionpool - DEBUG - https://history.mot.api.gov.uk:443 "GET /v1/trade/vehicles/registration/LK62DYH HTTP/1.1" 200 None
2025-08-13 11:46:56,177 - urllib3.connectionpool - DEBUG - https://history.mot.api.gov.uk:443 "GET /v1/trade/vehicles/registration/LK62DYN HTTP/1.1" 200 None
2025-08-13 11:46:56,193 - MOTHistoryImport - INFO - API Rate - Legacy: 0.38 RPS, Dynamic: 0 RPS (Daily: 400/500000)
2025-08-13 11:46:58,442 - MOTHistoryImport - INFO - Bulk inserting 100 vehicle records...
2025-08-13 11:46:59,060 - MOTHistoryImport - INFO - Successfully bulk inserted 100 vehicle records
2025-08-13 11:46:59,076 - MOTHistoryImport - INFO - Bulk inserting 769 test records...
2025-08-13 11:46:59,139 - MOTHistoryImport - INFO - Successfully exported 769 records to CSV_Exports\StageMOTTests_20250813_114659.csv
2025-08-13 11:47:03,336 - MOTHistoryImport - INFO - Successfully processed 769 test records (0 duplicates skipped)
2025-08-13 11:47:03,336 - MOTHistoryImport - INFO - Bulk inserting 120 defect records...
2025-08-13 11:47:04,033 - MOTHistoryImport - INFO - Successfully bulk inserted 120 defect records
2025-08-13 11:47:04,046 - MOTHistoryImport - INFO - Bulk batch committed: 100 successful, 0 failed, 100 vehicles, 769 tests, 120 defects, 0 not found
2025-08-13 11:47:04,049 - MOTHistoryImport - INFO - Progress: 17.4% (400/2294)
2025-08-13 11:47:04,049 - MOTHistoryImport - INFO - Processing batch 5/23 (100 registrations)
2025-08-13 11:47:05,403 - urllib3.connectionpool - DEBUG - https://history.mot.api.gov.uk:443 "GET /v1/trade/vehicles/registration/LK62DYO HTTP/1.1" 200 None
2025-08-13 11:47:08,420 - urllib3.connectionpool - DEBUG - https://history.mot.api.gov.uk:443 "GET /v1/trade/vehicles/registration/LK62DXM HTTP/1.1" 200 None
2025-08-13 11:47:11,196 - urllib3.connectionpool - DEBUG - https://history.mot.api.gov.uk:443 "GET /v1/trade/vehicles/registration/LK62DXP HTTP/1.1" 200 None
2025-08-13 11:47:14,476 - urllib3.connectionpool - DEBUG - https://history.mot.api.gov.uk:443 "GET /v1/trade/vehicles/registration/LK62DXS HTTP/1.1" 200 None
2025-08-13 11:47:17,311 - urllib3.connectionpool - DEBUG - https://history.mot.api.gov.uk:443 "GET /v1/trade/vehicles/registration/LK62DXT HTTP/1.1" 200 None
2025-08-13 11:47:20,487 - urllib3.connectionpool - DEBUG - https://history.mot.api.gov.uk:443 "GET /v1/trade/vehicles/registration/LK62DXX HTTP/1.1" 200 None
2025-08-13 11:47:22,122 - MOTHistoryImport - INFO - Database connection closed
