2025-08-04 15:02:58,075 - MOTHistoryImport - INFO - Logging initialized. Log file: Logs\mot_history_import_20250804_150257.log
2025-08-04 15:02:58,125 - MOTHistoryImport - INFO - Configuration loaded: {'database': {'server': 'MLNOESQLUAT01', 'database': 'Engineering', 'trusted_connection': True}, 'files': {'input_csv_file': 'vehicle_registrations_new.csv', 'log_directory': 'Logs'}, 'processing': {'batch_size': 100, 'request_timeout': 30, 'max_retries': 3}, 'logging': {'log_level': 'INFO'}, 'security': {'client_id_from_env': True, 'client_secret_from_env': True, 'api_key_from_env': True, 'db_password_from_env': False}}
2025-08-04 15:02:58,558 - MOTHistoryImport - INFO - JSON data logging initialized. File: Logs\mot_history_data_20250804_150258.json
2025-08-04 15:02:58,592 - MOTHistoryImport - INFO - Starting MOT History Data Import (Bulk Mode)
2025-08-04 15:02:58,653 - MOTHistoryImport - INFO - Establishing database connection...
2025-08-04 15:02:59,158 - MOTHistoryImport - INFO - Database connection established successfully
2025-08-04 15:02:59,175 - MOTHistoryImport - INFO - Truncating table: StageMOTVehicles
2025-08-04 15:02:59,228 - MOTHistoryImport - INFO - Successfully truncated table: StageMOTVehicles
2025-08-04 15:02:59,244 - MOTHistoryImport - INFO - Truncating table: StageMOTTests
2025-08-04 15:02:59,291 - MOTHistoryImport - INFO - Successfully truncated table: StageMOTTests
2025-08-04 15:02:59,308 - MOTHistoryImport - INFO - Truncating table: StageMOTDefects
2025-08-04 15:02:59,358 - MOTHistoryImport - INFO - Successfully truncated table: StageMOTDefects
2025-08-04 15:02:59,370 - MOTHistoryImport - INFO - Truncating table: StageMOTVehiclesNotFound
2025-08-04 15:02:59,408 - MOTHistoryImport - INFO - Successfully truncated table: StageMOTVehiclesNotFound
2025-08-04 15:02:59,458 - MOTHistoryImport - INFO - Reading vehicle registrations from SQL Server view
2025-08-04 15:02:59,492 - MOTHistoryImport - INFO - Establishing database connection...
2025-08-04 15:02:59,813 - MOTHistoryImport - INFO - Database connection established successfully
2025-08-04 15:02:59,955 - MOTHistoryImport - INFO - Read 2285 vehicle registrations from SQL Server
2025-08-04 15:02:59,975 - MOTHistoryImport - INFO - Processing batch 1/23 (100 registrations)
2025-08-04 15:02:59,992 - MOTHistoryImport - INFO - Requesting new OAuth2 token...
2025-08-04 15:03:00,158 - MOTHistoryImport - INFO - OAuth2 token obtained successfully
2025-08-04 15:03:14,027 - MOTHistoryImport - INFO - API Rate - Legacy: 0.78 RPS, Dynamic: 0 RPS (Daily: 10/500000)
2025-08-04 15:03:30,010 - MOTHistoryImport - INFO - API Rate - Legacy: 0.69 RPS, Dynamic: 0 RPS (Daily: 20/500000)
2025-08-04 15:03:49,860 - MOTHistoryImport - INFO - API Rate - Legacy: 0.62 RPS, Dynamic: 0 RPS (Daily: 30/500000)
2025-08-04 15:03:59,675 - MOTHistoryImport - INFO - Database connection closed
