2025-08-04 14:51:17,577 - MOTHistoryImport - INFO - Logging initialized. Log file: Logs\mot_history_import_20250804_145117.log
2025-08-04 14:51:17,596 - MOTHistoryImport - INFO - Configuration loaded: {'database': {'server': 'MLNOESQLUAT01', 'database': 'Engineering', 'trusted_connection': True}, 'files': {'input_csv_file': 'vehicle_registrations_new.csv', 'log_directory': 'Logs'}, 'processing': {'batch_size': 100, 'request_timeout': 30, 'max_retries': 3}, 'logging': {'log_level': 'INFO'}, 'security': {'client_id_from_env': True, 'client_secret_from_env': True, 'api_key_from_env': True, 'db_password_from_env': False}}
2025-08-04 14:51:17,775 - MOTHistoryImport - INFO - JSON data logging initialized. File: Logs\mot_history_data_20250804_145117.json
2025-08-04 14:51:17,791 - MOTHistoryImport - INFO - Starting MOT History Data Import (Bulk Mode)
2025-08-04 14:51:17,808 - MOTHistoryImport - INFO - Establishing database connection...
2025-08-04 14:51:18,325 - MOTHistoryImport - INFO - Database connection established successfully
2025-08-04 14:51:18,342 - MOTHistoryImport - INFO - Truncating table: StageMOTVehicles
2025-08-04 14:51:18,391 - MOTHistoryImport - INFO - Successfully truncated table: StageMOTVehicles
2025-08-04 14:51:18,408 - MOTHistoryImport - INFO - Truncating table: StageMOTTests
2025-08-04 14:51:18,458 - MOTHistoryImport - INFO - Successfully truncated table: StageMOTTests
2025-08-04 14:51:18,463 - MOTHistoryImport - INFO - Truncating table: StageMOTDefects
2025-08-04 14:51:18,513 - MOTHistoryImport - INFO - Successfully truncated table: StageMOTDefects
2025-08-04 14:51:18,532 - MOTHistoryImport - INFO - Truncating table: StageMOTVehiclesNotFound
2025-08-04 14:51:18,591 - MOTHistoryImport - INFO - Successfully truncated table: StageMOTVehiclesNotFound
2025-08-04 14:51:18,605 - MOTHistoryImport - INFO - Reading vehicle registrations from SQL Server view
2025-08-04 14:51:18,621 - MOTHistoryImport - INFO - Establishing database connection...
2025-08-04 14:51:18,908 - MOTHistoryImport - INFO - Database connection established successfully
2025-08-04 14:51:19,080 - MOTHistoryImport - INFO - Read 2287 vehicle registrations from SQL Server
2025-08-04 14:51:19,095 - MOTHistoryImport - INFO - Processing batch 1/23 (100 registrations)
2025-08-04 14:51:19,117 - MOTHistoryImport - INFO - Requesting new OAuth2 token...
2025-08-04 14:51:19,381 - MOTHistoryImport - INFO - OAuth2 token obtained successfully
2025-08-04 14:51:28,946 - MOTHistoryImport - INFO - API Rate - Legacy: 1.14 RPS, Dynamic: 1 RPS (Daily: 10/500000)
2025-08-04 14:51:43,615 - MOTHistoryImport - INFO - API Rate - Legacy: 0.85 RPS, Dynamic: 0 RPS (Daily: 20/500000)
2025-08-04 14:51:59,478 - MOTHistoryImport - INFO - API Rate - Legacy: 0.76 RPS, Dynamic: 1 RPS (Daily: 30/500000)
2025-08-04 14:52:17,778 - MOTHistoryImport - INFO - API Rate - Legacy: 0.69 RPS, Dynamic: 1 RPS (Daily: 40/500000)
2025-08-04 14:52:37,867 - MOTHistoryImport - INFO - Database connection closed
