2025-08-06 13:58:33,928 - MOTHistoryImport - INFO - Logging initialized. Log file: Logs\mot_history_import_20250806_135833.log
2025-08-06 13:58:33,932 - MOTHistoryImport - INFO - Configuration loaded: {'database': {'server': 'MLNOESQLUAT01', 'database': 'Engineering', 'trusted_connection': True}, 'files': {'input_csv_file': 'vehicle_registrations_new.csv', 'log_directory': 'Logs'}, 'processing': {'batch_size': 100, 'request_timeout': 30, 'max_retries': 3}, 'logging': {'log_level': 'INFO'}}
2025-08-06 13:58:33,970 - MOTHistoryImport - INFO - JSON data logging initialized. File: Logs\mot_history_data_20250806_135833.json
2025-08-06 13:58:33,973 - MOTHistoryImport - INFO - Starting MOT History Data Import (Bulk Mode)
2025-08-06 13:58:33,977 - MOTHistoryImport - INFO - Establishing database connection...
2025-08-06 13:58:34,119 - MOTHistoryImport - INFO - Database connection established successfully
2025-08-06 13:58:34,122 - MOTHistoryImport - INFO - Truncating table: StageMOTVehicles
2025-08-06 13:58:34,132 - MOTHistoryImport - INFO - Successfully truncated table: StageMOTVehicles
2025-08-06 13:58:34,136 - MOTHistoryImport - INFO - Truncating table: StageMOTTests
2025-08-06 13:58:34,156 - MOTHistoryImport - INFO - Successfully truncated table: StageMOTTests
2025-08-06 13:58:34,162 - MOTHistoryImport - INFO - Truncating table: StageMOTDefects
2025-08-06 13:58:34,178 - MOTHistoryImport - INFO - Successfully truncated table: StageMOTDefects
2025-08-06 13:58:34,189 - MOTHistoryImport - INFO - Truncating table: StageMOTVehiclesNotFound
2025-08-06 13:58:34,201 - MOTHistoryImport - INFO - Successfully truncated table: StageMOTVehiclesNotFound
2025-08-06 13:58:34,204 - MOTHistoryImport - INFO - Reading vehicle registrations from SQL Server view
2025-08-06 13:58:34,208 - MOTHistoryImport - INFO - Establishing database connection...
2025-08-06 13:58:34,288 - MOTHistoryImport - INFO - Database connection established successfully
2025-08-06 13:58:34,390 - MOTHistoryImport - INFO - Read 2285 vehicle registrations from SQL Server
2025-08-06 13:58:34,393 - MOTHistoryImport - INFO - Processing batch 1/23 (100 registrations)
2025-08-06 13:58:34,396 - MOTHistoryImport - INFO - Requesting new OAuth2 token...
2025-08-06 13:58:34,666 - MOTHistoryImport - INFO - OAuth2 token obtained successfully
2025-08-06 13:58:45,564 - MOTHistoryImport - INFO - API Rate - Legacy: 0.99 RPS, Dynamic: 0 RPS (Daily: 10/500000)
2025-08-06 13:58:55,697 - MOTHistoryImport - INFO - API Rate - Legacy: 0.99 RPS, Dynamic: 0 RPS (Daily: 20/500000)
2025-08-06 13:59:04,844 - MOTHistoryImport - INFO - API Rate - Legacy: 1.02 RPS, Dynamic: 0 RPS (Daily: 30/500000)
2025-08-06 13:59:14,911 - MOTHistoryImport - INFO - API Rate - Legacy: 1.01 RPS, Dynamic: 0 RPS (Daily: 40/500000)
2025-08-06 13:59:24,924 - MOTHistoryImport - INFO - API Rate - Legacy: 1.01 RPS, Dynamic: 0 RPS (Daily: 50/500000)
2025-08-06 13:59:35,345 - MOTHistoryImport - INFO - API Rate - Legacy: 1.00 RPS, Dynamic: 0 RPS (Daily: 60/500000)
2025-08-06 13:59:48,230 - MOTHistoryImport - INFO - API Rate - Legacy: 0.98 RPS, Dynamic: 0 RPS (Daily: 70/500000)
2025-08-06 13:59:59,696 - MOTHistoryImport - INFO - API Rate - Legacy: 0.94 RPS, Dynamic: 0 RPS (Daily: 80/500000)
2025-08-06 14:00:10,541 - MOTHistoryImport - INFO - API Rate - Legacy: 0.92 RPS, Dynamic: 0 RPS (Daily: 90/500000)
2025-08-06 14:00:21,396 - MOTHistoryImport - INFO - API Rate - Legacy: 0.90 RPS, Dynamic: 0 RPS (Daily: 100/500000)
2025-08-06 14:00:21,782 - MOTHistoryImport - INFO - Bulk inserting 100 vehicle records...
2025-08-06 14:00:22,944 - MOTHistoryImport - INFO - Successfully bulk inserted 100 vehicle records
2025-08-06 14:00:22,979 - MOTHistoryImport - INFO - Bulk inserting 716 test records...
2025-08-06 14:00:29,233 - MOTHistoryImport - INFO - Successfully bulk inserted 716 test records
2025-08-06 14:00:29,233 - MOTHistoryImport - INFO - Bulk inserting 146 defect records...
2025-08-06 14:00:30,720 - MOTHistoryImport - INFO - Successfully bulk inserted 146 defect records
2025-08-06 14:00:30,734 - MOTHistoryImport - INFO - Bulk batch committed: 100 successful, 0 failed, 100 vehicles, 716 tests, 146 defects, 0 not found
2025-08-06 14:00:30,738 - MOTHistoryImport - INFO - Progress: 4.4% (100/2285)
2025-08-06 14:00:30,742 - MOTHistoryImport - INFO - Processing batch 2/23 (100 registrations)
2025-08-06 14:00:42,126 - MOTHistoryImport - INFO - API Rate - Legacy: 0.76 RPS, Dynamic: 0 RPS (Daily: 110/500000)
2025-08-06 14:00:53,884 - MOTHistoryImport - INFO - API Rate - Legacy: 0.77 RPS, Dynamic: 0 RPS (Daily: 120/500000)
2025-08-06 14:01:08,971 - MOTHistoryImport - INFO - API Rate - Legacy: 0.71 RPS, Dynamic: 0 RPS (Daily: 130/500000)
2025-08-06 14:01:24,893 - MOTHistoryImport - INFO - API Rate - Legacy: 0.75 RPS, Dynamic: 0 RPS (Daily: 140/500000)
2025-08-06 14:01:40,377 - MOTHistoryImport - INFO - API Rate - Legacy: 0.71 RPS, Dynamic: 0 RPS (Daily: 150/500000)
2025-08-06 14:01:55,468 - MOTHistoryImport - INFO - API Rate - Legacy: 0.66 RPS, Dynamic: 0 RPS (Daily: 160/500000)
2025-08-06 14:02:11,453 - MOTHistoryImport - INFO - API Rate - Legacy: 0.66 RPS, Dynamic: 0 RPS (Daily: 170/500000)
2025-08-06 14:02:28,381 - MOTHistoryImport - INFO - API Rate - Legacy: 0.65 RPS, Dynamic: 0 RPS (Daily: 180/500000)
2025-08-06 14:02:43,913 - MOTHistoryImport - INFO - API Rate - Legacy: 0.64 RPS, Dynamic: 0 RPS (Daily: 190/500000)
2025-08-06 14:02:58,364 - MOTHistoryImport - INFO - API Rate - Legacy: 0.66 RPS, Dynamic: 0 RPS (Daily: 200/500000)
2025-08-06 14:02:59,083 - MOTHistoryImport - INFO - Bulk inserting 100 vehicle records...
2025-08-06 14:02:59,083 - MOTHistoryImport - WARNING - Truncating long value for key 'fuelType': Hybrid Electric (Clean)... (length: 23 -> 20)
2025-08-06 14:02:59,083 - MOTHistoryImport - WARNING - Truncating long value for key 'fuelType': Hybrid Electric (Clean)... (length: 23 -> 20)
2025-08-06 14:02:59,814 - MOTHistoryImport - INFO - Successfully bulk inserted 100 vehicle records
2025-08-06 14:02:59,824 - MOTHistoryImport - INFO - Bulk inserting 788 test records...
2025-08-06 14:03:06,619 - MOTHistoryImport - INFO - Successfully bulk inserted 788 test records
2025-08-06 14:03:06,622 - MOTHistoryImport - INFO - Bulk inserting 933 defect records...
2025-08-06 14:03:15,072 - MOTHistoryImport - INFO - Successfully bulk inserted 933 defect records
2025-08-06 14:03:15,072 - MOTHistoryImport - INFO - Bulk batch committed: 100 successful, 0 failed, 100 vehicles, 788 tests, 933 defects, 0 not found
2025-08-06 14:03:15,072 - MOTHistoryImport - INFO - Progress: 8.8% (200/2285)
2025-08-06 14:03:15,088 - MOTHistoryImport - INFO - Processing batch 3/23 (100 registrations)
2025-08-06 14:03:30,693 - MOTHistoryImport - INFO - API Rate - Legacy: 0.49 RPS, Dynamic: 0 RPS (Daily: 210/500000)
2025-08-06 14:03:46,379 - MOTHistoryImport - INFO - API Rate - Legacy: 0.49 RPS, Dynamic: 0 RPS (Daily: 220/500000)
2025-08-06 14:04:03,669 - MOTHistoryImport - INFO - API Rate - Legacy: 0.63 RPS, Dynamic: 0 RPS (Daily: 230/500000)
2025-08-06 14:04:19,935 - MOTHistoryImport - INFO - API Rate - Legacy: 0.63 RPS, Dynamic: 0 RPS (Daily: 240/500000)
2025-08-06 14:04:35,157 - MOTHistoryImport - INFO - API Rate - Legacy: 0.64 RPS, Dynamic: 0 RPS (Daily: 250/500000)
2025-08-06 14:04:51,288 - MOTHistoryImport - INFO - API Rate - Legacy: 0.63 RPS, Dynamic: 0 RPS (Daily: 260/500000)
2025-08-06 14:05:08,964 - MOTHistoryImport - INFO - API Rate - Legacy: 0.63 RPS, Dynamic: 0 RPS (Daily: 270/500000)
2025-08-06 14:05:26,937 - MOTHistoryImport - INFO - API Rate - Legacy: 0.61 RPS, Dynamic: 0 RPS (Daily: 280/500000)
2025-08-06 14:05:45,866 - MOTHistoryImport - INFO - API Rate - Legacy: 0.58 RPS, Dynamic: 0 RPS (Daily: 290/500000)
2025-08-06 14:06:03,619 - MOTHistoryImport - INFO - API Rate - Legacy: 0.56 RPS, Dynamic: 0 RPS (Daily: 300/500000)
2025-08-06 14:06:05,879 - MOTHistoryImport - INFO - Bulk inserting 100 vehicle records...
2025-08-06 14:06:06,631 - MOTHistoryImport - INFO - Successfully bulk inserted 100 vehicle records
2025-08-06 14:06:06,634 - MOTHistoryImport - INFO - Bulk inserting 761 test records...
2025-08-06 14:06:11,552 - MOTHistoryImport - INFO - Successfully bulk inserted 761 test records
2025-08-06 14:06:11,568 - MOTHistoryImport - INFO - Bulk inserting 121 defect records...
2025-08-06 14:06:12,627 - MOTHistoryImport - INFO - Successfully bulk inserted 121 defect records
2025-08-06 14:06:12,638 - MOTHistoryImport - INFO - Bulk batch committed: 100 successful, 0 failed, 100 vehicles, 761 tests, 121 defects, 0 not found
2025-08-06 14:06:12,643 - MOTHistoryImport - INFO - Progress: 13.1% (300/2285)
2025-08-06 14:06:12,646 - MOTHistoryImport - INFO - Processing batch 4/23 (100 registrations)
2025-08-06 14:06:31,241 - MOTHistoryImport - INFO - API Rate - Legacy: 0.48 RPS, Dynamic: 0 RPS (Daily: 310/500000)
2025-08-06 14:06:49,923 - MOTHistoryImport - INFO - API Rate - Legacy: 0.48 RPS, Dynamic: 0 RPS (Daily: 320/500000)
2025-08-06 14:07:12,242 - MOTHistoryImport - INFO - API Rate - Legacy: 0.51 RPS, Dynamic: 0 RPS (Daily: 330/500000)
2025-08-06 14:07:32,210 - MOTHistoryImport - INFO - API Rate - Legacy: 0.51 RPS, Dynamic: 0 RPS (Daily: 340/500000)
2025-08-06 14:07:50,457 - MOTHistoryImport - INFO - API Rate - Legacy: 0.51 RPS, Dynamic: 0 RPS (Daily: 350/500000)
2025-08-06 14:08:08,823 - MOTHistoryImport - INFO - API Rate - Legacy: 0.54 RPS, Dynamic: 0 RPS (Daily: 360/500000)
2025-08-06 14:08:29,924 - MOTHistoryImport - INFO - API Rate - Legacy: 0.54 RPS, Dynamic: 0 RPS (Daily: 370/500000)
2025-08-06 14:08:49,762 - MOTHistoryImport - INFO - API Rate - Legacy: 0.52 RPS, Dynamic: 0 RPS (Daily: 380/500000)
2025-08-06 14:09:09,732 - MOTHistoryImport - INFO - API Rate - Legacy: 0.52 RPS, Dynamic: 0 RPS (Daily: 390/500000)
2025-08-06 14:09:28,975 - MOTHistoryImport - INFO - API Rate - Legacy: 0.52 RPS, Dynamic: 0 RPS (Daily: 400/500000)
2025-08-06 14:09:29,984 - MOTHistoryImport - INFO - Bulk inserting 100 vehicle records...
2025-08-06 14:09:30,550 - MOTHistoryImport - INFO - Successfully bulk inserted 100 vehicle records
2025-08-06 14:09:30,552 - MOTHistoryImport - INFO - Bulk inserting 768 test records...
2025-08-06 14:09:34,888 - MOTHistoryImport - INFO - Successfully bulk inserted 768 test records
2025-08-06 14:09:34,888 - MOTHistoryImport - INFO - Bulk inserting 120 defect records...
2025-08-06 14:09:35,624 - MOTHistoryImport - INFO - Successfully bulk inserted 120 defect records
2025-08-06 14:09:35,630 - MOTHistoryImport - INFO - Bulk batch committed: 100 successful, 0 failed, 100 vehicles, 768 tests, 120 defects, 0 not found
2025-08-06 14:09:35,634 - MOTHistoryImport - INFO - Progress: 17.5% (400/2285)
2025-08-06 14:09:35,637 - MOTHistoryImport - INFO - Processing batch 5/23 (100 registrations)
2025-08-06 14:09:53,641 - MOTHistoryImport - INFO - API Rate - Legacy: 0.49 RPS, Dynamic: 0 RPS (Daily: 410/500000)
2025-08-06 14:10:12,750 - MOTHistoryImport - INFO - API Rate - Legacy: 0.48 RPS, Dynamic: 0 RPS (Daily: 420/500000)
2025-08-06 14:10:33,632 - MOTHistoryImport - INFO - API Rate - Legacy: 0.52 RPS, Dynamic: 0 RPS (Daily: 430/500000)
2025-08-06 14:10:45,782 - MOTHistoryImport - WARNING - Registration not found in MOT API: LTZ1016
2025-08-06 14:10:47,116 - MOTHistoryImport - WARNING - Registration not found in MOT API: LTZ1011
2025-08-06 14:10:57,319 - MOTHistoryImport - INFO - API Rate - Legacy: 0.48 RPS, Dynamic: 0 RPS (Daily: 442/500000)
2025-08-06 14:11:17,810 - MOTHistoryImport - INFO - API Rate - Legacy: 0.48 RPS, Dynamic: 0 RPS (Daily: 452/500000)
2025-08-06 14:11:39,590 - MOTHistoryImport - INFO - API Rate - Legacy: 0.47 RPS, Dynamic: 0 RPS (Daily: 462/500000)
2025-08-06 14:12:00,552 - MOTHistoryImport - INFO - API Rate - Legacy: 0.49 RPS, Dynamic: 0 RPS (Daily: 472/500000)
2025-08-06 14:12:22,034 - MOTHistoryImport - INFO - API Rate - Legacy: 0.48 RPS, Dynamic: 0 RPS (Daily: 482/500000)
2025-08-06 14:12:41,507 - MOTHistoryImport - INFO - API Rate - Legacy: 0.50 RPS, Dynamic: 0 RPS (Daily: 492/500000)
2025-08-06 14:12:58,904 - MOTHistoryImport - INFO - Bulk inserting 98 vehicle records...
2025-08-06 14:12:59,437 - MOTHistoryImport - INFO - Successfully bulk inserted 98 vehicle records
2025-08-06 14:12:59,440 - MOTHistoryImport - INFO - Bulk inserting 742 test records...
2025-08-06 14:13:04,199 - MOTHistoryImport - INFO - Successfully bulk inserted 742 test records
2025-08-06 14:13:04,215 - MOTHistoryImport - INFO - Bulk inserting 152 defect records...
2025-08-06 14:13:05,170 - MOTHistoryImport - INFO - Successfully bulk inserted 152 defect records
2025-08-06 14:13:05,174 - MOTHistoryImport - INFO - Bulk inserting 2 not found registrations...
2025-08-06 14:13:05,185 - MOTHistoryImport - INFO - Successfully bulk inserted 2 not found registrations
2025-08-06 14:13:05,204 - MOTHistoryImport - INFO - Bulk batch committed: 98 successful, 2 failed, 98 vehicles, 742 tests, 152 defects, 2 not found
2025-08-06 14:13:05,209 - MOTHistoryImport - INFO - Progress: 21.9% (500/2285)
2025-08-06 14:13:05,212 - MOTHistoryImport - INFO - Processing batch 6/23 (100 registrations)
2025-08-06 14:13:08,438 - MOTHistoryImport - INFO - API Rate - Legacy: 0.45 RPS, Dynamic: 0 RPS (Daily: 502/500000)
2025-08-06 14:13:37,828 - MOTHistoryImport - INFO - API Rate - Legacy: 0.38 RPS, Dynamic: 0 RPS (Daily: 512/500000)
2025-08-06 14:13:58,101 - MOTHistoryImport - INFO - API Rate - Legacy: 0.42 RPS, Dynamic: 0 RPS (Daily: 522/500000)
2025-08-06 14:14:20,218 - MOTHistoryImport - INFO - API Rate - Legacy: 0.46 RPS, Dynamic: 0 RPS (Daily: 532/500000)
2025-08-06 14:14:41,639 - MOTHistoryImport - INFO - API Rate - Legacy: 0.49 RPS, Dynamic: 0 RPS (Daily: 542/500000)
2025-08-06 14:15:05,681 - MOTHistoryImport - INFO - API Rate - Legacy: 0.46 RPS, Dynamic: 0 RPS (Daily: 552/500000)
2025-08-06 14:15:27,181 - MOTHistoryImport - INFO - API Rate - Legacy: 0.46 RPS, Dynamic: 0 RPS (Daily: 562/500000)
2025-08-06 14:15:48,655 - MOTHistoryImport - INFO - API Rate - Legacy: 0.47 RPS, Dynamic: 0 RPS (Daily: 572/500000)
2025-08-06 14:16:12,545 - MOTHistoryImport - INFO - API Rate - Legacy: 0.47 RPS, Dynamic: 0 RPS (Daily: 582/500000)
2025-08-06 14:16:35,395 - MOTHistoryImport - INFO - API Rate - Legacy: 0.45 RPS, Dynamic: 0 RPS (Daily: 592/500000)
2025-08-06 14:16:53,810 - MOTHistoryImport - INFO - Bulk inserting 100 vehicle records...
2025-08-06 14:16:54,466 - MOTHistoryImport - INFO - Successfully bulk inserted 100 vehicle records
2025-08-06 14:16:54,469 - MOTHistoryImport - INFO - Bulk inserting 757 test records...
2025-08-06 14:17:00,465 - MOTHistoryImport - INFO - Successfully bulk inserted 757 test records
2025-08-06 14:17:00,465 - MOTHistoryImport - INFO - Bulk inserting 99 defect records...
2025-08-06 14:17:01,498 - MOTHistoryImport - INFO - Successfully bulk inserted 99 defect records
2025-08-06 14:17:01,506 - MOTHistoryImport - INFO - Bulk batch committed: 100 successful, 0 failed, 100 vehicles, 757 tests, 99 defects, 0 not found
2025-08-06 14:17:01,510 - MOTHistoryImport - INFO - Progress: 26.3% (600/2285)
2025-08-06 14:17:01,514 - MOTHistoryImport - INFO - Processing batch 7/23 (100 registrations)
2025-08-06 14:17:04,954 - MOTHistoryImport - INFO - API Rate - Legacy: 0.41 RPS, Dynamic: 0 RPS (Daily: 602/500000)
2025-08-06 14:17:27,395 - MOTHistoryImport - INFO - API Rate - Legacy: 0.41 RPS, Dynamic: 0 RPS (Daily: 612/500000)
2025-08-06 14:17:49,117 - MOTHistoryImport - INFO - API Rate - Legacy: 0.41 RPS, Dynamic: 0 RPS (Daily: 622/500000)
2025-08-06 14:18:09,919 - MOTHistoryImport - INFO - API Rate - Legacy: 0.48 RPS, Dynamic: 0 RPS (Daily: 632/500000)
2025-08-06 14:18:35,318 - MOTHistoryImport - INFO - API Rate - Legacy: 0.46 RPS, Dynamic: 0 RPS (Daily: 642/500000)
2025-08-06 14:18:58,930 - MOTHistoryImport - INFO - API Rate - Legacy: 0.44 RPS, Dynamic: 0 RPS (Daily: 652/500000)
2025-08-06 14:19:22,164 - MOTHistoryImport - INFO - API Rate - Legacy: 0.44 RPS, Dynamic: 0 RPS (Daily: 662/500000)
2025-08-06 14:19:44,792 - MOTHistoryImport - INFO - API Rate - Legacy: 0.45 RPS, Dynamic: 0 RPS (Daily: 672/500000)
2025-08-06 14:20:09,769 - MOTHistoryImport - INFO - API Rate - Legacy: 0.44 RPS, Dynamic: 0 RPS (Daily: 682/500000)
2025-08-06 14:20:34,052 - MOTHistoryImport - INFO - API Rate - Legacy: 0.43 RPS, Dynamic: 0 RPS (Daily: 692/500000)
2025-08-06 14:20:55,259 - MOTHistoryImport - INFO - Bulk inserting 100 vehicle records...
2025-08-06 14:20:55,928 - MOTHistoryImport - INFO - Successfully bulk inserted 100 vehicle records
2025-08-06 14:20:55,931 - MOTHistoryImport - INFO - Bulk inserting 771 test records...
2025-08-06 14:21:02,499 - MOTHistoryImport - INFO - Successfully bulk inserted 771 test records
2025-08-06 14:21:02,503 - MOTHistoryImport - INFO - Bulk inserting 73 defect records...
2025-08-06 14:21:03,155 - MOTHistoryImport - INFO - Successfully bulk inserted 73 defect records
2025-08-06 14:21:03,163 - MOTHistoryImport - INFO - Bulk batch committed: 100 successful, 0 failed, 100 vehicles, 771 tests, 73 defects, 0 not found
2025-08-06 14:21:03,167 - MOTHistoryImport - INFO - Progress: 30.6% (700/2285)
2025-08-06 14:21:03,169 - MOTHistoryImport - INFO - Processing batch 8/23 (100 registrations)
2025-08-06 14:21:06,614 - MOTHistoryImport - INFO - API Rate - Legacy: 0.37 RPS, Dynamic: 0 RPS (Daily: 702/500000)
2025-08-06 14:21:31,430 - MOTHistoryImport - INFO - API Rate - Legacy: 0.37 RPS, Dynamic: 0 RPS (Daily: 712/500000)
2025-08-06 14:21:55,952 - MOTHistoryImport - INFO - API Rate - Legacy: 0.42 RPS, Dynamic: 0 RPS (Daily: 722/500000)
2025-08-06 14:22:20,546 - MOTHistoryImport - INFO - API Rate - Legacy: 0.43 RPS, Dynamic: 0 RPS (Daily: 732/500000)
2025-08-06 14:22:47,187 - MOTHistoryImport - INFO - API Rate - Legacy: 0.41 RPS, Dynamic: 0 RPS (Daily: 742/500000)
2025-08-06 14:23:12,894 - MOTHistoryImport - INFO - API Rate - Legacy: 0.40 RPS, Dynamic: 0 RPS (Daily: 752/500000)
2025-08-06 14:23:38,977 - MOTHistoryImport - INFO - API Rate - Legacy: 0.39 RPS, Dynamic: 0 RPS (Daily: 762/500000)
2025-08-06 14:24:05,604 - MOTHistoryImport - INFO - API Rate - Legacy: 0.40 RPS, Dynamic: 0 RPS (Daily: 772/500000)
2025-08-06 14:24:30,669 - MOTHistoryImport - INFO - API Rate - Legacy: 0.40 RPS, Dynamic: 0 RPS (Daily: 782/500000)
2025-08-06 14:24:57,984 - MOTHistoryImport - INFO - API Rate - Legacy: 0.40 RPS, Dynamic: 0 RPS (Daily: 792/500000)
2025-08-06 14:25:20,414 - MOTHistoryImport - INFO - Bulk inserting 100 vehicle records...
2025-08-06 14:25:21,411 - MOTHistoryImport - INFO - Successfully bulk inserted 100 vehicle records
2025-08-06 14:25:21,414 - MOTHistoryImport - INFO - Bulk inserting 737 test records...
2025-08-06 14:25:26,621 - MOTHistoryImport - INFO - Successfully bulk inserted 737 test records
2025-08-06 14:25:26,636 - MOTHistoryImport - INFO - Bulk inserting 98 defect records...
2025-08-06 14:25:27,324 - MOTHistoryImport - INFO - Successfully bulk inserted 98 defect records
2025-08-06 14:25:27,331 - MOTHistoryImport - INFO - Bulk batch committed: 100 successful, 0 failed, 100 vehicles, 737 tests, 98 defects, 0 not found
2025-08-06 14:25:27,334 - MOTHistoryImport - INFO - Progress: 35.0% (800/2285)
2025-08-06 14:25:27,337 - MOTHistoryImport - INFO - Processing batch 9/23 (100 registrations)
2025-08-06 14:25:30,933 - MOTHistoryImport - INFO - API Rate - Legacy: 0.35 RPS, Dynamic: 0 RPS (Daily: 802/500000)
2025-08-06 14:25:59,433 - MOTHistoryImport - INFO - API Rate - Legacy: 0.34 RPS, Dynamic: 0 RPS (Daily: 812/500000)
2025-08-06 14:26:28,019 - MOTHistoryImport - INFO - API Rate - Legacy: 0.37 RPS, Dynamic: 0 RPS (Daily: 822/500000)
2025-08-06 14:26:56,709 - MOTHistoryImport - INFO - API Rate - Legacy: 0.37 RPS, Dynamic: 0 RPS (Daily: 832/500000)
2025-08-06 14:27:24,758 - MOTHistoryImport - INFO - API Rate - Legacy: 0.37 RPS, Dynamic: 0 RPS (Daily: 842/500000)
2025-08-06 14:27:50,953 - MOTHistoryImport - INFO - API Rate - Legacy: 0.39 RPS, Dynamic: 0 RPS (Daily: 852/500000)
2025-08-06 14:28:17,516 - MOTHistoryImport - INFO - API Rate - Legacy: 0.39 RPS, Dynamic: 0 RPS (Daily: 862/500000)
2025-08-06 14:28:45,969 - MOTHistoryImport - INFO - API Rate - Legacy: 0.38 RPS, Dynamic: 0 RPS (Daily: 872/500000)
2025-08-06 14:29:13,653 - MOTHistoryImport - INFO - API Rate - Legacy: 0.38 RPS, Dynamic: 0 RPS (Daily: 882/500000)
2025-08-06 14:29:41,509 - MOTHistoryImport - INFO - API Rate - Legacy: 0.38 RPS, Dynamic: 0 RPS (Daily: 892/500000)
2025-08-06 14:30:05,347 - MOTHistoryImport - INFO - Bulk inserting 100 vehicle records...
2025-08-06 14:30:06,061 - MOTHistoryImport - INFO - Successfully bulk inserted 100 vehicle records
2025-08-06 14:30:06,063 - MOTHistoryImport - INFO - Bulk inserting 772 test records...
2025-08-06 14:30:12,835 - MOTHistoryImport - INFO - Successfully bulk inserted 772 test records
2025-08-06 14:30:12,835 - MOTHistoryImport - INFO - Bulk inserting 87 defect records...
2025-08-06 14:30:13,474 - MOTHistoryImport - INFO - Successfully bulk inserted 87 defect records
2025-08-06 14:30:13,483 - MOTHistoryImport - INFO - Bulk batch committed: 100 successful, 0 failed, 100 vehicles, 772 tests, 87 defects, 0 not found
2025-08-06 14:30:13,487 - MOTHistoryImport - INFO - Progress: 39.4% (900/2285)
2025-08-06 14:30:13,492 - MOTHistoryImport - INFO - Processing batch 10/23 (100 registrations)
2025-08-06 14:30:17,500 - MOTHistoryImport - INFO - API Rate - Legacy: 0.33 RPS, Dynamic: 0 RPS (Daily: 902/500000)
2025-08-06 14:30:48,643 - MOTHistoryImport - INFO - API Rate - Legacy: 0.31 RPS, Dynamic: 0 RPS (Daily: 912/500000)
2025-08-06 14:31:20,664 - MOTHistoryImport - INFO - API Rate - Legacy: 0.34 RPS, Dynamic: 0 RPS (Daily: 922/500000)
2025-08-06 14:31:52,668 - MOTHistoryImport - INFO - API Rate - Legacy: 0.33 RPS, Dynamic: 0 RPS (Daily: 932/500000)
2025-08-06 14:32:25,907 - MOTHistoryImport - INFO - API Rate - Legacy: 0.32 RPS, Dynamic: 0 RPS (Daily: 942/500000)
2025-08-06 14:33:01,036 - MOTHistoryImport - INFO - API Rate - Legacy: 0.31 RPS, Dynamic: 0 RPS (Daily: 952/500000)
2025-08-06 14:33:31,487 - MOTHistoryImport - INFO - API Rate - Legacy: 0.33 RPS, Dynamic: 0 RPS (Daily: 962/500000)
2025-08-06 14:34:03,730 - MOTHistoryImport - INFO - API Rate - Legacy: 0.33 RPS, Dynamic: 0 RPS (Daily: 972/500000)
2025-08-06 14:34:43,562 - MOTHistoryImport - INFO - API Rate - Legacy: 0.29 RPS, Dynamic: 0 RPS (Daily: 982/500000)
2025-08-06 14:35:22,120 - MOTHistoryImport - INFO - API Rate - Legacy: 0.29 RPS, Dynamic: 0 RPS (Daily: 992/500000)
2025-08-06 14:36:00,618 - MOTHistoryImport - INFO - Bulk inserting 100 vehicle records...
2025-08-06 14:36:01,354 - MOTHistoryImport - INFO - Successfully bulk inserted 100 vehicle records
2025-08-06 14:36:01,354 - MOTHistoryImport - INFO - Bulk inserting 710 test records...
2025-08-06 14:36:05,398 - MOTHistoryImport - INFO - Successfully bulk inserted 710 test records
2025-08-06 14:36:05,398 - MOTHistoryImport - INFO - Bulk inserting 80 defect records...
2025-08-06 14:36:06,651 - MOTHistoryImport - INFO - Successfully bulk inserted 80 defect records
2025-08-06 14:36:06,664 - MOTHistoryImport - INFO - Bulk batch committed: 100 successful, 0 failed, 100 vehicles, 710 tests, 80 defects, 0 not found
2025-08-06 14:36:06,668 - MOTHistoryImport - INFO - Progress: 43.8% (1000/2285)
2025-08-06 14:36:06,668 - MOTHistoryImport - INFO - Processing batch 11/23 (100 registrations)
2025-08-06 14:36:11,200 - MOTHistoryImport - INFO - API Rate - Legacy: 0.22 RPS, Dynamic: 0 RPS (Daily: 1002/500000)
2025-08-06 14:36:42,188 - MOTHistoryImport - INFO - API Rate - Legacy: 0.28 RPS, Dynamic: 0 RPS (Daily: 1012/500000)
2025-08-06 14:37:16,616 - MOTHistoryImport - INFO - API Rate - Legacy: 0.32 RPS, Dynamic: 0 RPS (Daily: 1022/500000)
2025-08-06 14:37:50,707 - MOTHistoryImport - INFO - API Rate - Legacy: 0.32 RPS, Dynamic: 0 RPS (Daily: 1032/500000)
2025-08-06 14:38:33,836 - MOTHistoryImport - INFO - API Rate - Legacy: 0.27 RPS, Dynamic: 0 RPS (Daily: 1042/500000)
2025-08-06 14:39:16,479 - MOTHistoryImport - INFO - API Rate - Legacy: 0.26 RPS, Dynamic: 0 RPS (Daily: 1052/500000)
2025-08-06 14:39:53,935 - MOTHistoryImport - INFO - API Rate - Legacy: 0.27 RPS, Dynamic: 0 RPS (Daily: 1062/500000)
2025-08-06 14:40:24,179 - MOTHistoryImport - INFO - API Rate - Legacy: 0.32 RPS, Dynamic: 0 RPS (Daily: 1072/500000)
2025-08-06 14:40:56,166 - MOTHistoryImport - INFO - API Rate - Legacy: 0.34 RPS, Dynamic: 0 RPS (Daily: 1082/500000)
2025-08-06 14:41:29,342 - MOTHistoryImport - INFO - API Rate - Legacy: 0.33 RPS, Dynamic: 0 RPS (Daily: 1092/500000)
2025-08-06 14:41:57,202 - MOTHistoryImport - INFO - Bulk inserting 100 vehicle records...
2025-08-06 14:41:57,713 - MOTHistoryImport - INFO - Successfully bulk inserted 100 vehicle records
2025-08-06 14:41:57,716 - MOTHistoryImport - INFO - Bulk inserting 640 test records...
2025-08-06 14:42:02,722 - MOTHistoryImport - INFO - Successfully bulk inserted 640 test records
2025-08-06 14:42:02,724 - MOTHistoryImport - INFO - Bulk inserting 52 defect records...
2025-08-06 14:42:03,293 - MOTHistoryImport - INFO - Successfully bulk inserted 52 defect records
2025-08-06 14:42:03,300 - MOTHistoryImport - INFO - Bulk batch committed: 100 successful, 0 failed, 100 vehicles, 640 tests, 52 defects, 0 not found
2025-08-06 14:42:03,303 - MOTHistoryImport - INFO - Progress: 48.1% (1100/2285)
2025-08-06 14:42:03,306 - MOTHistoryImport - INFO - Processing batch 12/23 (100 registrations)
2025-08-06 14:42:07,258 - MOTHistoryImport - INFO - API Rate - Legacy: 0.29 RPS, Dynamic: 0 RPS (Daily: 1102/500000)
2025-08-06 14:42:39,827 - MOTHistoryImport - INFO - API Rate - Legacy: 0.30 RPS, Dynamic: 0 RPS (Daily: 1112/500000)
2025-08-06 14:43:16,613 - MOTHistoryImport - INFO - API Rate - Legacy: 0.30 RPS, Dynamic: 0 RPS (Daily: 1122/500000)
2025-08-06 14:43:51,331 - MOTHistoryImport - INFO - API Rate - Legacy: 0.30 RPS, Dynamic: 0 RPS (Daily: 1132/500000)
2025-08-06 14:44:25,357 - MOTHistoryImport - INFO - API Rate - Legacy: 0.31 RPS, Dynamic: 0 RPS (Daily: 1142/500000)
2025-08-06 14:44:58,092 - MOTHistoryImport - INFO - API Rate - Legacy: 0.32 RPS, Dynamic: 0 RPS (Daily: 1152/500000)
2025-08-06 14:45:31,412 - MOTHistoryImport - INFO - API Rate - Legacy: 0.32 RPS, Dynamic: 0 RPS (Daily: 1162/500000)
2025-08-06 14:46:02,990 - MOTHistoryImport - INFO - API Rate - Legacy: 0.32 RPS, Dynamic: 0 RPS (Daily: 1172/500000)
2025-08-06 14:46:38,201 - MOTHistoryImport - INFO - API Rate - Legacy: 0.31 RPS, Dynamic: 0 RPS (Daily: 1182/500000)
2025-08-06 14:47:11,107 - MOTHistoryImport - INFO - API Rate - Legacy: 0.31 RPS, Dynamic: 0 RPS (Daily: 1192/500000)
2025-08-06 14:47:41,049 - MOTHistoryImport - INFO - Bulk inserting 100 vehicle records...
2025-08-06 14:47:42,546 - MOTHistoryImport - INFO - Successfully bulk inserted 100 vehicle records
2025-08-06 14:47:42,546 - MOTHistoryImport - INFO - Bulk inserting 626 test records...
2025-08-06 14:47:46,634 - MOTHistoryImport - INFO - Successfully bulk inserted 626 test records
2025-08-06 14:47:46,638 - MOTHistoryImport - INFO - Bulk inserting 74 defect records...
2025-08-06 14:47:47,507 - MOTHistoryImport - INFO - Successfully bulk inserted 74 defect records
2025-08-06 14:47:47,533 - MOTHistoryImport - INFO - Bulk batch committed: 100 successful, 0 failed, 100 vehicles, 626 tests, 74 defects, 0 not found
2025-08-06 14:47:47,539 - MOTHistoryImport - INFO - Progress: 52.5% (1200/2285)
2025-08-06 14:47:47,539 - MOTHistoryImport - INFO - Processing batch 13/23 (100 registrations)
2025-08-06 14:47:51,922 - MOTHistoryImport - INFO - API Rate - Legacy: 0.28 RPS, Dynamic: 0 RPS (Daily: 1202/500000)
2025-08-06 14:48:28,040 - MOTHistoryImport - INFO - API Rate - Legacy: 0.26 RPS, Dynamic: 0 RPS (Daily: 1212/500000)
2025-08-06 14:49:05,804 - MOTHistoryImport - INFO - API Rate - Legacy: 0.29 RPS, Dynamic: 0 RPS (Daily: 1222/500000)
2025-08-06 14:49:44,660 - MOTHistoryImport - INFO - API Rate - Legacy: 0.28 RPS, Dynamic: 0 RPS (Daily: 1232/500000)
2025-08-06 14:50:18,371 - MOTHistoryImport - INFO - API Rate - Legacy: 0.30 RPS, Dynamic: 0 RPS (Daily: 1242/500000)
2025-08-06 14:50:55,349 - MOTHistoryImport - INFO - API Rate - Legacy: 0.30 RPS, Dynamic: 0 RPS (Daily: 1252/500000)
2025-08-06 14:51:30,752 - MOTHistoryImport - INFO - API Rate - Legacy: 0.30 RPS, Dynamic: 0 RPS (Daily: 1262/500000)
2025-08-06 14:52:09,229 - MOTHistoryImport - INFO - API Rate - Legacy: 0.29 RPS, Dynamic: 0 RPS (Daily: 1272/500000)
2025-08-06 14:52:46,551 - MOTHistoryImport - INFO - API Rate - Legacy: 0.28 RPS, Dynamic: 0 RPS (Daily: 1282/500000)
2025-08-06 14:53:26,628 - MOTHistoryImport - INFO - API Rate - Legacy: 0.27 RPS, Dynamic: 0 RPS (Daily: 1292/500000)
2025-08-06 14:54:03,170 - MOTHistoryImport - INFO - Bulk inserting 100 vehicle records...
2025-08-06 14:54:03,922 - MOTHistoryImport - INFO - Successfully bulk inserted 100 vehicle records
2025-08-06 14:54:03,922 - MOTHistoryImport - INFO - Bulk inserting 600 test records...
2025-08-06 14:54:07,732 - MOTHistoryImport - INFO - Successfully bulk inserted 600 test records
2025-08-06 14:54:07,732 - MOTHistoryImport - INFO - Bulk inserting 66 defect records...
2025-08-06 14:54:08,156 - MOTHistoryImport - INFO - Successfully bulk inserted 66 defect records
2025-08-06 14:54:08,156 - MOTHistoryImport - INFO - Bulk batch committed: 100 successful, 0 failed, 100 vehicles, 600 tests, 66 defects, 0 not found
2025-08-06 14:54:08,174 - MOTHistoryImport - INFO - Progress: 56.9% (1300/2285)
2025-08-06 14:54:08,178 - MOTHistoryImport - INFO - Processing batch 14/23 (100 registrations)
2025-08-06 14:54:11,727 - MOTHistoryImport - INFO - API Rate - Legacy: 0.25 RPS, Dynamic: 0 RPS (Daily: 1302/500000)
2025-08-06 14:54:45,405 - MOTHistoryImport - INFO - API Rate - Legacy: 0.27 RPS, Dynamic: 0 RPS (Daily: 1312/500000)
2025-08-06 14:55:25,712 - MOTHistoryImport - INFO - API Rate - Legacy: 0.27 RPS, Dynamic: 0 RPS (Daily: 1322/500000)
2025-08-06 14:56:04,937 - MOTHistoryImport - INFO - API Rate - Legacy: 0.28 RPS, Dynamic: 0 RPS (Daily: 1332/500000)
2025-08-06 14:56:47,909 - MOTHistoryImport - INFO - API Rate - Legacy: 0.26 RPS, Dynamic: 0 RPS (Daily: 1342/500000)
2025-08-06 14:57:33,747 - MOTHistoryImport - INFO - Requesting new OAuth2 token...
2025-08-06 14:57:33,970 - MOTHistoryImport - INFO - OAuth2 token obtained successfully
2025-08-06 14:57:46,977 - MOTHistoryImport - INFO - API Rate - Legacy: 0.19 RPS, Dynamic: 0 RPS (Daily: 1352/500000)
2025-08-06 14:58:38,622 - MOTHistoryImport - INFO - API Rate - Legacy: 0.21 RPS, Dynamic: 0 RPS (Daily: 1362/500000)
2025-08-06 14:59:28,082 - MOTHistoryImport - INFO - API Rate - Legacy: 0.22 RPS, Dynamic: 0 RPS (Daily: 1372/500000)
2025-08-06 15:00:22,265 - MOTHistoryImport - INFO - API Rate - Legacy: 0.20 RPS, Dynamic: 0 RPS (Daily: 1382/500000)
2025-08-06 15:01:09,288 - MOTHistoryImport - INFO - API Rate - Legacy: 0.22 RPS, Dynamic: 0 RPS (Daily: 1392/500000)
2025-08-06 15:01:54,075 - MOTHistoryImport - INFO - Bulk inserting 100 vehicle records...
2025-08-06 15:01:55,062 - MOTHistoryImport - INFO - Successfully bulk inserted 100 vehicle records
2025-08-06 15:01:55,078 - MOTHistoryImport - INFO - Bulk inserting 377 test records...
2025-08-06 15:01:57,839 - MOTHistoryImport - INFO - Successfully bulk inserted 377 test records
2025-08-06 15:01:57,839 - MOTHistoryImport - INFO - Bulk inserting 113 defect records...
2025-08-06 15:01:58,665 - MOTHistoryImport - INFO - Successfully bulk inserted 113 defect records
2025-08-06 15:01:58,667 - MOTHistoryImport - INFO - Bulk batch committed: 100 successful, 0 failed, 100 vehicles, 377 tests, 113 defects, 0 not found
2025-08-06 15:01:58,667 - MOTHistoryImport - INFO - Progress: 61.3% (1400/2285)
2025-08-06 15:01:58,682 - MOTHistoryImport - INFO - Processing batch 15/23 (100 registrations)
2025-08-06 15:02:04,366 - MOTHistoryImport - INFO - API Rate - Legacy: 0.20 RPS, Dynamic: 0 RPS (Daily: 1402/500000)
2025-08-06 15:02:46,140 - MOTHistoryImport - INFO - API Rate - Legacy: 0.23 RPS, Dynamic: 0 RPS (Daily: 1412/500000)
2025-08-06 15:03:46,058 - MOTHistoryImport - INFO - API Rate - Legacy: 0.18 RPS, Dynamic: 0 RPS (Daily: 1422/500000)
2025-08-06 15:04:39,798 - MOTHistoryImport - INFO - API Rate - Legacy: 0.21 RPS, Dynamic: 0 RPS (Daily: 1432/500000)
2025-08-06 15:05:38,368 - MOTHistoryImport - INFO - API Rate - Legacy: 0.19 RPS, Dynamic: 0 RPS (Daily: 1442/500000)
2025-08-06 15:06:15,589 - MOTHistoryImport - INFO - API Rate - Legacy: 0.25 RPS, Dynamic: 0 RPS (Daily: 1452/500000)
2025-08-06 15:06:55,397 - MOTHistoryImport - INFO - API Rate - Legacy: 0.28 RPS, Dynamic: 0 RPS (Daily: 1462/500000)
2025-08-06 15:07:40,249 - MOTHistoryImport - INFO - API Rate - Legacy: 0.25 RPS, Dynamic: 0 RPS (Daily: 1472/500000)
2025-08-06 15:08:30,952 - MOTHistoryImport - INFO - API Rate - Legacy: 0.22 RPS, Dynamic: 0 RPS (Daily: 1482/500000)
2025-08-06 15:09:09,549 - MOTHistoryImport - INFO - API Rate - Legacy: 0.26 RPS, Dynamic: 0 RPS (Daily: 1492/500000)
2025-08-06 15:09:45,021 - MOTHistoryImport - INFO - Bulk inserting 100 vehicle records...
2025-08-06 15:09:45,558 - MOTHistoryImport - INFO - Successfully bulk inserted 100 vehicle records
2025-08-06 15:09:45,562 - MOTHistoryImport - INFO - Bulk inserting 195 test records...
2025-08-06 15:09:46,883 - MOTHistoryImport - INFO - Successfully bulk inserted 195 test records
2025-08-06 15:09:46,886 - MOTHistoryImport - INFO - Bulk inserting 16 defect records...
2025-08-06 15:09:47,028 - MOTHistoryImport - INFO - Successfully bulk inserted 16 defect records
2025-08-06 15:09:47,036 - MOTHistoryImport - INFO - Bulk batch committed: 100 successful, 0 failed, 100 vehicles, 195 tests, 16 defects, 0 not found
2025-08-06 15:09:47,039 - MOTHistoryImport - INFO - Progress: 65.6% (1500/2285)
2025-08-06 15:09:47,042 - MOTHistoryImport - INFO - Processing batch 16/23 (100 registrations)
2025-08-06 15:09:51,435 - MOTHistoryImport - INFO - API Rate - Legacy: 0.26 RPS, Dynamic: 0 RPS (Daily: 1502/500000)
2025-08-06 15:10:30,857 - MOTHistoryImport - INFO - API Rate - Legacy: 0.26 RPS, Dynamic: 0 RPS (Daily: 1512/500000)
2025-08-06 15:11:08,947 - MOTHistoryImport - INFO - API Rate - Legacy: 0.27 RPS, Dynamic: 0 RPS (Daily: 1522/500000)
2025-08-06 15:11:48,444 - MOTHistoryImport - INFO - API Rate - Legacy: 0.28 RPS, Dynamic: 0 RPS (Daily: 1532/500000)
2025-08-06 15:12:24,513 - MOTHistoryImport - INFO - API Rate - Legacy: 0.28 RPS, Dynamic: 0 RPS (Daily: 1542/500000)
2025-08-06 15:13:01,757 - MOTHistoryImport - INFO - API Rate - Legacy: 0.29 RPS, Dynamic: 0 RPS (Daily: 1552/500000)
2025-08-06 15:13:40,328 - MOTHistoryImport - INFO - API Rate - Legacy: 0.28 RPS, Dynamic: 0 RPS (Daily: 1562/500000)
2025-08-06 15:14:16,977 - MOTHistoryImport - INFO - API Rate - Legacy: 0.29 RPS, Dynamic: 0 RPS (Daily: 1572/500000)
2025-08-06 15:14:55,650 - MOTHistoryImport - INFO - API Rate - Legacy: 0.28 RPS, Dynamic: 0 RPS (Daily: 1582/500000)
2025-08-06 15:15:35,988 - MOTHistoryImport - INFO - API Rate - Legacy: 0.27 RPS, Dynamic: 0 RPS (Daily: 1592/500000)
2025-08-06 15:16:12,038 - MOTHistoryImport - INFO - Bulk inserting 100 vehicle records...
2025-08-06 15:16:12,044 - MOTHistoryImport - WARNING - Truncating long value for key 'fuelType': Hybrid Electric (Clean)... (length: 23 -> 20)
2025-08-06 15:16:12,049 - MOTHistoryImport - WARNING - Truncating long value for key 'fuelType': Hybrid Electric (Clean)... (length: 23 -> 20)
2025-08-06 15:16:12,054 - MOTHistoryImport - WARNING - Truncating long value for key 'fuelType': Hybrid Electric (Clean)... (length: 23 -> 20)
2025-08-06 15:16:12,781 - MOTHistoryImport - INFO - Successfully bulk inserted 100 vehicle records
2025-08-06 15:16:12,784 - MOTHistoryImport - INFO - Bulk inserting 227 test records...
2025-08-06 15:16:14,143 - MOTHistoryImport - INFO - Successfully bulk inserted 227 test records
2025-08-06 15:16:14,147 - MOTHistoryImport - INFO - Bulk inserting 13 defect records...
2025-08-06 15:16:14,262 - MOTHistoryImport - INFO - Successfully bulk inserted 13 defect records
2025-08-06 15:16:14,269 - MOTHistoryImport - INFO - Bulk batch committed: 100 successful, 0 failed, 100 vehicles, 227 tests, 13 defects, 0 not found
2025-08-06 15:16:14,272 - MOTHistoryImport - INFO - Progress: 70.0% (1600/2285)
2025-08-06 15:16:14,274 - MOTHistoryImport - INFO - Processing batch 17/23 (100 registrations)
2025-08-06 15:16:18,708 - MOTHistoryImport - INFO - API Rate - Legacy: 0.25 RPS, Dynamic: 0 RPS (Daily: 1602/500000)
2025-08-06 15:16:57,590 - MOTHistoryImport - INFO - API Rate - Legacy: 0.26 RPS, Dynamic: 0 RPS (Daily: 1612/500000)
2025-08-06 15:17:36,737 - MOTHistoryImport - INFO - API Rate - Legacy: 0.27 RPS, Dynamic: 0 RPS (Daily: 1622/500000)
2025-08-06 15:18:15,724 - MOTHistoryImport - INFO - API Rate - Legacy: 0.27 RPS, Dynamic: 0 RPS (Daily: 1632/500000)
2025-08-06 15:18:51,962 - MOTHistoryImport - INFO - API Rate - Legacy: 0.28 RPS, Dynamic: 0 RPS (Daily: 1642/500000)
2025-08-06 15:19:35,371 - MOTHistoryImport - INFO - API Rate - Legacy: 0.26 RPS, Dynamic: 0 RPS (Daily: 1652/500000)
2025-08-06 15:20:12,787 - MOTHistoryImport - INFO - API Rate - Legacy: 0.28 RPS, Dynamic: 0 RPS (Daily: 1662/500000)
2025-08-06 15:21:00,542 - MOTHistoryImport - INFO - API Rate - Legacy: 0.23 RPS, Dynamic: 0 RPS (Daily: 1672/500000)
2025-08-06 15:21:49,586 - MOTHistoryImport - INFO - API Rate - Legacy: 0.22 RPS, Dynamic: 0 RPS (Daily: 1682/500000)
2025-08-06 15:22:40,193 - MOTHistoryImport - INFO - API Rate - Legacy: 0.22 RPS, Dynamic: 0 RPS (Daily: 1692/500000)
2025-08-06 15:23:21,000 - MOTHistoryImport - INFO - Bulk inserting 100 vehicle records...
2025-08-06 15:23:21,835 - MOTHistoryImport - INFO - Successfully bulk inserted 100 vehicle records
2025-08-06 15:23:21,842 - MOTHistoryImport - INFO - Bulk inserting 142 test records...
2025-08-06 15:23:23,182 - MOTHistoryImport - INFO - Successfully bulk inserted 142 test records
2025-08-06 15:23:23,188 - MOTHistoryImport - INFO - Bulk inserting 6 defect records...
2025-08-06 15:23:23,271 - MOTHistoryImport - INFO - Successfully bulk inserted 6 defect records
2025-08-06 15:23:23,284 - MOTHistoryImport - INFO - Bulk batch committed: 100 successful, 0 failed, 100 vehicles, 142 tests, 6 defects, 0 not found
2025-08-06 15:23:23,287 - MOTHistoryImport - INFO - Progress: 74.4% (1700/2285)
2025-08-06 15:23:23,292 - MOTHistoryImport - INFO - Processing batch 18/23 (100 registrations)
2025-08-06 15:23:27,646 - MOTHistoryImport - INFO - API Rate - Legacy: 0.23 RPS, Dynamic: 0 RPS (Daily: 1702/500000)
2025-08-06 15:24:06,787 - MOTHistoryImport - INFO - API Rate - Legacy: 0.26 RPS, Dynamic: 0 RPS (Daily: 1712/500000)
2025-08-06 15:24:44,729 - MOTHistoryImport - INFO - API Rate - Legacy: 0.27 RPS, Dynamic: 0 RPS (Daily: 1722/500000)
2025-08-06 15:25:22,701 - MOTHistoryImport - INFO - API Rate - Legacy: 0.28 RPS, Dynamic: 0 RPS (Daily: 1732/500000)
2025-08-06 15:26:00,387 - MOTHistoryImport - INFO - API Rate - Legacy: 0.28 RPS, Dynamic: 0 RPS (Daily: 1742/500000)
2025-08-06 15:26:41,634 - MOTHistoryImport - INFO - API Rate - Legacy: 0.27 RPS, Dynamic: 0 RPS (Daily: 1752/500000)
2025-08-06 15:27:20,720 - MOTHistoryImport - INFO - API Rate - Legacy: 0.27 RPS, Dynamic: 0 RPS (Daily: 1762/500000)
2025-08-06 15:27:59,580 - MOTHistoryImport - INFO - API Rate - Legacy: 0.28 RPS, Dynamic: 0 RPS (Daily: 1772/500000)
2025-08-06 15:28:39,785 - MOTHistoryImport - INFO - API Rate - Legacy: 0.26 RPS, Dynamic: 0 RPS (Daily: 1782/500000)
2025-08-06 15:29:21,393 - MOTHistoryImport - INFO - API Rate - Legacy: 0.26 RPS, Dynamic: 0 RPS (Daily: 1792/500000)
2025-08-06 15:29:54,929 - MOTHistoryImport - INFO - Bulk inserting 100 vehicle records...
2025-08-06 15:29:55,444 - MOTHistoryImport - INFO - Successfully bulk inserted 100 vehicle records
2025-08-06 15:29:55,444 - MOTHistoryImport - INFO - Bulk inserting 410 test records...
2025-08-06 15:29:55,740 - MOTHistoryImport - ERROR - Failed to bulk insert test data: ('23000', "[23000] [Microsoft][ODBC SQL Server Driver][SQL Server]Violation of PRIMARY KEY constraint 'PK_StageMOTTests'. Cannot insert duplicate key in object 'dbo.StageMOTTests'. The duplicate key value is (576EB9D5AF68811F086480463F4DC1F6EFCFA9729E655EAA152D94BD8FBBFC72). (2627) (SQLExecDirectW); [23000] [Microsoft][ODBC SQL Server Driver][SQL Server]The statement has been terminated. (3621)")
2025-08-06 15:29:55,743 - MOTHistoryImport - ERROR - Failed to bulk insert test data
2025-08-06 15:29:55,743 - MOTHistoryImport - ERROR - Failed to commit bulk batch: Bulk test insert failed
2025-08-06 15:29:55,756 - MOTHistoryImport - ERROR - Import process failed: Bulk test insert failed
2025-08-06 15:29:55,819 - MOTHistoryImport - ERROR - Traceback: Traceback (most recent call last):
  File "y:\Engineering\GOV API Data\MOT History\Python Files\GOV_API_MOTHistory_Import.py", line 1605, in run_import
    self.logger.error("Failed to bulk insert not found registrations")
  File "y:\Engineering\GOV API Data\MOT History\Python Files\GOV_API_MOTHistory_Import.py", line 1517, in process_batch_bulk
    self.logger.info(f"Registration {registration} logged as not found")
Exception: Bulk test insert failed

2025-08-06 15:29:55,828 - MOTHistoryImport - INFO - Database connection closed
