2025-08-04 14:58:02,875 - MOTHistoryImport - INFO - Logging initialized. Log file: Logs\mot_history_import_20250804_145802.log
2025-08-04 14:58:02,891 - MOTHistoryImport - INFO - Configuration loaded: {'database': {'server': 'MLNOESQLUAT01', 'database': 'Engineering', 'trusted_connection': True}, 'files': {'input_csv_file': 'vehicle_registrations_new.csv', 'log_directory': 'Logs'}, 'processing': {'batch_size': 100, 'request_timeout': 30, 'max_retries': 3}, 'logging': {'log_level': 'INFO'}, 'security': {'client_id_from_env': True, 'client_secret_from_env': True, 'api_key_from_env': True, 'db_password_from_env': False}}
2025-08-04 14:58:03,075 - MOTHistoryImport - INFO - JSON data logging initialized. File: Logs\mot_history_data_20250804_145802.json
2025-08-04 14:58:03,092 - MOTHistoryImport - INFO - Starting MOT History Data Import (Bulk Mode)
2025-08-04 14:58:03,108 - MOTHistoryImport - INFO - Establishing database connection...
2025-08-04 14:58:03,492 - MOTHistoryImport - INFO - Database connection established successfully
2025-08-04 14:58:03,527 - MOTHistoryImport - INFO - Truncating table: StageMOTVehicles
2025-08-04 14:58:03,603 - MOTHistoryImport - INFO - Successfully truncated table: StageMOTVehicles
2025-08-04 14:58:03,626 - MOTHistoryImport - INFO - Truncating table: StageMOTTests
2025-08-04 14:58:03,708 - MOTHistoryImport - INFO - Successfully truncated table: StageMOTTests
2025-08-04 14:58:03,742 - MOTHistoryImport - INFO - Truncating table: StageMOTDefects
2025-08-04 14:58:03,833 - MOTHistoryImport - INFO - Successfully truncated table: StageMOTDefects
2025-08-04 14:58:03,858 - MOTHistoryImport - INFO - Truncating table: StageMOTVehiclesNotFound
2025-08-04 14:58:03,919 - MOTHistoryImport - INFO - Successfully truncated table: StageMOTVehiclesNotFound
2025-08-04 14:58:03,945 - MOTHistoryImport - INFO - Reading vehicle registrations from SQL Server view
2025-08-04 14:58:03,993 - MOTHistoryImport - INFO - Establishing database connection...
2025-08-04 14:58:04,294 - MOTHistoryImport - INFO - Database connection established successfully
2025-08-04 14:58:04,425 - MOTHistoryImport - INFO - Read 2287 vehicle registrations from SQL Server
2025-08-04 14:58:04,442 - MOTHistoryImport - INFO - Processing batch 1/23 (100 registrations)
2025-08-04 14:58:04,475 - MOTHistoryImport - INFO - Requesting new OAuth2 token...
2025-08-04 14:58:04,691 - MOTHistoryImport - INFO - OAuth2 token obtained successfully
2025-08-04 14:58:15,932 - MOTHistoryImport - INFO - API Rate - Legacy: 0.97 RPS, Dynamic: 0 RPS (Daily: 0/500000)
2025-08-04 14:58:29,685 - MOTHistoryImport - INFO - API Rate - Legacy: 0.83 RPS, Dynamic: 0 RPS (Daily: 0/500000)
2025-08-04 14:58:47,593 - MOTHistoryImport - INFO - API Rate - Legacy: 0.71 RPS, Dynamic: 0 RPS (Daily: 0/500000)
2025-08-04 14:59:05,558 - MOTHistoryImport - INFO - Database connection closed
