2025-08-04 15:04:18,791 - MOTHistoryImport - INFO - Logging initialized. Log file: Logs\mot_history_import_20250804_150418.log
2025-08-04 15:04:18,808 - MOTHistoryImport - INFO - Configuration loaded: {'database': {'server': 'MLNOESQLUAT01', 'database': 'Engineering', 'trusted_connection': True}, 'files': {'input_csv_file': 'vehicle_registrations_new.csv', 'log_directory': 'Logs'}, 'processing': {'batch_size': 100, 'request_timeout': 30, 'max_retries': 3}, 'logging': {'log_level': 'INFO'}, 'security': {'client_id_from_env': True, 'client_secret_from_env': True, 'api_key_from_env': True, 'db_password_from_env': False}}
2025-08-04 15:04:19,042 - MOTHistoryImport - INFO - JSON data logging initialized. File: Logs\mot_history_data_20250804_150418.json
2025-08-04 15:04:19,086 - MOTHistoryImport - INFO - Starting MOT History Data Import (Bulk Mode)
2025-08-04 15:04:19,108 - MOTHistoryImport - INFO - Establishing database connection...
2025-08-04 15:04:19,507 - MOTHistoryImport - INFO - Database connection established successfully
2025-08-04 15:04:19,548 - MOTHistoryImport - INFO - Truncating table: StageMOTVehicles
2025-08-04 15:04:19,632 - MOTHistoryImport - INFO - Successfully truncated table: StageMOTVehicles
2025-08-04 15:04:19,658 - MOTHistoryImport - INFO - Truncating table: StageMOTTests
2025-08-04 15:04:19,725 - MOTHistoryImport - INFO - Successfully truncated table: StageMOTTests
2025-08-04 15:04:19,775 - MOTHistoryImport - INFO - Truncating table: StageMOTDefects
2025-08-04 15:04:19,842 - MOTHistoryImport - INFO - Successfully truncated table: StageMOTDefects
2025-08-04 15:04:19,879 - MOTHistoryImport - INFO - Truncating table: StageMOTVehiclesNotFound
2025-08-04 15:04:19,959 - MOTHistoryImport - INFO - Successfully truncated table: StageMOTVehiclesNotFound
2025-08-04 15:04:20,006 - MOTHistoryImport - INFO - Reading vehicle registrations from SQL Server view
2025-08-04 15:04:20,041 - MOTHistoryImport - INFO - Establishing database connection...
2025-08-04 15:04:20,326 - MOTHistoryImport - INFO - Database connection established successfully
2025-08-04 15:04:20,481 - MOTHistoryImport - INFO - Read 2285 vehicle registrations from SQL Server
2025-08-04 15:04:20,508 - MOTHistoryImport - INFO - Processing batch 1/23 (100 registrations)
2025-08-04 15:04:20,529 - MOTHistoryImport - INFO - Requesting new OAuth2 token...
2025-08-04 15:04:20,725 - MOTHistoryImport - INFO - OAuth2 token obtained successfully
2025-08-04 15:04:32,209 - MOTHistoryImport - INFO - API Rate - Legacy: 0.94 RPS, Dynamic: 0 RPS (Daily: 0/500000)
2025-08-04 15:04:46,236 - MOTHistoryImport - INFO - API Rate - Legacy: 0.81 RPS, Dynamic: 0 RPS (Daily: 0/500000)
2025-08-04 15:05:04,058 - MOTHistoryImport - INFO - API Rate - Legacy: 0.71 RPS, Dynamic: 0 RPS (Daily: 0/500000)
2025-08-04 15:05:15,482 - MOTHistoryImport - INFO - Database connection closed
