2025-08-04 14:55:24,887 - MOTHistoryImport - INFO - Logging initialized. Log file: Logs\mot_history_import_20250804_145524.log
2025-08-04 14:55:24,903 - MOTHistoryImport - INFO - Configuration loaded: {'database': {'server': 'MLNOESQLUAT01', 'database': 'Engineering', 'trusted_connection': True}, 'files': {'input_csv_file': 'vehicle_registrations_new.csv', 'log_directory': 'Logs'}, 'processing': {'batch_size': 100, 'request_timeout': 30, 'max_retries': 3}, 'logging': {'log_level': 'INFO'}, 'security': {'client_id_from_env': True, 'client_secret_from_env': True, 'api_key_from_env': True, 'db_password_from_env': False}}
2025-08-04 14:55:25,109 - MOTHistoryImport - INFO - JSON data logging initialized. File: Logs\mot_history_data_20250804_145524.json
2025-08-04 14:55:25,127 - MOTHistoryImport - INFO - Starting MOT History Data Import (Bulk Mode)
2025-08-04 14:55:25,141 - MOTHistoryImport - INFO - Establishing database connection...
2025-08-04 14:55:25,550 - MOTHistoryImport - INFO - Database connection established successfully
2025-08-04 14:55:25,566 - MOTHistoryImport - INFO - Truncating table: StageMOTVehicles
2025-08-04 14:55:25,627 - MOTHistoryImport - INFO - Successfully truncated table: StageMOTVehicles
2025-08-04 14:55:25,658 - MOTHistoryImport - INFO - Truncating table: StageMOTTests
2025-08-04 14:55:25,735 - MOTHistoryImport - INFO - Successfully truncated table: StageMOTTests
2025-08-04 14:55:25,775 - MOTHistoryImport - INFO - Truncating table: StageMOTDefects
2025-08-04 14:55:25,862 - MOTHistoryImport - INFO - Successfully truncated table: StageMOTDefects
2025-08-04 14:55:25,910 - MOTHistoryImport - INFO - Truncating table: StageMOTVehiclesNotFound
2025-08-04 14:55:25,975 - MOTHistoryImport - INFO - Successfully truncated table: StageMOTVehiclesNotFound
2025-08-04 14:55:25,991 - MOTHistoryImport - INFO - Reading vehicle registrations from SQL Server view
2025-08-04 14:55:26,042 - MOTHistoryImport - INFO - Establishing database connection...
2025-08-04 14:55:26,328 - MOTHistoryImport - INFO - Database connection established successfully
2025-08-04 14:55:26,458 - MOTHistoryImport - INFO - Read 2287 vehicle registrations from SQL Server
2025-08-04 14:55:26,497 - MOTHistoryImport - INFO - Processing batch 1/23 (100 registrations)
2025-08-04 14:55:26,514 - MOTHistoryImport - INFO - Requesting new OAuth2 token...
2025-08-04 14:55:26,658 - MOTHistoryImport - INFO - OAuth2 token obtained successfully
2025-08-04 14:55:38,092 - MOTHistoryImport - INFO - API Rate - Legacy: 0.96 RPS, Dynamic: 1 RPS (Daily: 10/500000)
2025-08-04 14:55:52,008 - MOTHistoryImport - INFO - API Rate - Legacy: 0.82 RPS, Dynamic: 1 RPS (Daily: 20/500000)
2025-08-04 14:56:09,875 - MOTHistoryImport - INFO - API Rate - Legacy: 0.71 RPS, Dynamic: 1 RPS (Daily: 30/500000)
2025-08-04 14:56:15,023 - MOTHistoryImport - INFO - Database connection closed
